-0.6
-0.52
-0.6
-0.6
-0.52
-0.68
-0.68
-0.76
-0.76
-0.68
-0.68
-0.6
-0.68
-0.6
-0.68
-0.68
-0.6
-0.68
-0.6
-0.6
-0.52
-0.68
-0.52
-0.76
-0.52
-0.6
-0.6
-0.76
-0.6
-0.68
-0.52
-0.6
-0.36
-0.44
-0.52
-0.52
-0.6
-0.76
-0.6
-0.6
-0.44
-0.6
-0.76
-0.52
-0.52
-0.68
-0.6
-0.44
-0.44
-0.44
-0.44
-0.68
-0.68
-0.44
-0.52
-0.36
-0.52
-0.68
-0.6
-0.28
-0.52
-0.28
-0.52
-0.44
-0.52
-0.44
-0.52
-0.6
-0.6
-0.6
-0.44
-0.44
-0.6
-0.68
-0.68
-0.76
-0.76
-0.84
-0.6
-0.6
-0.68
-0.6
-0.6
-0.44
-0.52
-0.6
-0.52
-0.68
-0.6
-0.52
-0.52
-0.44
-0.52
-0.52
-0.6
-0.6
-0.44
-0.52
-0.6
-0.6
-0.68
-0.84
-0.76
-0.44
-0.68
-0.84
-0.84
-0.6
-0.52
-0.68
-0.6
-0.52
-0.6
-0.6
-0.6
-0.6
-0.76
-0.68
-0.52
-0.6
-0.68
-0.76
-0.68
-0.84
-0.6
-0.6
-0.6
-0.44
-0.44
-0.44
-0.6
-0.6
-0.6
-0.44
-0.52
-0.6
-0.52
-0.44
-0.6
-0.6
-0.6
-0.6
-0.44
-0.6
-0.52
-0.6
-0.68
-0.6
-0.44
-0.52
-0.52
-0.6
-0.52
-0.44
-0.52
-0.36
-0.44
-0.52
-0.36
-0.44
-0.44
-0.36
-0.6
-0.6
-0.68
-0.76
-0.68
-0.68
-0.68
-0.76
-0.76
-0.68
-0.52
-0.6
-0.52
-0.68
-0.6
-0.6
-0.6
-0.6
-0.36
-0.52
-0.52
-0.52
-0.36
-0.6
-0.84
-0.84
-0.92
-0.76
-0.68
-0.6
-0.52
-0.44
-0.44
-0.28
-0.44
-0.68
-0.6
-0.68
-0.44
-0.44
-0.6
-0.68
-0.76
-0.6
-0.52
-0.52
-0.44
-0.44
-0.44
-0.68
-0.76
-0.68
-0.76
-0.6
-0.52
-0.36
-0.6
-0.52
-0.52
-0.52
-0.6
-0.6
-0.44
-0.44
-0.52
-0.44
-0.36
-0.44
-0.68
-0.6
-0.68
-0.6
-0.52
-0.2
-0.44
-0.36
-0.36
-0.44
-0.28
-0.44
-0.44
-0.6
-0.68
-0.6
-0.6
-0.52
-0.76
-0.52
-0.6
-0.44
-0.52
-0.44
-0.52
-0.76
-0.44
-0.6
-0.68
-0.68
-0.6
-0.44
-0.52
-0.68
-0.52
-0.68
-0.52
-0.36
-0.36
-0.44
-0.6
-0.52
-0.52
-0.6
-0.6
-0.52
-0.76
-0.68
-0.6
-0.44
-0.44
-0.28
-0.36
-0.52
-0.44
-0.52
-0.52
-0.52
-0.52
-0.44
-0.36
-0.36
-0.44
-0.44
-0.44
-0.44
-0.44
-0.68
-0.6
-0.52
-0.44
-0.36
-0.44
-0.6
-0.52
-0.36
-0.76
-0.68
-0.68
-0.28
-0.68
-0.52
-0.52
-0.68
-0.6
-0.52
-0.68
-0.68
-0.44
-0.36
-0.6
-0.68
-0.68
-0.68
-0.44
-0.6
-0.6
-0.52
-0.52
-0.52
-0.52
-0.36
-0.52
-0.44
-0.6
-0.6
-0.6
-0.52
-0.6
-0.68
-0.52
-0.6
-0.6
-0.6
-0.68
-0.44
-0.6
-0.52
-0.52
-0.6
-0.68
-0.76
-0.6
-0.52
-0.44
-0.68
-0.52
-0.52
-0.52
-0.68
-0.44
-0.52
-0.52
-0.6
-0.44
-0.6
-0.6
-0.6
-0.52
-0.68
-0.68
-0.52
-0.6
-0.6
-0.44
-0.52
-0.6
-0.44
-0.52
-0.52
-0.68
-0.6
-0.6
-0.6
-0.68
-0.68
-0.44
-0.28
-0.6
-0.6
-0.76
-0.76
-0.68
-0.76
-0.68
-0.76
-0.76
-0.6
-0.76
-0.68
-0.52
-0.6
-0.52
-0.6
-0.44
-0.6
-0.68
-0.6
-0.6
-0.68
-0.68
-0.76
-0.84
-0.68
-0.6
-0.68
-0.76
-0.68
-0.68
-0.52
-0.6
-0.52
-0.6
-0.52
-0.68
-0.68
-0.52
-0.6
-0.68
-0.44
-0.68
-0.52
-0.52
-0.36
-0.52
-0.6
-0.52
-0.52
-0.6
-0.52
-0.52
-0.52
-0.68
-0.68
-0.6
-0.44
-0.28
-0.28
-0.52
-0.68
-0.44
-0.28
-0.44
-0.68
-0.6
-0.6
-0.6
-0.68
-0.52
-0.68
-0.68
-0.68
-0.68
-0.68
-0.6
-0.68
-0.68
-0.6
-0.68
-0.68
-0.68
-0.68
-0.76
-0.52
-0.44
-0.52
-0.52
-0.44
-0.68
-0.44
-0.6
-0.76
-0.52
-0.36
-0.52
-0.6
-0.44
-0.6
-0.6
-0.68
-0.76
-0.68
-0.68
-0.68
-0.68
-0.52
-0.44
-0.36
-0.6
-0.68
-0.52
-0.44
-0.52
-0.68
-0.76
-0.76
-0.76
-0.68
-0.52
-0.6
-0.6
-0.52
-0.6
-0.6
-0.6
-0.52
-0.6
-0.68
-0.44
-0.68
-0.52
-0.44
-0.68
-0.76
-0.84
-0.68
-0.76
-0.6
-0.68
-0.68
-0.6
-0.6
-0.52
-0.52
-0.52
-0.36
-0.6
-0.6
-0.52
-0.52
-0.6
-0.52
-0.36
-0.44
-0.6
-0.6
-0.52
-0.6
-0.52
-0.44
-0.36
-0.52
-0.52
-0.84
-0.52
-0.52
-0.68
-0.36
-0.36
-0.6
-0.6
-0.6
-0.52
-0.44
-0.68
-0.52
-0.52
-0.44
-0.52
-0.52
-0.52
-0.68
-0.52
-0.52
-0.6
-0.6
-0.68
-0.76
-0.28
-0.36
-0.6
-0.68
-0.52
-0.6
-0.52
-0.6
-0.52
-0.52
-0.6
-0.52
-0.6
-0.6
-0.6
-0.76
-0.68
-0.68
-0.76
-0.68
-0.52
-0.6
-0.68
-0.68
-0.6
-0.68
-0.84
-0.68
-0.6
-0.52
-0.44
-0.52
-0.6
-0.52
-0.68
-0.68
-0.76
-0.76
-0.68
-0.28
-0.68
-0.68
-0.6
-0.52
-0.44
-0.52
-0.44
-0.68
-0.6
-0.52
-0.6
-0.6
-0.68
-0.6
-0.44
-0.52
-0.44
-0.28
-0.6
-0.68
-0.52
-0.52
-0.6
-0.68
-0.6
-0.6
-0.52
-0.6
-0.6
-0.44
-0.36
-0.36
-0.6
-0.76
-0.76
-0.76
-0.76
-0.52
-0.44
-0.44
-0.6
-0.52
-0.36
-0.52
-0.68
-0.68
-0.68
-0.68
-0.52
-0.52
-0.68
-0.6
-0.44
-0.52
-0.36
-0.52
-0.52
-0.6
-0.44
-0.44
-0.36
-0.52
-0.6
-0.6
-0.6
-0.76
-0.44
-0.6
-0.52
-0.52
-0.76
-0.68
-0.6
-0.52
-0.44
-0.28
-0.28
-0.52
-0.52
-0.6
-0.6
-0.6
-0.36
-0.36
-0.6
-0.52
-0.52
-0.6
-0.44
-0.44
-0.36
-0.52
-0.36
-0.44
-0.44
-0.6
-0.6
-0.52
-0.36
-0.6
-0.52
-0.44
-0.44
-0.52
-0.44
-0.6
-0.68
-0.76
-0.76
-0.76
-0.68
-0.52
-0.44
-0.52
-0.52
-0.44
-0.68
-0.6
-0.52
-0.52
-0.52
-0.6
-0.6
-0.44
-0.6
-0.52
-0.68
-0.84
-0.68
-0.6
-0.44
-0.52
-0.6
-0.68
-0.52
-0.68
-0.68
-0.44
-0.6
-0.52
-0.44
-0.44
-0.52
-0.52
-0.68
-0.68
-0.52
-0.6
-0.6
-0.44
-0.52
-0.52
-0.52
-0.52
-0.52
-0.6
-0.68
-0.6
-0.52
-0.52
-0.52
-0.68
-0.6
-0.6
-0.68
-0.6
-0.52
-0.44
-0.6
-0.52
-0.6
-0.52
-0.6
-0.36
-0.52
-0.6
-0.6
-0.6
-0.68
-0.6
-0.68
-0.76
-0.76
-0.6
-0.6
-0.68
-0.6
-0.68
-0.68
-0.68
-0.52
-0.52
-0.52
-0.52
-0.68
-0.68
-0.68
-0.52
-0.68
-0.44
-0.6
-0.36
-0.52
-0.52
-0.44
-0.52
-0.6
-0.76
-0.76
-0.52
-0.52
-0.6
-0.36
-0.36
-0.36
-0.44
-0.52
-0.52
-0.52
-0.44
-0.6
-0.68
-0.68
-0.44
-0.52
-0.44
-0.68
-0.6
-0.52
-0.6
-0.52
-0.68
-0.6
-0.6
-0.6
-0.52
-0.6
-0.52
-0.36
-0.68
-0.52
-0.36
-0.36
-0.52
-0.6
-0.6
-0.52
-0.6
-0.68
-0.6
-0.52
-0.6
-0.44
-0.6
-0.44
-0.52
-0.6
-0.52
-0.6
-0.6
-0.6
-0.6
-0.6
-0.76
-0.44
-0.68
-0.44
-0.2
-0.44
-0.68
-0.52
-0.52
-0.68
-0.6
-0.52
-0.6
-0.52
-0.6
-0.52
-0.44
-0.68
-0.6
-0.52
-0.44
-0.6
-0.68
-0.52
-0.68
-0.52
-0.44
-0.6
-0.6
-0.52
-0.6
-0.44
-0.28
-0.44
-0.6
-0.44
-0.68
-0.6
-0.52
-0.36
-0.6
-0.76
-0.76
-0.76
-0.6
-0.76
-0.76
-0.68
-0.76
-0.84
-0.76
-0.76
-0.52
-0.68
-0.68
-0.68
-0.68
-0.68
-0.6
-0.6
-0.44
-0.6
-0.6
-0.76
-0.6
-0.68
-0.6
-0.68
-0.76
-0.68
-0.68
-0.6
-0.52
-0.68
-0.6
-0.68
-0.68
-0.68
-0.44
-0.44
-0.68
-0.6
-0.52
-0.68
-0.68
-0.6
-0.76
-0.76
-0.68
-0.84
-0.6
-0.6
-0.6
-0.6
-0.68
-0.76
-0.76
-0.68
-0.76
-0.6
-0.68
-0.68
-0.6
-0.68
-0.44
-0.52
-0.52
-0.52
-0.52
-0.52
-0.6
-0.44
-0.52
-0.68
-0.68
-0.84
-0.52
-0.44
-0.6
-0.5256
-0.4424
-0.6016
-0.6024
-0.6008
-0.6792
-0.5944
-0.6752
-0.6768
-0.596
-0.7488
-0.5128
-0.5984
-0.6048
-0.6832
-0.6832
-0.6848
-0.6896
-0.6096
-0.768
-0.6072
-0.4448
-0.6064
-0.6088
-0.6032
-0.6824
-0.6864
-0.8488
-0.688
-0.6896
-0.6888
-0.7664
-0.5272
-0.6064
-0.6888
-0.6072
-0.7656
-0.9216
-0.7608
-0.6816
-0.5224
-0.5256
-0.6824
-0.5272
-0.5232
-0.6048
-0.688
-0.5256
-0.5272
-0.5304
-0.528
-0.6904
-0.7728
-0.6056
-0.5216
-0.4416
-0.5952
-0.6736
-0.516
-0.2816
-0.5256
-0.28
-0.4384
-0.364
-0.5184
-0.2848
-0.5208
-0.6
-0.596
-0.5928
-0.516
-0.5224
-0.6024
-0.6888
-0.6928
-0.6928
-0.7736
-0.6928
-0.6072
-0.6816
-0.7576
-0.516
-0.5952
-0.436
-0.5152
-0.4312
-0.5976
-0.6032
-0.524
-0.5288
-0.5304
-0.3672
-0.6872
-0.6864
-0.6864
-0.6016
-0.5216
-0.684
-0.5984
-0.6816
-0.6856
-0.7704
-0.6904
-0.4496
-0.7704
-0.772
-0.772
-0.6072
-0.5232
-0.6016
-0.6816
-0.5216
-0.6
-0.5208
-0.6016
-0.6024
-0.8432
-0.6824
-0.5264
-0.6104
-0.6864
-0.688
-0.6904
-0.7728
-0.6056
-0.604
-0.4408
-0.4416
-0.5216
-0.5264
-0.5264
-0.4408
-0.5984
-0.6048
-0.5232
-0.6768
-0.6736
-0.5176
-0.524
-0.6064
-0.6072
-0.6064
-0.3656
-0.4448
-0.6064
-0.692
-0.7744
-0.6928
-0.7696
-0.692
-0.604
-0.6856
-0.6096
-0.4464
-0.4488
-0.528
-0.4432
-0.52
-0.5168
-0.5184
-0.516
-0.5232
-0.6056
-0.604
-0.8496
-0.7704
-0.6888
-0.7688
-0.7688
-0.768
-0.7696
-0.772
-0.5296
-0.6928
-0.6144
-0.6896
-0.6072
-0.604
-0.5184
-0.5192
-0.4384
-0.5216
-0.5256
-0.4408
-0.4408
-0.524
-0.688
-0.6864
-0.8496
-0.688
-0.6088
-0.5256
-0.528
-0.448
-0.4416
-0.3672
-0.4408
-0.592
-0.5928
-0.6744
-0.4344
-0.36
-0.5112
-0.6744
-0.7568
-0.516
-0.4328
-0.6024
-0.6
-0.5168
-0.512
-0.7584
-0.7616
-0.5976
-0.7608
-0.5224
-0.4392
-0.2784
-0.5952
-0.4368
-0.5168
-0.4416
-0.5976
-0.5904
-0.3528
-0.5144
-0.6696
-0.5888
-0.5128
-0.5136
-0.752
-0.6728
-0.752
-0.6688
-0.5128
-0.2744
-0.2784
-0.3616
-0.4384
-0.5272
-0.3656
-0.5232
-0.5192
-0.6048
-0.5232
-0.5256
-0.5248
-0.44
-0.7592
-0.5192
-0.6
-0.604
-0.604
-0.6064
-0.5272
-0.6024
-0.3568
-0.6736
-0.6704
-0.6792
-0.68
-0.5216
-0.5192
-0.5968
-0.4368
-0.6008
-0.4448
-0.4472
-0.368
-0.4488
-0.6896
-0.6096
-0.5296
-0.5296
-0.6928
-0.6096
-0.7728
-0.7752
-0.6936
-0.532
-0.4464
-0.3544
-0.3624
-0.5192
-0.5216
-0.5184
-0.524
-0.6056
-0.6824
-0.4384
-0.4336
-0.436
-0.5984
-0.5184
-0.516
-0.4336
-0.4368
-0.6024
-0.5184
-0.4384
-0.3624
-0.3624
-0.3616
-0.5208
-0.5216
-0.36
-0.6776
-0.596
-0.52
-0.2824
-0.608
-0.604
-0.4384
-0.5984
-0.5224
-0.4416
-0.5192
-0.6
-0.5256
-0.604
-0.6032
-0.6832
-0.848
-0.768
-0.6048
-0.6928
-0.7712
-0.5272
-0.4456
-0.3624
-0.6
-0.4376
-0.6744
-0.596
-0.6016
-0.3608
-0.4368
-0.5152
-0.592
-0.7528
-0.5136
-0.5232
-0.6056
-0.6032
-0.6032
-0.528
-0.5232
-0.528
-0.5248
-0.684
-0.7656
-0.7656
-0.6008
-0.5992
-0.4384
-0.6
-0.4416
-0.5976
-0.6048
-0.76
-0.5992
-0.6752
-0.5992
-0.76
-0.6792
-0.6776
-0.7592
-0.6768
-0.52
-0.7576
-0.7592
-0.5168
-0.6032
-0.6816
-0.6024
-0.5208
-0.5232
-0.4416
-0.6048
-0.6056
-0.5208
-0.5952
-0.4328
-0.5936
-0.5936
-0.592
-0.5144
-0.3576
-0.6016
-0.5168
-0.6792
-0.5952
-0.7528
-0.6736
-0.7568
-0.8432
-0.8408
-0.6008
-0.8456
-0.6848
-0.6008
-0.6024
-0.6024
-0.5968
-0.5168
-0.516
-0.5968
-0.5976
-0.684
-0.768
-0.7704
-0.7688
-0.8496
-0.6856
-0.52
-0.6016
-0.6024
-0.5144
-0.7496
-0.5112
-0.5944
-0.516
-0.5976
-0.6
-0.7568
-0.5928
-0.4392
-0.5984
-0.684
-0.5192
-0.7592
-0.4376
-0.5152
-0.3584
-0.5192
-0.6784
-0.5968
-0.516
-0.596
-0.5912
-0.6728
-0.5888
-0.748
-0.668
-0.5928
-0.5152
-0.4384
-0.3632
-0.4376
-0.6824
-0.6088
-0.3608
-0.5168
-0.516
-0.5136
-0.5936
-0.6728
-0.756
-0.5976
-0.596
-0.5976
-0.4384
-0.5272
-0.6024
-0.6032
-0.4432
-0.4432
-0.5224
-0.524
-0.7632
-0.6824
-0.688
-0.8464
-0.6848
-0.5256
-0.5248
-0.4464
-0.4464
-0.5184
-0.52
-0.5248
-0.6912
-0.612
-0.3672
-0.5264
-0.5288
-0.364
-0.52
-0.5976
-0.6
-0.7672
-0.6856
-0.768
-0.772
-0.776
-0.5304
-0.4448
-0.3656
-0.5256
-0.604
-0.444
-0.4456
-0.448
-0.6112
-0.7744
-0.7712
-0.6928
-0.692
-0.4496
-0.6024
-0.6048
-0.6032
-0.6048
-0.4392
-0.4384
-0.5256
-0.5224
-0.5984
-0.5176
-0.5168
-0.3584
-0.3544
-0.5184
-0.5984
-0.764
-0.6816
-0.6768
-0.5968
-0.7552
-0.7568
-0.6752
-0.5216
-0.4432
-0.4416
-0.5184
-0.4392
-0.5976
-0.604
-0.5216
-0.524
-0.5248
-0.4448
-0.432
-0.44
-0.5216
-0.6
-0.4416
-0.68
-0.5952
-0.5168
-0.4416
-0.5984
-0.5168
-0.7608
-0.6008
-0.516
-0.6832
-0.4464
-0.5224
-0.5968
-0.5112
-0.512
-0.596
-0.6808
-0.7632
-0.6808
-0.5992
-0.524
-0.6824
-0.7616
-0.7608
-0.7584
-0.516
-0.5992
-0.6808
-0.6008
-0.5256
-0.604
-0.2
-0.4416
-0.68
-0.68
-0.6008
-0.68
-0.6832
-0.6864
-0.7648
-0.6792
-0.684
-0.676
-0.7544
-0.5944
-0.5896
-0.748
-0.588
-0.5928
-0.7512
-0.5968
-0.5936
-0.5976
-0.6024
-0.6016
-0.524
-0.6008
-0.7632
-0.6064
-0.5296
-0.6888
-0.6088
-0.5248
-0.6072
-0.608
-0.772
-0.7752
-0.8568
-0.856
-0.7752
-0.368
-0.4496
-0.5248
-0.6072
-0.6064
-0.4488
-0.5248
-0.4448
-0.684
-0.7696
-0.6872
-0.5216
-0.448
-0.6008
-0.5216
-0.6064
-0.6848
-0.436
-0.2808
-0.6008
-0.76
-0.6856
-0.6008
-0.6776
-0.6792
-0.68
-0.6008
-0.3616
-0.524
-0.6104
-0.4472
-0.3648
-0.3616
-0.516
-0.6784
-0.7624
-0.7616
-0.688
-0.5264
-0.5264
-0.5248
-0.6888
-0.6112
-0.6128
-0.6088
-0.7736
-0.6088
-0.6064
-0.604
-0.5208
-0.5216
-0.6896
-0.6088
-0.5248
-0.6048
-0.3656
-0.6896
-0.6088
-0.612
-0.6104
-0.4496
-0.3664
-0.4464
-0.528
-0.764
-0.6856
-0.6824
-0.52
-0.8376
-0.6016
-0.6808
-0.8408
-0.68
-0.7576
-0.5976
-0.6024
-0.4472
-0.5224
-0.6832
-0.6832
-0.7624
-0.7648
-0.7656
-0.5232
-0.5208
-0.6872
-0.604
-0.6824
-0.84
-0.7616
-0.6848
-0.608
-0.5256
-0.4448
-0.52
-0.6752
-0.7528
-0.7512
-0.5136
-0.2744
-0.6768
-0.5176
-0.596
-0.5216
-0.6784
-0.6032
-0.6808
-0.6792
-0.7528
-0.7528
-0.6
-0.684
-0.604
-0.5224
-0.4464
-0.6096
-0.5264
-0.6848
-0.6024
-0.6056
-0.6024
-0.5216
-0.6016
-0.5992
-0.6024
-0.604
-0.5224
-0.6032
-0.684
-0.5224
-0.5192
-0.4384
-0.516
-0.5912
-0.596
-0.4376
-0.6784
-0.6784
-0.4424
-0.5216
-0.5232
-0.5208
-0.5208
-0.52
-0.4448
-0.604
-0.7656
-0.5208
-0.5176
-0.5968
-0.4344
-0.52
-0.4392
-0.5968
-0.5968
-0.676
-0.6784
-0.5968
-0.6776
-0.5184
-0.3624
-0.1984
-0.4416
-0.36
-0.5952
-0.7504
-0.7496
-0.5888
-0.5128
-0.5144
-0.5112
-0.5976
-0.5176
-0.6736
-0.4336
-0.6728
-0.5952
-0.7552
-0.752
-0.7528
-0.5152
-0.7584
-0.756
-0.7576
-0.6032
-0.5224
-0.4408
-0.3608
-0.5272
-0.6064
-0.68
-0.3568
-0.516
-0.4368
-0.4416
-0.6008
-0.608
-0.6088
-0.6864
-0.688
-0.524
-0.4448
-0.3608
-0.4456
-0.4472
-0.44
-0.5232
-0.6856
-0.7648
-0.8424
-0.6856
-0.6888
-0.6888
-0.4456
-0.3648
-0.4408
-0.4432
-0.4464
-0.6008
-0.6048
-0.2808
-0.6104
-0.6096
-0.6136
-0.2848
-0.4432
-0.5192
-0.7544
-0.592
-0.5976
-0.676
-0.44
-0.5232
-0.5176
-0.5184
-0.5168
-0.5152
-0.4312
-0.4296
-0.4336
-0.6696
-0.5896
-0.5904
-0.5184
-0.6
-0.5976
-0.5192
-0.4368
-0.596
-0.6752
-0.5952
-0.5232
-0.6048
-0.4416
-0.5992
-0.444
-0.4432
-0.5232
-0.4464
-0.5248
-0.4424
-0.5232
-0.6768
-0.5976
-0.7512
-0.4368
-0.6792
-0.6032
-0.5168
-0.4344
-0.6768
-0.5224
-0.5184
-0.5984
-0.5176
-0.5952
-0.5968
-0.5968
-0.676
-0.5976
-0.5216
-0.6008
-0.6032
-0.6064
-0.5272
-0.6064
-0.6816
-0.5192
-0.5968
-0.4336
-0.36
-0.5216
-0.5176
-0.4408
-0.516
-0.4376
-0.4384
-0.5232
-0.5248
-0.444
-0.5232
-0.528
-0.6064
-0.4448
-0.6888
-0.692
-0.7728
-0.768
-0.6048
-0.7632
-0.8416
-0.6064
-0.7648
-0.844
-0.684
-0.676
-0.516
-0.5944
-0.676
-0.6848
-0.7648
-0.764
-0.688
-0.6064
-0.4496
-0.6864
-0.6832
-0.7608
-0.5952
-0.6864
-0.604
-0.6056
-0.7664
-0.7688
-0.6064
-0.6072
-0.5272
-0.6072
-0.5992
-0.596
-0.5112
-0.6728
-0.5192
-0.4376
-0.5944
-0.5152
-0.44
-0.5232
-0.6848
-0.6848
-0.5208
-0.5216
-0.6024
-0.5984
-0.4424
-0.4416
-0.6808
-0.6
-0.684
-0.7648
-0.7672
-0.604
-0.6824
-0.4464
-0.4392
-0.6776
-0.5928
-0.6776
-0.5216
-0.5256
-0.528
-0.6
-0.5216
-0.6792
-0.7608
-0.4376
-0.6792
-0.6768
-0.7584
-0.7624
-0.6024
-0.5248
-0.5232
