-0.6
-0.68
-0.76
-0.76
-0.76
-0.76
-0.76
-0.84
-0.84
-0.84
-0.92
-0.92
-0.92
-0.92
-0.92
-0.92
-0.92
-0.92
-0.92
-0.92
-0.92
-0.92
-0.92
-0.92
-0.92
-0.92
-0.92
-0.92
-0.92
-0.92
-0.92
-0.92
-0.92
-0.92
-0.92
-0.92
-0.92
-0.92
-0.92
-0.92
-0.92
-0.84
-0.84
-0.84
-0.84
-0.92
-0.92
-0.92
-0.92
-0.92
-0.92
-0.92
-0.92
-0.92
-0.92
-0.92
-0.92
-0.92
-0.92
-0.92
-0.92
-0.92
-0.92
-0.92
-0.92
-0.92
-0.92
-0.92
-0.92
-0.92
-0.92
-0.92
-0.92
-0.92
-0.92
-0.92
-0.92
-0.92
-0.92
-0.84
-0.92
-0.92
-0.92
-0.92
-0.92
-0.92
-0.92
-0.92
-0.92
-0.92
-0.92
-0.92
-0.92
-0.92
-0.92
-0.92
-0.92
-0.92
-0.92
-0.92
-0.92
-0.92
-0.92
-0.92
-0.92
-0.92
-0.92
-0.92
-0.92
-0.92
-0.92
-0.92
-0.92
-0.92
-0.92
-0.92
-0.92
-0.92
-0.92
-0.92
-0.92
-0.92
-0.92
-0.92
-0.92
-0.92
-0.92
-0.92
-1
-1
-1
-1
-1
-1
-1
-1
-1
-1
-1
-1
-1
-1
-1
-1
-1
-1
-1
-1
-1
-1
-1
-1
-1
-1
-1
-1
-1
-1
-1
-1
-1
-1
-1
-1
-1
-1
-1
-1
-0.92
-0.92
-1
-1
-1
-1
-1
-1
-1
-1
-1
-1
-1
-1
-1
-1
-1
-1
-1
-1
-1
-1
-0.92
-1
-1
-1
-1
-1
-1
-1
-1
-1
-1
-1
-1
-1
-1
-1
-1
-1
-1
-1
-1
-1
-1
-1
-1
-1
-1
-1
-1
-1
-1
-1
-1
-1
-1
-1
-1
-1
-1
-1
-1
-1
-1
-1
-1
-1
-1
-1
-1
-1
-1
-1
-1
-1
-1
-1
-1
-1
-1
-1
-1
-1
-1
-1
-1
-1
-1
-1
-1
-1
-1
-1
-1
-1
-1
-1
-1
-1
-1
-1
-1
-1
-1
-1
-1
-1
-1
-1
-1
-1
-1
-1
-1
-1
-1
-1
-1
-1
-1
-1
-1
-1
-1
-1
-1
-1
-1
-1
-1
-1
-1
-1
-1
-1
-1
-1
-1
-1
-1
-1
-1
-1
-1
-1
-1
-1
-1
-1
-1
-1
-1
-1
-1
-1
-1
-1
-1
-1
-1
-1
-1
-1
-1
-1
-1
-1
-1
-1
-1
-1
-1
-1
-1
-1
-1
-1
-1
-1
-1
-1
-1
-1
-1
-1
-1
-1
-1
-1
-1
-1
-1
-1
-1
-1
-1
-1
-1
-1
-1
-1
-1
-1
-1
-1
-1
-1
-1
-1
-1
-1
-1
-1
-1
-1
-1
-1
-1
-1
-1
-1
-1
-1
-1
-1
-1
-1
-1
-1
-1
-1
-1
-1
-1
-1
-1
-1
-1
-1
-1
-1
-0.92
-1
-1
-1
-1
-1
-1
-1
-1
-1
-1
-1
-1
-1
-1
-1
-1
-1
-1
-1
-1
-1
-1
-1
-1
-1
-1
-1
-1
-1
-1
-1
-1
-1
-1
-1
-1
-1
-1
-1
-1
-1
-1
-1
-1
-1
-1
-1
-1
-1
-1
-1
-1
-1
-1
-1
-1
-1
-1
-1
-1
-1
-1
-1
-1
-1
-1
-1
-1
-1
-1
-1
-1
-1
-1
-1
-1
-1
-1
-1
-1
-1
-1
-1
-1
-1
-1
-1
-1
-1
-1
-1
-1
-1
-1
-1
-1
-1
-1
-1
-1
-1
-1
-1
-1
-1
-1
-1
-1
-1
-1
-1
-1
-1
-1
-1
-1
-1
-1
-1
-1
-1
-1
-1
-1
-1
-1
-1
-1
-1
-1
-1
-0.92
-0.92
-0.92
-0.92
-0.92
-0.92
-0.92
-0.92
-0.92
-0.92
-1
-1
-1
-1
-1
-1
-1
-1
-1
-1
-1
-1
-1
-1
-1
-1
-1
-1
-1
-1
-1
-1
-1
-1
-1
-1
-1
-1
-1
-1
-1
-1
-1
-1
-1
-1
-1
-1
-1
-1
-1
-1
-1
-1
-1
-1
-1
-1
-1
-1
-1
-1
-1
-1
-1
-1
-1
-1
-1
-1
-1
-1
-1
-1
-1
-1
-1
-1
-1
-1
-1
-1
-1
-1
-1
-1
-1
-1
-1
-1
-1
-1
-1
-1
-1
-1
-1
-1
-1
-1
-1
-1
-1
-1
-1
-1
-1
-1
-1
-1
-1
-1
-1
-1
-1
-1
-1
-0.92
-0.92
-1
-1
-1
-1
-1
-1
-1
-1
-1
-1
-1
-1
-1
-1
-1
-1
-1
-1
-1
-1
-1
-1
-0.92
-1
-1
-1
-1
-1
-1
-1
-1
-1
-1
-1
-1
-1
-1
-1
-1
-1
-1
-1
-1
-1
-1
-1
-1
-1
-1
-0.92
-0.92
-1
-1
-1
-1
-1
-1
-1
-1
-1
-1
-1
-1
-1
-1
-1
-1
-1
-1
-1
-1
-1
-1
-1
-1
-1
-1
-1
-1
-1
-1
-1
-1
-1
-1
-1
-1
-1
-1
-1
-1
-1
-1
-1
-1
-1
-1
-1
-1
-1
-1
-1
-1
-1
-1
-1
-1
-1
-1
-1
-1
-1
-1
-1
-1
-1
-1
-1
-1
-1
-1
-1
-1
-1
-1
-1
-1
-0.92
-1
-1
-1
-1
-1
-1
-1
-1
-1
-1
-1
-1
-1
-1
-1
-1
-1
-1
-1
-1
-1
-1
-1
-1
-1
-1
-1
-1
-1
-1
-1
-1
-1
-1
-1
-1
-1
-1
-1
-1
-1
-1
-1
-1
-1
-1
-1
-1
-1
-1
-1
-1
-1
-1
-1
-1
-1
-1
-1
-1
-1
-1
-1
-1
-1
-1
-1
-1
-1
-1
-1
-1
-1
-1
-1
-1
-1
-1
-1
-1
-1
-1
-1
-1
-1
-1
-1
-1
-1
-1
-1
-1
-1
-1
-1
-1
-1
-1
-1
-1
-1
-1
-1
-1
-1
-1
-1
-1
-1
-1
-1
-1
-1
-1
-1
-1
-1
-1
-1
-1
-1
-1
-1
-1
-1
-1
-1
-1
-1
-1
-1
-1
-1
-1
-1
-1
-1
-1
-1
-1
-1
-1
-1
-1
-1
-1
-1
-1
-1
-1
-1
-1
-1
-1
-1
-1
-1
-1
-1
-1
-1
-1
-1
-1
-1
-1
-1
-1
-1
-1
-1
-1
-1
-1
-1
-1
-1
-1
-1
-1
-1
-1
-1
-1
-1
-1
-1
-1
-1
-1
-1
-1
-1
-1
-1
-1
-1
-1
-1
-1
-1
-1
-1
-1
-1
-1
-1
-1
-1
-1
-1
-0.5264
-0.604
-0.7608
-0.7656
-0.848
-0.8472
-0.8472
-0.9272
-0.9288
-0.9304
-0.9304
-0.928
-0.924
-0.9232
-0.9232
-0.92
-0.8416
-0.9208
-0.9208
-0.9232
-0.9224
-0.9248
-0.9248
-0.9232
-0.9224
-0.9216
-0.9224
-0.9232
-0.9224
-0.9208
-0.92
-0.9184
-0.92
-0.9176
-0.9184
-0.92
-0.92
-0.9176
-0.9184
-0.9192
-0.92
-0.84
-0.8416
-0.8392
-0.8432
-0.9256
-0.9256
-0.9256
-0.9264
-0.9304
-0.932
-0.9304
-0.9288
-0.9312
-0.9312
-0.9304
-0.9288
-0.9312
-0.9296
-0.8496
-0.8472
-0.8448
-0.8472
-0.8472
-0.848
-0.8496
-0.9304
-0.932
-0.9328
-0.9328
-0.936
-0.9384
-0.9384
-0.9392
-1.02
-1.02
-1.02
-1.02
-1.02
-0.9392
-1.02
-1.02
-1.02
-1.02
-1.02
-1.02
-1.02
-1.02
-1.02
-1.02
-1.02
-1.02
-1.02
-1.02
-1.02
-1.02
-1.02
-1.02
-1.02
-1.02
-1.02
-1.02
-1.02
-1.02
-1.02
-1.02
-1.02
-1.02
-1.02
-1.02
-1.02
-1.02
-1.02
-1.02
-1.02
-1.02
-1.02
-1.02
-1.02
-1.02
-1.02
-1.02
-1.02
-1.02
-1.02
-1.02
-1.02
-1.02
-1.02
-1.02
-1.02
-1.02
-1.02
-1.02
-1.02
-1.02
-1.02
-1.02
-1.02
-1.02
-1.02
-1.02
-1.02
-1.02
-1.02
-1.02
-1.02
-1.02
-1.02
-1.02
-1.02
-1.02
-1.02
-1.02
-1.02
-1.02
-1.02
-1.02
-1.02
-1.02
-1.02
-1.02
-1.02
-1.02
-1.02
-1.02
-1.02
-1.02
-0.9392
-0.9384
-1.02
-1.02
-1.02
-1.02
-1.02
-1.02
-1.02
-1.02
-1.02
-1.02
-1.02
-1.02
-1.02
-1.02
-1.02
-1.02
-1.02
-1.02
-1.02
-1.02
-0.9392
-1.02
-1.02
-1.02
-1.02
-1.02
-1.02
-1.02
-1.02
-1.02
-1.02
-1.02
-1.02
-1.02
-1.02
-1.02
-1.02
-1.02
-1.02
-1.02
-1.02
-1.02
-1.02
-1.02
-1.02
-1.02
-1.02
-1.02
-1.02
-1.02
-1.02
-1.02
-1.02
-1.02
-1.02
-1.02
-1.02
-1.02
-1.02
-1.02
-1.02
-1.02
-1.02
-1.02
-1.02
-1.02
-1.02
-1.02
-1.02
-1.02
-1.02
-1.02
-1.02
-1.02
-1.02
-1.02
-1.02
-1.02
-1.02
-1.02
-1.02
-1.02
-1.02
-1.02
-1.02
-1.02
-1.02
-1.02
-1.02
-1.02
-1.02
-1.02
-1.02
-1.02
-1.02
-1.02
-1.02
-1.02
-1.02
-1.02
-1.02
-1.02
-1.02
-1.02
-1.02
-1.02
-1.02
-1.02
-1.02
-1.02
-1.02
-1.02
-1.02
-1.02
-1.02
-1.02
-1.02
-1.02
-1.02
-1.02
-1.02
-1.02
-1.02
-1.02
-1.02
-1.02
-1.02
-1.02
-1.02
-1.02
-1.02
-1.02
-1.02
-1.02
-1.02
-1.02
-1.02
-1.02
-1.02
-1.02
-1.02
-1.02
-1.02
-1.02
-1.02
-1.02
-1.02
-1.02
-1.02
-1.02
-1.02
-1.02
-1.02
-1.02
-1.02
-1.02
-1.02
-1.02
-1.02
-1.02
-1.02
-1.02
-1.02
-1.02
-1.02
-1.02
-1.02
-1.02
-1.02
-1.02
-1.02
-1.02
-1.02
-1.02
-1.02
-1.02
-1.02
-1.02
-1.02
-1.02
-1.02
-1.02
-1.02
-1.02
-1.02
-1.02
-1.02
-1.02
-1.02
-1.02
-1.02
-1.02
-1.02
-1.02
-1.02
-1.02
-1.02
-1.02
-1.02
-1.02
-1.02
-1.02
-1.02
-1.02
-1.02
-1.02
-1.02
-1.02
-1.02
-1.02
-1.02
-1.02
-1.02
-1.02
-1.02
-1.02
-1.02
-1.02
-1.02
-1.02
-1.02
-1.02
-1.02
-1.02
-1.02
-1.02
-1.02
-1.02
-1.02
-1.02
-1.02
-1.02
-1.02
-1.02
-1.02
-1.02
-1.02
-1.02
-1.02
-1.02
-0.9392
-1.02
-1.02
-1.02
-1.02
-1.02
-1.02
-1.02
-1.02
-1.02
-1.02
-1.02
-1.02
-1.02
-1.02
-1.02
-1.02
-1.02
-1.02
-1.02
-1.02
-1.02
-1.02
-1.02
-1.02
-1.02
-1.02
-1.02
-1.02
-1.02
-1.02
-1.02
-1.02
-1.02
-1.02
-1.02
-1.02
-1.02
-1.02
-1.02
-1.02
-1.02
-1.02
-1.02
-1.02
-1.02
-1.02
-1.02
-1.02
-1.02
-1.02
-1.02
-1.02
-1.02
-1.02
-1.02
-1.02
-1.02
-1.02
-1.02
-1.02
-1.02
-1.02
-1.02
-1.02
-1.02
-1.02
-1.02
-1.02
-1.02
-1.02
-1.02
-1.02
-1.02
-1.02
-1.02
-1.02
-1.02
-1.02
-1.02
-1.02
-1.02
-1.02
-1.02
-1.02
-1.02
-1.02
-1.02
-1.02
-1.02
-1.02
-1.02
-1.02
-1.02
-1.02
-1.02
-1.02
-1.02
-1.02
-1.02
-1.02
-1.02
-1.02
-1.02
-1.02
-1.02
-1.02
-1.02
-1.02
-1.02
-1.02
-1.02
-1.02
-1.02
-1.02
-1.02
-1.02
-1.02
-1.02
-1.02
-1.02
-1.02
-1.02
-1.02
-1.02
-1.02
-1.02
-1.02
-1.02
-1.02
-1.02
-1.02
-0.9392
-0.9368
-0.936
-0.9352
-0.9328
-0.9352
-0.9344
-0.9336
-0.936
-0.9392
-1.02
-1.02
-1.02
-1.02
-1.02
-1.02
-1.02
-1.02
-1.02
-1.02
-1.02
-1.02
-1.02
-1.02
-1.02
-1.02
-1.02
-1.02
-1.02
-1.02
-1.02
-1.02
-1.02
-1.02
-1.02
-1.02
-1.02
-1.02
-1.02
-1.02
-1.02
-1.02
-1.02
-1.02
-1.02
-1.02
-1.02
-1.02
-1.02
-1.02
-1.02
-1.02
-1.02
-1.02
-1.02
-1.02
-1.02
-1.02
-1.02
-1.02
-1.02
-1.02
-1.02
-1.02
-1.02
-1.02
-1.02
-1.02
-1.02
-1.02
-1.02
-1.02
-1.02
-1.02
-1.02
-1.02
-1.02
-1.02
-1.02
-1.02
-1.02
-1.02
-1.02
-1.02
-1.02
-1.02
-1.02
-1.02
-1.02
-1.02
-1.02
-1.02
-1.02
-1.02
-1.02
-1.02
-1.02
-1.02
-1.02
-1.02
-1.02
-1.02
-1.02
-1.02
-1.02
-1.02
-1.02
-1.02
-1.02
-1.02
-1.02
-1.02
-1.02
-1.02
-1.02
-1.02
-1.02
-0.9384
-0.9392
-1.02
-1.02
-1.02
-1.02
-1.02
-1.02
-1.02
-1.02
-1.02
-1.02
-1.02
-1.02
-1.02
-1.02
-1.02
-1.02
-1.02
-1.02
-1.02
-1.02
-1.02
-1.02
-0.9392
-1.02
-1.02
-1.02
-1.02
-1.02
-1.02
-1.02
-1.02
-1.02
-1.02
-1.02
-1.02
-1.02
-1.02
-1.02
-1.02
-1.02
-1.02
-1.02
-1.02
-1.02
-1.02
-1.02
-1.02
-1.02
-1.02
-0.9392
-0.9384
-1.02
-1.02
-1.02
-1.02
-1.02
-1.02
-1.02
-1.02
-1.02
-1.02
-1.02
-1.02
-1.02
-1.02
-1.02
-1.02
-1.02
-1.02
-1.02
-1.02
-1.02
-1.02
-1.02
-1.02
-1.02
-1.02
-1.02
-1.02
-1.02
-1.02
-1.02
-1.02
-1.02
-1.02
-1.02
-1.02
-1.02
-1.02
-1.02
-1.02
-1.02
-1.02
-1.02
-1.02
-1.02
-1.02
-1.02
-1.02
-1.02
-1.02
-1.02
-1.02
-1.02
-1.02
-1.02
-1.02
-1.02
-1.02
-1.02
-1.02
-1.02
-1.02
-1.02
-1.02
-1.02
-1.02
-1.02
-1.02
-1.02
-1.02
-1.02
-1.02
-1.02
-1.02
-1.02
-1.02
-0.9392
-1.02
-1.02
-1.02
-1.02
-1.02
-1.02
-1.02
-1.02
-1.02
-1.02
-1.02
-1.02
-1.02
-1.02
-1.02
-1.02
-1.02
-1.02
-1.02
-1.02
-1.02
-1.02
-1.02
-1.02
-1.02
-1.02
-1.02
-1.02
-1.02
-1.02
-1.02
-1.02
-1.02
-1.02
-1.02
-1.02
-1.02
-1.02
-1.02
-1.02
-1.02
-1.02
-1.02
-1.02
-1.02
-1.02
-1.02
-1.02
-1.02
-1.02
-1.02
-1.02
-1.02
-1.02
-1.02
-1.02
-1.02
-1.02
-1.02
-1.02
-1.02
-1.02
-1.02
-1.02
-1.02
-1.02
-1.02
-1.02
-1.02
-1.02
-1.02
-1.02
-1.02
-1.02
-1.02
-1.02
-1.02
-1.02
-1.02
-1.02
-1.02
-1.02
-1.02
-1.02
-1.02
-1.02
-1.02
-1.02
-1.02
-1.02
-1.02
-1.02
-1.02
-1.02
-1.02
-1.02
-1.02
-1.02
-1.02
-1.02
-1.02
-1.02
-1.02
-1.02
-1.02
-1.02
-1.02
-1.02
-1.02
-1.02
-1.02
-1.02
-1.02
-1.02
-1.02
-1.02
-1.02
-1.02
-1.02
-1.02
-1.02
-1.02
-1.02
-1.02
-1.02
-1.02
-1.02
-1.02
-1.02
-1.02
-1.02
-1.02
-1.02
-1.02
-1.02
-1.02
-1.02
-1.02
-1.02
-1.02
-1.02
-1.02
-1.02
-1.02
-1.02
-1.02
-1.02
-1.02
-1.02
-1.02
-1.02
-1.02
-1.02
-1.02
-1.02
-1.02
-1.02
-1.02
-1.02
-1.02
-1.02
-1.02
-1.02
-1.02
-1.02
-1.02
-1.02
-1.02
-1.02
-1.02
-1.02
-1.02
-1.02
-1.02
-1.02
-1.02
-1.02
-1.02
-1.02
-1.02
-1.02
-1.02
-1.02
-1.02
-1.02
-1.02
-1.02
-1.02
-1.02
-1.02
-1.02
-1.02
-1.02
-1.02
-1.02
-1.02
-1.02
-1.02
-1.02
-1.02
-1.02
-1.02
-1.02
-1.02
-1.02
-1.02
-1.02
-1.02
-1.02
-1.02
-1.02
