1	31.5356
2	30.8003
3	29.7816
4	28.7923
5	27.8648
6	27.6677
7	27.2532
8	26.7021
9	25.9753
10	24.7772
11	24.1648
12	23.8665
13	23.2767
14	22.7484
15	22.2039
16	21.8397
17	21.8167
18	21.7246
19	21.521
20	21.3061
21	20.9094
22	20.4703
23	20.0061
24	19.8564
25	19.7482
26	19.4766
27	19.2894
28	19.158
29	18.9389
30	18.9085
31	18.7657
32	18.67
33	18.4905
34	18.2267
35	17.9596
36	17.7993
37	17.7171
38	17.6852
39	17.4191
40	17.0595
41	16.59
42	16.3967
43	16.2037
44	15.7612
45	15.254
46	15.0846
47	14.8868
48	14.8332
49	14.7834
50	14.6299
51	14.6006
52	14.6179
53	14.2799
54	14.1186
55	14.0622
56	13.9496
57	13.726
58	13.6527
59	13.6133
60	13.6133
61	13.6133
62	13.6056
63	13.5461
64	13.4301
65	13.3178
66	13.1857
67	13.2086
68	13.0991
69	13.0347
70	12.9802
71	12.9268
72	12.9288
73	12.9268
74	12.9268
75	12.9365
76	12.9187
77	12.9019
78	12.8777
79	12.8648
80	12.8331
81	12.8169
82	12.8112
83	12.7981
84	12.7577
85	12.7185
86	12.6892
87	12.681
88	12.6739
89	12.6662
90	12.658
91	12.653
92	12.6437
93	12.6316
94	12.5968
95	12.6287
96	12.4836
97	12.6193
98	12.7673
99	12.5302
100	12.559
101	12.5026
102	12.3497
103	12.4006
104	12.4804
105	12.4807
106	12.4313
107	12.3564
108	12.2097
109	12.2076
110	12.2025
111	12.2398
112	12.2345
113	12.2022
114	12.2022
115	12.2022
116	12.2022
117	12.2022
118	12.2022
119	12.2022
120	12.2022
121	12.2022
122	12.2022
123	12.2022
124	12.2011
125	12.1966
126	12.1795
127	12.151
128	12.1145
129	12.0984
130	12.101
131	12.0937
132	12.0937
133	12.0937
134	12.0937
135	12.0937
136	12.0937
137	12.0937
138	12.0937
139	12.0937
140	12.0937
141	12.0937
142	12.0937
143	12.0937
144	12.0937
145	12.0937
146	12.0937
147	12.0937
148	12.0937
149	12.0937
150	12.0937
151	12.0956
152	12.0937
153	12.0946
154	12.0908
155	12.0732
156	12.0262
157	12.1549
158	11.966
159	11.9469
160	11.9492
161	11.9464
162	11.953
163	11.9351
164	11.9225
165	11.9056
166	11.8685
167	11.7683
168	11.6871
169	11.6392
170	11.6069
171	11.5621
172	11.5384
173	11.4914
174	11.4476
175	11.4585
176	11.4723
177	11.4217
178	11.4052
179	11.361
180	11.3414
181	11.3352
182	11.3343
183	11.3413
184	11.3259
185	11.3546
186	11.3258
187	11.2895
188	11.4107
189	11.4222
190	11.2857
191	11.2555
192	11.2412
193	11.2488
194	11.2703
195	11.2842
196	11.3929
197	11.2589
198	11.3941
199	11.372
200	11.2167
201	11.1689
202	11.2221
203	11.4531
204	11.3594
205	11.2312
206	11.1162
207	11.0713
208	11.065
209	11.0575
210	11.0575
211	11.0575
212	11.0577
213	11.2478
214	11.2232
215	11.4169
216	11.282
217	11.0575
218	11.0575
219	11.0575
220	11.0575
221	11.0575
222	11.0575
223	11.0575
224	11.0575
225	11.0578
226	11.0575
227	11.0575
228	11.0575
229	11.0575
230	11.0606
231	11.0575
232	11.0575
233	11.0575
234	11.0575
235	11.0575
236	11.0575
237	11.0575
238	11.0575
239	11.0575
240	11.0575
241	11.0575
242	11.0575
243	11.0575
244	11.0575
245	11.0575
246	11.0575
247	11.0575
248	11.0575
249	11.0575
250	11.0575
251	11.0575
252	11.0535
253	11.0294
254	10.9367
255	10.8822
256	10.8566
257	10.8566
258	10.8566
259	10.8566
260	10.8566
261	10.8566
262	10.8507
263	10.8271
264	10.7387
265	10.6589
266	10.5616
267	10.5616
268	10.5616
269	10.5615
270	10.5612
271	10.561
272	10.5609
273	10.5608
274	10.5608
275	10.5608
276	10.5608
277	10.5589
278	10.5534
279	10.5294
280	10.5088
281	10.4689
282	10.4642
283	10.4555
284	10.4655
285	10.369
286	10.3537
287	10.2456
288	10.1977
289	10.1489
290	10.1647
291	10.214
292	10.1396
293	10.1148
294	10.0512
295	10.0349
296	10.0387
297	10.0344
298	10.0312
299	10.021
300	10.0023
301	9.98425
302	9.98264
303	9.97187
304	9.97187
305	9.97187
306	9.97187
307	9.97187
308	9.97187
309	9.97187
310	9.97187
311	9.97187
312	9.97187
313	9.97187
314	9.97187
315	9.97187
316	9.97187
317	9.97187
318	9.97187
319	9.97187
320	9.97187
321	9.97187
322	9.97187
323	9.97187
324	9.97187
325	9.97187
326	9.97187
327	9.97187
328	9.97187
329	9.97187
330	9.97187
331	9.97187
332	9.97187
333	9.97187
334	9.97187
335	9.97187
336	9.97187
337	9.97187
338	9.97187
339	9.97187
340	9.97187
341	9.97187
342	9.97187
343	9.97187
344	9.97187
345	9.9729
346	9.97187
347	9.97187
348	9.97187
349	9.97187
350	9.97187
351	9.97187
352	9.97187
353	9.97187
354	9.97187
355	9.97187
356	9.97187
357	9.97187
358	9.97187
359	9.97187
360	9.97187
361	9.97187
362	9.97187
363	9.97187
364	9.97187
365	9.97187
366	9.97187
367	9.97187
368	9.97187
369	9.97187
370	9.97187
371	9.97187
372	9.97187
373	9.97187
374	9.97187
375	9.97187
376	9.97187
377	9.97187
378	9.97187
379	9.97187
380	9.97187
381	9.97187
382	9.97187
383	9.97187
384	9.97187
385	9.97187
386	9.97187
387	9.97187
388	9.97187
389	9.97187
390	9.97187
391	9.97187
392	9.97187
393	9.97187
394	9.97187
395	9.97187
396	9.97187
397	9.97187
398	9.97187
399	9.97187
400	9.97187
401	9.98483
402	9.9719
403	9.97187
404	9.97187
405	9.97187
406	9.97187
407	9.97187
408	9.97187
409	9.97187
410	9.97187
411	9.97187
412	9.97187
413	9.97187
414	9.97187
415	9.97187
416	9.97187
417	9.97114
418	9.96895
419	10.006
420	10.2154
421	10.3168
422	10.337
423	10.2326
424	10.4051
425	10.0148
426	9.93551
427	9.94584
428	9.9354
429	9.9354
430	9.9354
431	9.9354
432	9.9354
433	9.9354
434	9.9354
435	9.9354
436	9.9354
437	9.9354
438	9.9354
439	9.9354
440	9.9354
441	9.9354
442	9.9354
443	9.9354
444	9.9354
445	9.9354
446	9.9354
447	9.9354
448	9.9354
449	9.9354
450	9.9354
451	9.9354
452	9.94857
453	9.9354
454	9.9354
455	9.9354
456	9.9354
457	9.9354
458	9.9354
459	9.9354
460	9.93854
461	9.93717
462	9.98658
463	9.9439
464	9.9354
465	9.9354
466	9.9354
467	9.9354
468	9.9354
469	9.9354
470	9.9354
471	9.9354
472	9.9354
473	9.9354
474	9.9354
475	9.9354
476	9.9354
477	9.9354
478	9.9354
479	9.9354
480	9.9354
481	9.9354
482	9.9354
483	9.9354
484	9.9354
485	9.9354
486	9.9354
487	9.9354
488	9.9354
489	9.9354
490	9.9354
491	9.96203
492	9.9354
493	9.93551
494	9.9354
495	9.9354
496	9.9354
497	9.9354
498	9.9354
499	9.9354
500	9.9354
501	9.9354
502	9.9354
503	9.9354
504	9.9354
505	9.9354
506	9.9354
507	9.9354
508	9.9354
509	9.9354
510	9.9354
511	9.9354
512	9.9354
513	9.9354
514	9.9354
515	9.9354
516	9.9354
517	9.9354
518	9.9354
519	9.9354
520	9.9354
521	9.9354
522	9.9354
523	9.9354
524	9.9354
525	9.9354
526	9.9354
527	9.9354
528	9.9354
529	9.9354
530	9.9354
531	9.9354
532	9.9354
533	9.9354
534	9.9354
535	9.9354
536	9.9354
537	9.9354
538	9.9354
539	9.9354
540	9.93573
541	9.9354
542	9.93562
543	9.9354
544	9.9354
545	9.93941
546	9.9354
547	9.9354
548	9.9354
549	9.93585
550	9.9354
551	9.9354
552	9.9354
553	9.9354
554	9.9354
555	9.9354
556	9.9354
557	9.9354
558	9.9354
559	9.9354
560	9.9354
561	9.9354
562	9.9354
563	9.9354
564	9.9354
565	9.9354
566	9.9354
567	9.9354
568	9.9354
569	9.9354
570	9.9354
571	9.9354
572	9.9354
573	9.9354
574	9.9354
575	9.9354
576	9.97889
577	10.0945
578	9.9354
579	9.9354
580	9.9354
581	9.9354
582	9.9354
583	9.9354
584	9.9354
585	9.9354
586	9.9354
587	9.9354
588	9.93566
589	9.93704
590	9.94407
591	9.94057
592	9.93919
593	9.9354
594	9.9354
595	9.9354
596	9.93439
597	9.92636
598	9.92837
599	9.91531
600	9.90928
601	9.89444
602	9.88528
603	9.8893
604	9.88539
605	9.88517
606	9.88517
607	9.88517
608	9.88517
609	9.88517
610	9.88424
611	9.87866
612	9.86563
613	9.84236
614	9.83864
615	9.83864
616	9.83864
617	9.83864
618	9.83864
619	9.83864
620	9.83864
621	9.83864
622	9.83864
623	9.83864
624	9.83864
625	9.83864
626	9.83864
627	9.83864
628	9.84012
629	9.83864
630	9.83864
631	9.83864
632	9.83864
633	9.83864
634	9.83864
635	9.83864
636	9.83864
637	9.83864
638	9.83887
639	9.83864
640	9.83864
641	9.83864
642	9.83864
643	9.83864
644	9.83864
645	9.83864
646	9.83864
647	9.83875
648	9.85158
649	9.83864
650	9.83864
651	9.83864
652	9.83864
653	9.83864
654	9.83864
655	9.83864
656	9.83864
657	9.83864
658	9.83864
659	9.83864
660	9.83864
661	9.83864
662	9.83864
663	9.83864
664	9.83864
665	9.83864
666	9.83864
667	9.83864
668	9.83864
669	9.83864
670	9.83864
671	9.83864
672	9.83864
673	9.83864
674	9.83864
675	9.83864
676	9.83864
677	9.83864
678	9.83864
679	9.83864
680	9.83864
681	9.83864
682	9.83864
683	9.83864
684	9.83864
685	9.83864
686	9.83864
687	9.83864
688	9.83864
689	9.83864
690	9.83864
691	9.83864
692	9.83864
693	9.83864
694	9.83864
695	9.83864
696	9.83864
697	9.83864
698	9.83864
699	9.83864
700	9.83864
701	9.83864
702	9.83864
703	9.83864
704	9.83864
705	9.97763
706	9.84612
707	9.83864
708	9.9028
709	9.85005
710	9.85046
711	9.83864
712	9.83864
713	9.83864
714	9.83864
715	9.83864
716	9.83864
717	9.83864
718	9.83864
719	9.83864
720	9.83864
721	9.83864
722	9.83864
723	9.83864
724	9.83864
725	9.83864
726	9.83864
727	9.83864
728	9.83864
729	9.83864
730	9.83864
731	9.83864
732	9.83864
733	9.83864
734	9.83864
735	9.83864
736	9.83864
737	9.83864
738	9.83864
739	9.83864
740	9.83864
741	9.83864
742	9.83864
743	9.84098
744	9.83864
745	9.83864
746	9.83864
747	9.83864
748	9.83864
749	9.83864
750	9.83864
751	9.83864
752	9.83864
753	9.83864
754	9.83864
755	9.83864
756	9.83864
757	9.83864
758	9.83864
759	9.83864
760	9.83864
761	9.83864
762	9.8656
763	10.093
764	9.99344
765	9.92378
766	9.86904
767	9.90101
768	10.0373
769	9.84388
770	9.83864
771	9.83864
772	9.83864
773	9.83864
774	9.83864
775	9.83864
776	9.83864
777	9.83864
778	9.83864
779	9.83864
780	9.83864
781	9.83864
782	9.83864
783	9.83864
784	9.83864
785	9.83864
786	9.83864
787	9.83864
788	9.83864
789	9.83864
790	9.84098
791	9.83864
792	9.83864
793	9.83864
794	9.83864
795	9.83864
796	9.83864
797	9.83864
798	9.83864
799	9.83864
800	9.83864
801	9.83864
802	9.83864
803	9.83864
804	9.83864
805	9.83864
806	9.83864
807	9.83864
808	9.83864
809	9.83864
810	9.83864
811	9.83864
812	9.83864
813	9.83864
814	9.83864
815	9.83864
816	9.83864
817	9.83864
818	9.83864
819	9.83864
820	9.83864
821	9.83864
822	9.83864
823	9.83864
824	9.83864
825	9.83868
826	9.84216
827	9.84439
828	9.83868
829	9.83864
830	9.83864
831	9.83864
832	9.83864
833	9.83864
834	9.83864
835	9.83864
836	9.83864
837	9.83864
838	9.83864
839	9.83864
840	9.83864
841	9.83864
842	9.83864
843	9.83864
844	9.84862
845	9.83864
846	9.83864
847	9.83868
848	9.83864
849	9.83864
850	9.83864
851	9.83864
852	9.83864
853	9.83864
854	9.83864
855	9.83864
856	9.83864
857	9.83864
858	9.83864
859	9.83864
860	9.83864
861	9.83864
862	9.83864
863	9.83864
864	9.83864
865	9.83864
866	9.83864
867	9.83864
868	9.83864
869	9.83864
870	9.83864
871	9.83864
872	9.83864
873	9.83864
874	9.83864
875	9.83864
876	9.83864
877	9.83864
878	9.83864
879	9.83864
880	9.83967
881	9.83864
882	9.83864
883	9.83864
884	9.83864
885	9.83864
886	9.83864
887	9.83864
888	9.83864
889	9.83864
890	9.83864
891	9.83864
892	9.83864
893	9.83864
894	9.83864
895	9.83864
896	9.83864
897	9.83864
898	9.83864
899	9.83864
900	9.83864
901	9.83864
902	9.83864
903	9.83864
904	9.83864
905	9.83864
906	9.83864
907	9.83864
908	9.83864
909	9.83864
910	9.83864
911	9.83864
912	9.83864
913	9.89404
914	9.83864
915	9.83864
916	9.83864
917	9.83864
918	9.83864
919	9.83864
920	9.83864
921	9.83864
922	9.83864
923	9.83864
924	9.83864
925	9.83864
926	9.83864
927	9.83864
928	9.83864
929	9.83864
930	9.83864
931	9.83864
932	9.83864
933	9.83864
934	9.83864
935	9.83864
936	9.83864
937	9.83864
938	9.83864
939	9.83864
940	9.83864
941	9.83864
942	9.83864
943	9.83864
944	9.83864
945	9.83864
946	9.83864
947	9.83864
948	9.83864
949	9.83864
950	9.83864
951	9.83864
952	9.83864
953	9.83864
954	9.83864
955	9.83864
956	9.83864
957	9.83864
958	9.83864
959	9.83864
960	9.83864
961	9.83864
962	9.83864
963	9.83864
964	9.83864
965	9.83864
966	9.83864
967	9.83864
968	9.83864
969	9.83864
970	9.83864
971	9.83864
972	9.83864
973	9.83864
974	9.83864
975	9.83864
976	9.83864
977	9.83864
978	9.83864
979	9.83864
980	9.83864
981	9.83864
982	9.83864
983	9.83864
984	9.83864
985	9.83864
986	9.83864
987	9.89361
988	9.83864
989	9.83864
990	9.83864
991	9.83864
992	9.83864
993	9.83864
994	9.83864
995	9.83864
996	9.83864
997	9.83864
998	9.83864
999	9.83864
1000	9.83864
1001	9.83864
1002	9.83864
1003	9.83864
1004	9.83864
1005	9.83864
1006	9.83864
1007	9.83864
1008	9.83864
1009	9.83864
1010	9.83864
1011	9.83864
1012	9.83864
1013	9.83864
1014	9.83864
1015	9.83864
1016	9.83864
1017	9.83864
1018	9.83864
1019	9.83864
1020	9.83864
1021	9.83909
1022	9.83864
1023	9.83864
1024	9.83864
1025	9.83864
1026	9.83864
1027	9.83864
1028	9.83875
1029	9.83864
1030	9.83864
1031	9.83864
1032	9.83864
1033	9.83864
1034	9.83864
1035	9.83864
1036	9.83864
1037	9.83864
1038	9.83864
1039	9.83864
1040	9.83864
1041	9.83864
1042	9.83864
1043	9.83864
1044	9.83864
1045	9.83864
1046	9.83864
1047	9.83864
1048	9.83864
1049	9.83864
1050	9.83864
1051	9.83864
1052	9.83864
1053	9.83864
1054	9.83864
1055	9.83864
1056	9.83864
1057	9.83864
1058	9.83864
1059	9.83864
1060	9.83864
1061	9.83864
1062	9.83864
1063	9.83864
1064	9.83864
1065	9.83864
1066	9.84214
1067	9.83864
1068	9.83864
1069	9.83864
1070	9.83864
1071	9.83864
1072	9.83864
1073	9.83864
1074	9.83864
1075	9.83864
1076	9.83864
1077	9.83864
1078	9.83864
1079	9.83864
1080	9.83864
1081	9.83864
1082	9.83864
1083	9.83864
1084	9.83864
1085	9.83864
1086	9.83864
1087	9.83864
1088	9.83864
1089	9.83864
1090	9.83864
1091	9.83864
1092	9.83864
1093	9.83864
1094	9.83864
1095	9.83864
1096	9.83864
1097	9.83864
1098	9.83864
1099	9.83864
1100	9.83864
1101	9.83864
1102	9.83864
1103	9.83864
1104	9.83864
1105	9.83864
1106	9.83864
1107	9.83864
1108	9.83864
1109	9.83864
1110	9.83864
1111	9.83864
1112	9.83864
1113	9.83864
1114	9.83864
1115	9.83864
1116	9.83864
1117	9.85442
1118	9.83864
1119	9.83864
1120	9.83898
1121	9.84171
1122	9.84008
1123	9.83864
1124	9.83864
1125	9.83864
1126	9.83864
1127	9.83864
1128	9.83864
1129	9.83864
1130	9.83864
1131	9.83864
1132	9.83864
1133	9.8759
1134	9.83864
1135	9.83864
1136	9.83864
1137	9.84297
1138	9.85542
1139	9.86796
1140	9.83864
1141	9.83864
1142	9.83864
1143	9.83864
1144	9.83864
1145	9.83864
1146	9.83864
1147	9.83864
1148	9.83864
1149	9.83864
1150	9.83864
1151	9.83864
1152	9.83864
1153	9.83902
1154	9.86526
1155	9.83864
1156	9.83864
1157	9.83864
1158	9.83864
1159	9.83864
1160	9.83864
1161	9.83864
1162	9.83864
1163	9.83864
1164	9.83864
1165	9.83864
1166	9.83864
1167	9.83864
1168	9.83864
1169	9.83864
1170	9.83864
1171	9.83864
1172	9.83864
1173	9.83864
1174	9.83864
1175	9.83864
1176	9.83864
1177	9.83864
1178	9.83864
1179	9.83864
1180	9.83864
1181	9.83864
1182	9.83864
1183	9.83864
1184	9.83864
1185	9.83864
1186	9.83864
1187	9.83864
1188	9.83864
1189	9.83864
1190	9.83864
1191	9.83864
1192	9.83864
1193	9.83864
1194	9.83864
1195	9.851
1196	9.83864
1197	9.83864
1198	9.83864
1199	9.83864
1200	9.83864
1201	9.83864
1202	9.83864
1203	9.83864
1204	9.83864
1205	9.83864
1206	9.83864
1207	9.83864
1208	9.83864
1209	9.84098
1210	9.83864
1211	9.83864
1212	9.8406
1213	9.83864
1214	9.83864
1215	9.83864
1216	9.83864
1217	9.83864
1218	9.83864
1219	9.83864
1220	9.83864
1221	9.83864
1222	9.83864
1223	9.83864
1224	9.83864
1225	9.83864
1226	9.83864
1227	9.83864
1228	9.83864
1229	9.83864
1230	9.83864
1231	9.83864
1232	9.83864
1233	9.83864
1234	9.83864
1235	9.83864
1236	9.83864
1237	9.83864
1238	9.83864
1239	9.83864
1240	9.83864
1241	9.83864
1242	9.83868
1243	9.83864
1244	9.83864
1245	9.83864
1246	9.83864
1247	9.83864
1248	9.83864
1249	9.83864
1250	9.83864
1251	9.83864
1252	9.83864
1253	9.83864
1254	9.83864
1255	9.83864
1256	9.83864
1257	9.83864
1258	9.83864
1259	9.83864
1260	9.83864
1261	9.83864
1262	9.83864
1263	9.83864
1264	9.83864
1265	9.83864
1266	9.83864
1267	9.83864
1268	9.83864
1269	9.83864
1270	9.83864
1271	9.83864
1272	9.83864
1273	9.83864
1274	9.83864
1275	9.83864
1276	9.83864
1277	9.83864
1278	9.84895
1279	9.83864
1280	9.83864
1281	9.83864
1282	9.83864
1283	9.86582
1284	9.89746
1285	9.92571
1286	9.85292
1287	9.83864
1288	9.83864
1289	9.83864
1290	9.83864
1291	9.83864
1292	9.83864
1293	9.83864
1294	9.83864
1295	9.83864
1296	9.83864
1297	9.83864
1298	9.83864
1299	9.83864
1300	9.83864
1301	9.84924
1302	9.83864
1303	9.83864
1304	9.83864
1305	9.83864
1306	9.83864
1307	9.83864
1308	9.83864
1309	9.83864
1310	9.83864
1311	9.83864
1312	9.83864
1313	9.83864
1314	9.85742
1315	9.83864
1316	9.83864
1317	9.83864
1318	9.83864
1319	9.83864
1320	9.83864
1321	9.83864
1322	9.83864
1323	9.83864
1324	9.83864
1325	9.87627
1326	9.84098
1327	9.83949
1328	9.83864
1329	9.83864
1330	9.83864
1331	9.83864
1332	9.83864
1333	9.83864
1334	9.83864
1335	9.83864
1336	9.83864
1337	9.83864
1338	9.83864
1339	9.83864
1340	9.83864
1341	9.83864
1342	9.84052
1343	9.8442
1344	9.83864
1345	9.83864
1346	9.83864
1347	9.83864
1348	9.83864
1349	9.83864
1350	9.83864
1351	9.83864
1352	9.83864
1353	9.83864
1354	9.83864
1355	9.83864
1356	9.83864
1357	9.83864
1358	9.83864
1359	9.83864
1360	9.83864
1361	9.83864
1362	9.8433
1363	9.83957
1364	9.83864
1365	9.83864
1366	9.83864
1367	9.83864
1368	9.83864
1369	9.83864
1370	9.83864
1371	9.83864
1372	9.83864
1373	9.83864
1374	9.83864
1375	9.83864
1376	9.83864
1377	9.83864
1378	9.84119
1379	9.83893
1380	9.83864
1381	9.83864
1382	9.83864
1383	9.83864
1384	9.83875
1385	9.83887
1386	9.83864
1387	9.83864
1388	9.83868
1389	9.83864
1390	9.83864
1391	9.83864
1392	9.83864
1393	9.83864
1394	9.83864
1395	9.83864
1396	9.83864
1397	9.83864
1398	9.8452
1399	9.83864
1400	9.83864
1401	9.83864
1402	9.83864
1403	9.83864
1404	9.83864
1405	9.83864
1406	9.83864
1407	9.84574
1408	9.83864
1409	9.83864
1410	9.84492
1411	9.83864
1412	9.83864
1413	9.83864
1414	9.83864
1415	9.83864
1416	9.83864
1417	9.83864
1418	9.83864
1419	9.83864
1420	9.83864
1421	9.83864
1422	9.83864
1423	9.83864
1424	9.83864
1425	9.83864
1426	9.83864
1427	9.83864
1428	9.83864
1429	9.83864
1430	9.83864
1431	9.83864
1432	9.83864
1433	9.83864
1434	9.83864
1435	9.83864
1436	9.83864
1437	9.83864
1438	9.83864
1439	9.83864
1440	9.83864
1441	9.83864
1442	9.89502
1443	9.83978
1444	9.83864
1445	9.83864
1446	9.83864
1447	9.83864
1448	9.83864
1449	9.83864
1450	9.83864
1451	9.83864
1452	9.83864
1453	9.83864
1454	9.83864
1455	9.83864
1456	9.83864
1457	9.83864
1458	9.83864
1459	9.83864
1460	9.83864
1461	9.83864
1462	9.83864
1463	9.83864
1464	9.83864
1465	9.83864
1466	9.83864
1467	9.83864
1468	9.83864
1469	9.83864
1470	9.83864
1471	9.83864
1472	9.83864
1473	9.83864
1474	9.83864
1475	9.83864
1476	9.83864
1477	9.83864
1478	9.83864
1479	9.83864
1480	9.83864
1481	9.83864
1482	9.83864
1483	9.83864
1484	9.83864
1485	9.83864
1486	9.83864
1487	9.83864
1488	9.83864
1489	9.83864
1490	9.83864
1491	9.83864
1492	9.83864
1493	9.83864
1494	9.83864
1495	9.83864
1496	9.83864
1497	9.83864
1498	9.83864
1499	9.83864
1500	9.83864
1501	9.83864
1502	9.83864
1503	9.83864
1504	9.83864
1505	9.83864
1506	9.83864
1507	9.83864
1508	9.83864
1509	9.83864
1510	9.83864
1511	9.83864
1512	9.83864
1513	9.83864
1514	9.83864
1515	9.83864
1516	9.83864
1517	9.83864
1518	9.83864
1519	9.83864
1520	9.83864
1521	9.83864
1522	9.83864
1523	9.83864
1524	9.83864
1525	9.83864
1526	9.83864
1527	9.83864
1528	9.83864
1529	9.83864
1530	9.83864
1531	9.83864
1532	9.83864
1533	9.85506
1534	9.85377
1535	9.85528
1536	9.83864
1537	9.84041
1538	9.87695
1539	9.85335
1540	9.83864
1541	9.83864
1542	9.83864
1543	9.83864
1544	9.83864
1545	9.83864
1546	9.83864
1547	9.83864
1548	9.83864
1549	9.83864
1550	9.83864
1551	9.83864
1552	9.83864
1553	9.83864
1554	9.83864
1555	9.83864
1556	9.83864
1557	9.83864
1558	9.83864
1559	9.83864
1560	9.83864
1561	9.83864
1562	9.83864
1563	9.83864
1564	9.83864
1565	9.83864
1566	9.83864
1567	9.83864
1568	9.83864
1569	9.83864
1570	9.83864
1571	9.83864
1572	9.83864
1573	9.83864
1574	9.83864
1575	9.83864
1576	9.83864
1577	9.83864
1578	9.83864
1579	9.83864
1580	9.83864
1581	9.83864
1582	9.83864
1583	9.83864
1584	9.83864
1585	9.83864
1586	9.83864
1587	9.83864
1588	9.83864
1589	9.84308
1590	9.83864
1591	9.83864
1592	9.83864
1593	9.83864
1594	9.83864
1595	9.83864
1596	9.83864
1597	9.83864
1598	9.8644
1599	9.83864
1600	9.83864
1601	9.83864
1602	9.83864
1603	9.83864
1604	9.83864
1605	9.83864
1606	9.83864
1607	9.83864
1608	9.83864
1609	9.83875
1610	9.83864
1611	9.83864
1612	9.83864
1613	9.83864
1614	9.83864
1615	9.83864
1616	9.83864
1617	9.83864
1618	9.83864
1619	9.83864
1620	9.83864
1621	9.83864
1622	9.83864
1623	9.83864
1624	9.83864
1625	9.83864
1626	9.83864
1627	9.83864
1628	9.83864
1629	9.83864
1630	9.83864
1631	9.83864
1632	9.83864
1633	9.83864
1634	9.83864
1635	9.83864
1636	9.83864
1637	9.83864
1638	9.83864
1639	9.83864
1640	9.83864
1641	9.83864
1642	9.83864
1643	9.83864
1644	9.83864
1645	9.83864
1646	9.83864
1647	9.83864
1648	9.83864
1649	9.83864
1650	9.83864
1651	9.83864
1652	9.83864
1653	9.84098
1654	9.83864
1655	9.83864
1656	9.83864
1657	9.83864
1658	9.83864
1659	9.83864
1660	9.83864
1661	9.83864
1662	9.83864
1663	9.83864
1664	9.83864
1665	9.83864
1666	9.83864
1667	9.83864
1668	9.83864
1669	9.83864
1670	9.83864
1671	9.83864
1672	9.83864
1673	9.83864
1674	9.83864
1675	9.83898
1676	9.83864
1677	9.83864
1678	9.83864
1679	9.8389
1680	9.83864
1681	9.83864
1682	9.83864
1683	9.83864
1684	9.83864
1685	9.83864
1686	9.83864
1687	9.87449
1688	9.94329
1689	9.84192
1690	9.85372
1691	9.95745
1692	9.85776
1693	9.84539
1694	9.83864
1695	9.83864
1696	9.83864
1697	9.83864
1698	9.83864
1699	9.8733
1700	9.83864
1701	9.8389
1702	9.84085
1703	9.83864
1704	9.83864
1705	9.83864
1706	9.83864
1707	9.83864
1708	9.83864
1709	9.83864
1710	9.83864
1711	9.83864
1712	9.83864
1713	9.83864
1714	9.83864
1715	9.83864
1716	9.83864
1717	9.83864
1718	9.83864
1719	9.83864
1720	9.83864
1721	9.83864
1722	9.83864
1723	9.83864
1724	9.83864
1725	9.83864
1726	9.83864
1727	9.83864
1728	9.83864
1729	9.83864
1730	9.83864
1731	9.83864
1732	9.83864
1733	9.83864
1734	9.83864
1735	9.83864
1736	9.83864
1737	9.83864
1738	9.83864
1739	9.83864
1740	9.83864
1741	9.83864
1742	9.83864
1743	9.83864
1744	9.83864
1745	9.83864
1746	9.83887
1747	9.83864
1748	9.83864
1749	9.83864
1750	9.83864
1751	9.83864
1752	9.84563
1753	9.83864
1754	9.83864
1755	9.83864
1756	9.83864
1757	9.83864
1758	9.83864
1759	9.83864
1760	9.83864
1761	9.83864
1762	9.83864
1763	9.83864
1764	9.83864
1765	9.83864
1766	9.83864
1767	9.83864
1768	9.83864
1769	9.83864
1770	9.83864
1771	9.83864
1772	9.83864
1773	9.83864
1774	9.83864
1775	9.83864
1776	9.83864
1777	9.83864
1778	9.83864
1779	9.83864
1780	9.83864
1781	9.83864
1782	9.83864
1783	9.83864
1784	9.83864
1785	9.83864
1786	9.85502
1787	9.84192
1788	9.83864
1789	9.83864
1790	9.83864
1791	9.83864
1792	9.83864
1793	9.83864
1794	9.83864
1795	9.83864
1796	9.83864
1797	9.83864
1798	9.83864
1799	9.83864
1800	9.83864
1801	9.83864
1802	9.83864
1803	9.83864
1804	9.83864
1805	9.89382
1806	9.83868
1807	9.83864
1808	9.83864
1809	9.83864
1810	9.83864
1811	9.83864
1812	9.83864
1813	9.83864
1814	9.83864
1815	9.83864
1816	9.83864
1817	9.83864
1818	9.83864
1819	9.83864
1820	9.83864
1821	9.83864
1822	9.83864
1823	9.83864
1824	9.83864
1825	9.83864
1826	9.83864
1827	9.85648
1828	9.83864
1829	9.83864
1830	9.83864
1831	9.83864
1832	9.84854
1833	9.84423
1834	9.85548
1835	9.83864
1836	9.83864
1837	9.83864
1838	9.83864
1839	9.83864
1840	9.83864
1841	9.83864
1842	9.83864
1843	9.83864
1844	9.83864
1845	9.83864
1846	9.83864
1847	9.83864
1848	9.83864
1849	9.83864
1850	9.83864
1851	9.83864
1852	9.83864
1853	9.83864
1854	9.83864
1855	9.83864
1856	9.83864
1857	9.83864
1858	9.83864
1859	9.83864
1860	9.83864
1861	9.83864
1862	9.83864
1863	9.83864
1864	9.83864
1865	9.83864
1866	9.83864
1867	9.83864
1868	9.83864
1869	9.84181
1870	9.83864
1871	9.83864
1872	9.83864
1873	9.83864
1874	9.83967
1875	9.83864
1876	9.83864
1877	9.83864
1878	9.83864
1879	9.83864
1880	9.83864
1881	9.83864
1882	9.83864
1883	9.83864
1884	9.83864
1885	9.83864
1886	9.83864
1887	9.83864
1888	9.83864
1889	9.83864
1890	9.83864
1891	9.83864
1892	9.83864
1893	9.83864
1894	9.83864
1895	9.83864
1896	9.83864
1897	9.83864
1898	9.83864
1899	9.83864
1900	9.83864
1901	9.83864
1902	9.83864
1903	9.83864
1904	9.83864
1905	9.84335
1906	9.83864
1907	9.83864
1908	9.83864
1909	9.83864
1910	9.83864
1911	9.83864
1912	9.83864
1913	9.83864
1914	9.83864
1915	9.83864
1916	9.83864
1917	9.83864
1918	9.83864
1919	9.83864
1920	9.83864
1921	9.83864
1922	9.84633
1923	9.83864
1924	9.83864
1925	9.84398
1926	9.83864
1927	9.83864
1928	9.83864
1929	9.83864
1930	9.83864
1931	9.83864
1932	9.92875
1933	9.84262
1934	9.83864
1935	9.83864
1936	9.83864
1937	9.83864
1938	9.83864
1939	9.83864
1940	9.83864
1941	9.83864
1942	9.83864
1943	9.83864
1944	9.83864
1945	9.83864
1946	9.83864
1947	9.83864
1948	9.83864
1949	9.83864
1950	9.83864
1951	9.83864
1952	9.83864
1953	9.83864
1954	9.83864
1955	9.83864
1956	9.83864
1957	9.83864
1958	9.83864
1959	9.83864
1960	9.83864
1961	9.83864
1962	9.83864
1963	9.83864
1964	9.83864
1965	9.83864
1966	9.83864
1967	9.84144
1968	9.83864
1969	9.83864
1970	9.83864
1971	9.83864
1972	9.83864
1973	9.83864
1974	9.83864
1975	9.83864
1976	9.83864
1977	9.83864
1978	9.83864
1979	9.83864
1980	9.83864
1981	9.83864
1982	9.83864
1983	9.83864
1984	9.83864
1985	9.83864
1986	9.83864
1987	9.83864
1988	9.83864
1989	9.83864
1990	9.83864
1991	9.83864
1992	9.83864
1993	9.83864
1994	9.83864
1995	9.83864
1996	9.83864
1997	9.83864
1998	9.83864
1999	9.83864
2000	9.83864
2001	9.83864
2002	9.83864
2003	9.83864
2004	9.83864
2005	9.83864
2006	9.83864
2007	9.83864
2008	9.83864
2009	9.83864
2010	9.83864
2011	9.83864
2012	9.83864
2013	9.83864
2014	9.83864
2015	9.83864
2016	9.84667
2017	9.83864
2018	9.83864
2019	9.83864
2020	9.83864
2021	9.83864
2022	9.83864
2023	9.83864
2024	9.83864
2025	9.83967
2026	9.83864
2027	9.83864
2028	9.83864
2029	9.83864
2030	9.83864
2031	9.83864
2032	9.83864
2033	9.83864
2034	9.83864
2035	9.83864
2036	9.83864
2037	9.83864
2038	9.83864
2039	9.83864
2040	9.83864
2041	9.83864
2042	9.84784
2043	9.84495
2044	9.83864
2045	9.83864
2046	9.83864
2047	9.83864
2048	9.83864
2049	9.83864
2050	9.83864
2051	9.83864
2052	9.83864
2053	9.83864
2054	9.83864
2055	9.83864
2056	9.84699
2057	9.83864
2058	9.83864
2059	9.83864
2060	9.83864
2061	9.83864
2062	9.83864
2063	9.83864
2064	9.83864
2065	9.83864
2066	9.83864
2067	9.83864
2068	9.83864
2069	9.83864
2070	9.83864
2071	9.83864
2072	9.83864
2073	9.83864
2074	9.83864
2075	9.83864
2076	9.83864
2077	9.83864
2078	9.83864
2079	9.83864
2080	9.83864
2081	9.83864
2082	9.83864
2083	9.83864
2084	9.83864
2085	9.83864
2086	9.83864
2087	9.83864
2088	9.83864
2089	9.83864
2090	9.83864
2091	9.83864
2092	9.83864
2093	9.83864
2094	9.83864
2095	9.83864
2096	9.83864
2097	9.83864
2098	9.83864
2099	9.83864
2100	9.83864
2101	9.83864
2102	9.83864
2103	9.83864
2104	9.83864
2105	9.83864
2106	9.83864
2107	9.83864
2108	9.83864
2109	9.83864
2110	9.83864
2111	9.83864
2112	9.83864
2113	9.83864
2114	9.83864
2115	9.83864
2116	9.83864
2117	9.83864
2118	9.83864
2119	9.83864
2120	9.83864
2121	9.83864
2122	9.83864
2123	9.83864
2124	9.83864
2125	9.83864
2126	9.83864
2127	9.83864
2128	9.83864
2129	9.83864
2130	9.83864
2131	9.83864
2132	9.83864
2133	9.83864
2134	9.83864
2135	9.83864
2136	9.83864
2137	9.83864
2138	9.83864
2139	9.83864
2140	9.85196
2141	9.83864
2142	9.83864
2143	9.83864
2144	9.83864
2145	9.83864
2146	9.83864
2147	9.83864
2148	9.83864
2149	9.83864
2150	9.83864
2151	9.83864
2152	9.83864
2153	9.83864
2154	9.83864
2155	9.83864
2156	9.83967
2157	9.83864
2158	9.83864
2159	9.83864
2160	9.83864
2161	9.83864
2162	9.84144
2163	9.83864
2164	9.83864
2165	9.83864
2166	9.83864
2167	9.83864
2168	9.83864
2169	9.83864
2170	9.83864
2171	9.83864
2172	9.83864
2173	9.83864
2174	9.83864
2175	9.83864
2176	9.83864
2177	9.83864
2178	9.83864
2179	9.83864
2180	9.83864
2181	9.83864
2182	9.83864
2183	9.83864
2184	9.83864
2185	9.83864
2186	9.83864
2187	9.83864
2188	9.83864
2189	9.83864
2190	9.83864
2191	9.83864
2192	9.83864
2193	9.83864
2194	9.83864
2195	9.83864
2196	9.83864
2197	9.83864
2198	9.86317
2199	9.87455
2200	9.83864
2201	9.83864
2202	9.83864
2203	9.83864
2204	9.83864
2205	9.83887
2206	9.83864
2207	9.83864
2208	9.83864
2209	9.84251
2210	9.83864
2211	9.83864
2212	9.83864
2213	9.83864
2214	9.84388
2215	9.83864
2216	9.83864
2217	9.83864
2218	9.83864
2219	9.84326
2220	9.83864
2221	9.83864
2222	9.83864
2223	9.83864
2224	9.83864
2225	9.83864
2226	9.83864
2227	9.83864
2228	9.83864
2229	9.83864
2230	9.83864
2231	9.83864
2232	9.83864
2233	9.83864
2234	9.83864
2235	9.83864
2236	9.83864
2237	9.83864
2238	9.83864
2239	9.83864
2240	9.83864
2241	9.83864
2242	9.83864
2243	9.83864
2244	9.83864
2245	9.83864
2246	9.83864
2247	9.83864
2248	9.83864
2249	9.83864
2250	9.83864
2251	9.83864
2252	9.84992
2253	9.85551
2254	9.84423
2255	9.83864
2256	9.83864
2257	9.83864
2258	9.83864
2259	9.83864
2260	9.83864
2261	9.83864
2262	9.83864
2263	9.83864
2264	9.83864
2265	9.83864
2266	9.83875
2267	9.86195
2268	9.83864
2269	9.83864
2270	9.83864
2271	9.83864
2272	9.83864
2273	9.83864
2274	9.83864
2275	9.83864
2276	9.83864
2277	9.83864
2278	9.83864
2279	9.83909
2280	9.83887
2281	9.83864
2282	9.83864
2283	9.83864
2284	9.83864
2285	9.83864
2286	9.89424
2287	9.83864
2288	9.83864
2289	9.83864
2290	9.83864
2291	9.83864
2292	9.83864
2293	9.83864
2294	9.83864
2295	9.83864
2296	9.83864
2297	9.83864
2298	9.83864
2299	9.83864
2300	9.83864
2301	9.83864
2302	9.83864
2303	9.83864
2304	9.84295
2305	9.83864
2306	9.83864
2307	9.83864
2308	9.83864
2309	9.83864
2310	9.83864
2311	9.83864
2312	9.83864
2313	9.83864
2314	9.83864
2315	9.83864
2316	9.83864
2317	9.83864
2318	9.83864
2319	9.83864
2320	9.83864
2321	9.83864
2322	9.83864
2323	9.83864
2324	9.83864
2325	9.83864
2326	9.83864
2327	9.83864
2328	9.83864
2329	9.83864
2330	9.83864
2331	9.83864
2332	9.83864
2333	9.83864
2334	9.83864
2335	9.83864
2336	9.83864
2337	9.83864
2338	9.83864
2339	9.83864
2340	9.83864
2341	9.83875
2342	9.88855
2343	9.83864
2344	9.83864
2345	9.83864
2346	9.83864
2347	9.83864
2348	9.83864
2349	9.83864
2350	9.83864
2351	9.83864
2352	9.83864
2353	9.83864
2354	9.83864
2355	9.83864
2356	9.83864
2357	9.83864
2358	9.83864
2359	9.83864
2360	9.83864
2361	9.83864
2362	9.83864
2363	9.83864
2364	9.83864
2365	9.83864
2366	9.83864
2367	9.83864
2368	9.83864
2369	9.83864
2370	9.83864
2371	9.83864
2372	9.83864
2373	9.83864
2374	9.83864
2375	9.83864
2376	9.83864
2377	9.83864
2378	9.83864
2379	9.83864
2380	9.83864
2381	9.83864
2382	9.83864
2383	9.83864
2384	9.83864
2385	9.83864
2386	9.83864
2387	9.83864
2388	9.83864
2389	9.83864
2390	9.83864
2391	9.83864
2392	9.83864
2393	9.83864
2394	9.83864
2395	9.83864
2396	9.84034
2397	9.84112
2398	9.83864
2399	9.83864
2400	9.83864
2401	9.84295
2402	9.83864
2403	9.83864
2404	9.83864
2405	9.84246
2406	9.83864
2407	9.83864
2408	9.83864
2409	9.84041
2410	9.83864
2411	9.83864
2412	9.83864
2413	9.83864
2414	9.83864
2415	9.83864
2416	9.83864
2417	9.83864
2418	9.83864
2419	9.83864
2420	9.83864
2421	9.83864
2422	9.83864
2423	9.83864
2424	9.83864
2425	9.83864
2426	9.83864
2427	9.83864
2428	9.83864
2429	9.83864
2430	9.85488
2431	9.83864
2432	9.83864
2433	9.83864
2434	9.83864
2435	9.83864
2436	9.83864
2437	9.83864
2438	9.83864
2439	9.83864
2440	9.83864
2441	9.83864
2442	9.83864
2443	9.83864
2444	9.83864
2445	9.83864
2446	9.83864
2447	9.83864
2448	9.83864
2449	9.83864
2450	9.83864
2451	9.83864
2452	9.83864
2453	9.83864
2454	9.83864
2455	9.83864
2456	9.83864
2457	9.83864
2458	9.83864
2459	9.83864
2460	9.83864
2461	9.83864
2462	9.83864
2463	9.83864
2464	9.83864
2465	9.83864
2466	9.83864
2467	9.84527
2468	9.83864
2469	9.83864
2470	9.83864
2471	9.83864
2472	9.83864
2473	9.83864
2474	9.83864
2475	9.83864
2476	9.83864
2477	9.83864
2478	9.83864
2479	9.83864
2480	9.83864
2481	9.83864
2482	9.83864
2483	9.83864
2484	9.83864
2485	9.83864
2486	9.83864
2487	9.83864
2488	9.83864
2489	9.83864
2490	9.83864
2491	9.83864
2492	9.83864
2493	9.83864
2494	9.83864
2495	9.83864
2496	9.84454
2497	9.83864
2498	9.83864
2499	9.83864
2500	9.83864
2501	9.83864
2502	9.83864
2503	9.83864
2504	9.83864
2505	9.83864
2506	9.83864
2507	9.83864
2508	9.83864
2509	9.83864
2510	9.83864
2511	9.83868
2512	9.83864
2513	9.84961
2514	9.83864
2515	9.83864
2516	9.83864
2517	9.8403
2518	9.83864
2519	9.83864
2520	9.83864
2521	9.83864
2522	9.83864
2523	9.83864
2524	9.83864
2525	9.98011
2526	9.85612
2527	9.83864
2528	9.83868
2529	9.83864
2530	9.83864
2531	9.83864
2532	9.83864
2533	9.83864
2534	9.83864
2535	9.84563
2536	9.83864
2537	9.83864
2538	9.83864
2539	9.83864
2540	9.83864
2541	9.83864
2542	9.83864
2543	9.83864
2544	9.83864
2545	9.83864
2546	9.83864
2547	9.83864
2548	9.83864
2549	9.83864
2550	9.83864
2551	9.85869
2552	9.83864
2553	9.84773
2554	9.83864
2555	9.83864
2556	9.83864
2557	9.83864
2558	9.83864
2559	9.83864
2560	9.83864
2561	9.83864
2562	9.83864
2563	9.83864
2564	9.83864
2565	9.83864
2566	9.83864
2567	9.83864
2568	9.83864
2569	9.83864
2570	9.83864
2571	9.83864
2572	9.83864
2573	9.83864
2574	9.83864
2575	9.83864
2576	9.83864
2577	9.83864
2578	9.83864
2579	9.83864
2580	9.83864
2581	9.83864
2582	9.83864
2583	9.83864
2584	9.83864
2585	9.83864
2586	9.83864
2587	9.83864
2588	9.83864
2589	9.83864
2590	9.83864
2591	9.83864
2592	9.83864
2593	9.83864
2594	9.83864
2595	9.83864
2596	9.83864
2597	9.83864
2598	9.83864
2599	9.83864
2600	9.83864
2601	9.83864
2602	9.83864
2603	9.83864
2604	9.83864
2605	9.83864
2606	9.83864
2607	9.83864
2608	9.83864
2609	9.83864
2610	9.83864
2611	9.83864
2612	9.84686
2613	10.0321
2614	9.86267
2615	9.83864
2616	9.83864
2617	9.83864
2618	9.83864
2619	9.83864
2620	9.83864
2621	9.83864
2622	9.83864
2623	9.83864
2624	9.84933
2625	9.83864
2626	9.83864
2627	9.83864
2628	9.83864
2629	9.83864
2630	9.83864
2631	9.83864
2632	9.83864
2633	9.83864
2634	9.83864
2635	9.83864
2636	9.83864
2637	9.83864
2638	9.83864
2639	9.83864
2640	9.83864
2641	9.83864
2642	9.83864
2643	9.83864
2644	9.83864
2645	9.83864
2646	9.83864
2647	9.83864
2648	9.83864
2649	9.83864
2650	9.87311
2651	9.84602
2652	9.83864
2653	9.83879
2654	9.83864
2655	9.83864
2656	9.83864
2657	9.83864
2658	9.83864
2659	9.83864
2660	9.83864
2661	9.83864
2662	9.83864
2663	9.83864
2664	9.83864
2665	9.83864
2666	9.83864
2667	9.83864
2668	9.83864
2669	9.83864
2670	9.83864
2671	9.83864
2672	9.83864
2673	9.83864
2674	9.83864
2675	9.83864
2676	9.83864
2677	9.83864
2678	9.83864
2679	9.83864
2680	9.83864
2681	9.83864
2682	9.83864
2683	9.83864
2684	9.83864
2685	9.83864
2686	9.83864
2687	9.83864
2688	9.83864
2689	9.83864
2690	9.83864
2691	9.83864
2692	9.83864
2693	9.83864
2694	9.83864
2695	9.83864
2696	9.83864
2697	9.83864
2698	9.83864
2699	9.83864
2700	9.83864
2701	9.83864
2702	9.83864
2703	9.83864
2704	9.83864
2705	9.83864
2706	9.83864
2707	9.83864
2708	9.83864
2709	9.9191
2710	9.83864
2711	9.83864
2712	9.83864
2713	9.83864
2714	9.83864
2715	9.83864
2716	9.83864
2717	9.83864
2718	9.83864
2719	9.83864
2720	9.83864
2721	9.83864
2722	9.83864
2723	9.83864
2724	9.84192
2725	9.83868
2726	9.83864
2727	9.83864
2728	9.83864
2729	9.83864
2730	9.83864
2731	9.83864
2732	9.83864
2733	9.83864
2734	9.83864
2735	9.83864
2736	9.83864
2737	9.83864
2738	9.83864
2739	9.83864
2740	9.83864
2741	9.83864
2742	9.83864
2743	9.83864
2744	9.83864
2745	9.83864
2746	9.83864
2747	9.83864
2748	9.83864
2749	9.83864
2750	9.83864
2751	9.83864
2752	9.83864
2753	9.83864
2754	9.83864
2755	9.83864
2756	9.83864
2757	9.83864
2758	9.83864
2759	9.83864
2760	9.83864
2761	9.84144
2762	9.84169
2763	9.83864
2764	9.83864
2765	9.83864
2766	9.83864
2767	9.83864
2768	9.83864
2769	9.83864
2770	9.83864
2771	9.83864
2772	9.83864
2773	9.83864
2774	9.83864
2775	9.83864
2776	9.83864
2777	9.83864
2778	9.83864
2779	9.83864
2780	9.83864
2781	9.87911
2782	9.87044
2783	9.87651
2784	9.84321
2785	9.83864
2786	9.83864
2787	9.83864
2788	9.83864
2789	9.83864
2790	9.83864
2791	9.83864
2792	9.83864
2793	9.83864
2794	9.83864
2795	9.83864
2796	9.83864
2797	9.83864
2798	9.83864
2799	9.83864
2800	9.83864
2801	9.83864
2802	9.83864
2803	9.83864
2804	9.83864
2805	9.83864
2806	9.83864
2807	9.83864
2808	9.83864
2809	9.91314
2810	9.84788
2811	9.87665
2812	9.86351
2813	9.83864
2814	9.83864
2815	9.83864
2816	9.83864
2817	9.83864
2818	9.83864
2819	9.83868
2820	9.83864
2821	9.83864
2822	9.83864
2823	9.83864
2824	9.84791
2825	9.91168
2826	10.0336
2827	10.2504
2828	9.93639
2829	9.83864
2830	9.83868
2831	9.83864
2832	9.83864
2833	9.83864
2834	9.83864
2835	9.8874
2836	9.85544
2837	9.83864
2838	9.83864
2839	9.83864
2840	9.83864
2841	9.83864
2842	9.83864
2843	9.83864
2844	9.83864
2845	9.83864
2846	9.83864
2847	9.83864
2848	9.83864
2849	9.83864
2850	9.83864
2851	9.83864
2852	9.83864
2853	9.83864
2854	9.83864
2855	9.83864
2856	9.83864
2857	9.83864
2858	9.83864
2859	9.83864
2860	9.83864
2861	9.83864
2862	9.83864
2863	9.83864
2864	9.83864
2865	9.83864
2866	9.83864
2867	9.83864
2868	9.83864
2869	9.83864
2870	9.83864
2871	9.83864
2872	9.83864
2873	9.83864
2874	9.83864
2875	9.83864
2876	9.83864
2877	9.83864
2878	9.83864
2879	9.83887
2880	9.83864
2881	9.83864
2882	9.83864
2883	9.83864
2884	9.83864
2885	9.83864
2886	9.83864
2887	9.83864
2888	9.83864
2889	9.83864
2890	9.83864
2891	9.83864
2892	9.83864
2893	9.83864
2894	9.83864
2895	9.83864
2896	9.83864
2897	9.83864
2898	9.83864
2899	9.83864
2900	9.83864
2901	9.83864
2902	9.83864
2903	9.83864
2904	9.83864
2905	9.83864
2906	9.83864
2907	9.83864
2908	9.83864
2909	9.83864
2910	9.83864
2911	9.83864
2912	9.83864
2913	9.83864
2914	9.83864
2915	9.83864
2916	9.83864
2917	9.83864
2918	9.83864
2919	9.83864
2920	9.83864
2921	9.83864
2922	9.83864
2923	9.83864
2924	9.83868
2925	9.84835
2926	9.83868
2927	9.83864
2928	9.83864
2929	9.85119
2930	9.89068
2931	9.84195
2932	9.83864
2933	9.83864
2934	9.86193
2935	9.9236
2936	9.92497
2937	9.83868
2938	9.83864
2939	9.83864
2940	9.83864
2941	9.83864
2942	9.83864
2943	9.83864
2944	9.83864
2945	9.83864
2946	9.83864
2947	9.83864
2948	9.83864
2949	9.83864
2950	9.83864
2951	9.83864
2952	9.83864
2953	9.83864
2954	9.83864
2955	9.83864
2956	9.83864
2957	9.83864
2958	9.83864
2959	9.83864
2960	9.83864
2961	9.83864
2962	9.83864
2963	9.83864
2964	9.83864
2965	9.83864
2966	9.83864
2967	9.83864
2968	9.83864
2969	9.83864
2970	9.83864
2971	9.83864
2972	9.83864
2973	9.83864
2974	9.83864
2975	9.83864
2976	9.83864
2977	9.83864
2978	9.83864
2979	9.84295
2980	9.83864
2981	9.83864
2982	9.83864
2983	9.83864
2984	9.83864
2985	9.83864
2986	9.83864
2987	9.83864
2988	9.83864
2989	9.83864
2990	9.83864
2991	9.83864
2992	9.83864
2993	9.83864
2994	9.83864
2995	9.83864
2996	9.83864
2997	9.83864
2998	9.83864
2999	9.83864
3000	9.83864
3001	9.83864
3002	9.83864
3003	9.83864
3004	9.83864
3005	9.83864
3006	9.83864
3007	9.83864
3008	9.83864
3009	9.83864
3010	9.83864
3011	9.83864
3012	9.83967
3013	9.83864
3014	9.83864
3015	9.83864
3016	9.83864
3017	9.83864
3018	9.83864
3019	9.83864
3020	9.83864
3021	9.83864
3022	9.83864
3023	9.83864
3024	9.83864
3025	9.83864
3026	9.83864
3027	9.83864
3028	9.83864
3029	9.83864
3030	9.83864
3031	9.83957
3032	9.83864
3033	9.83864
3034	9.83864
3035	9.83864
3036	9.83864
3037	9.83864
3038	9.83864
3039	9.83864
3040	9.83864
3041	9.83864
3042	9.83864
3043	9.83864
3044	9.83864
3045	9.83864
3046	9.83864
3047	9.83864
3048	9.84288
3049	9.83864
3050	9.83864
3051	9.83864
3052	9.83864
3053	9.83864
3054	9.83864
3055	9.83864
3056	9.83864
3057	9.83864
3058	9.83864
3059	9.83864
3060	9.83864
3061	9.83864
3062	9.83864
3063	9.83864
3064	9.8617
3065	9.90364
3066	9.89666
3067	9.94414
3068	9.83864
3069	9.83864
3070	9.83864
3071	9.86017
3072	9.83864
3073	9.83864
3074	9.83864
3075	9.83864
3076	9.83864
3077	9.83864
3078	9.83864
3079	9.83864
3080	9.83864
3081	9.83864
3082	9.83864
3083	9.83864
3084	9.83864
3085	9.83864
3086	9.83864
3087	9.83864
3088	9.83864
3089	9.83864
3090	9.83864
3091	9.83864
3092	9.83864
3093	9.83864
3094	9.83864
3095	9.83864
3096	9.83864
3097	9.83864
3098	9.83864
3099	9.83864
3100	9.83864
3101	9.83864
3102	9.83864
3103	9.83864
3104	9.83864
3105	9.83864
3106	9.83864
3107	9.83864
3108	9.83864
3109	9.83864
3110	9.83864
3111	9.83864
3112	9.83864
3113	9.83864
3114	9.83864
3115	9.83864
3116	9.83864
3117	9.83864
3118	9.83864
3119	9.83864
3120	9.83864
3121	9.83864
3122	9.83971
3123	9.83864
3124	9.83864
3125	9.83864
3126	9.83864
3127	9.83864
3128	9.83864
3129	9.91744
3130	9.89486
3131	9.932
3132	9.90699
3133	9.84191
3134	9.83864
3135	9.83864
3136	9.83864
3137	9.83864
3138	9.83864
3139	9.83864
3140	9.83864
3141	9.83864
3142	9.83864
3143	9.83864
3144	9.83864
3145	9.83864
3146	9.83864
3147	9.83864
3148	9.83864
3149	9.83864
3150	9.83864
3151	9.83864
3152	9.83864
3153	9.83864
3154	9.83864
3155	9.83864
3156	9.83864
3157	9.83864
3158	9.83864
3159	9.83864
3160	9.83864
3161	9.83864
3162	9.83864
3163	9.83864
3164	9.83864
3165	9.84459
3166	9.83864
3167	9.83864
3168	9.83864
3169	9.83864
3170	9.83864
3171	9.83864
3172	9.83864
3173	9.83864
3174	9.83864
3175	9.83864
3176	9.83864
3177	9.83864
3178	9.83864
3179	9.83864
3180	9.83864
3181	9.83864
3182	9.83864
3183	9.83864
3184	9.83864
3185	9.83864
3186	9.83864
3187	9.83864
3188	9.83864
3189	9.83864
3190	9.83864
3191	9.83864
3192	9.83864
3193	9.83864
3194	9.83864
3195	9.83864
3196	9.83864
3197	9.83868
3198	9.83864
3199	9.83864
3200	9.83864
3201	9.83864
3202	9.83864
3203	9.83864
3204	9.83864
3205	9.83864
3206	9.83864
3207	9.8416
3208	9.84074
3209	9.83864
3210	9.83864
3211	9.83864
3212	9.83864
3213	9.83864
3214	9.83864
3215	9.83864
3216	9.83864
3217	9.83864
3218	9.83864
3219	9.83864
3220	9.83864
3221	9.83864
3222	9.83864
3223	9.83864
3224	9.83864
3225	9.83864
3226	9.83864
3227	9.83864
3228	9.83864
3229	9.83864
3230	9.83864
3231	9.83864
3232	9.83864
3233	9.83864
3234	9.84625
3235	9.84175
3236	9.83864
3237	9.83864
3238	9.83864
3239	9.83864
3240	9.83864
3241	9.83864
3242	9.83864
3243	9.83864
3244	9.83864
3245	9.83864
3246	9.83864
3247	9.83864
3248	9.83864
3249	9.83864
3250	9.83864
3251	9.83864
3252	9.83864
3253	9.83864
3254	9.83864
3255	9.83864
3256	9.83864
3257	9.83864
3258	9.85985
3259	9.83864
3260	9.83864
3261	9.83864
3262	9.83864
3263	9.83864
3264	9.83864
3265	9.83864
3266	9.83864
3267	9.83864
3268	9.83864
3269	9.83864
3270	9.83864
3271	9.83864
3272	9.83864
3273	9.83864
3274	9.83864
3275	9.83864
3276	9.83864
3277	9.83864
3278	9.83864
3279	9.83864
3280	9.83864
3281	9.83864
3282	9.83864
3283	9.83864
3284	9.83864
3285	9.83864
3286	9.83864
3287	9.83864
3288	9.83864
3289	9.83864
3290	9.83864
3291	9.83864
3292	9.83864
3293	9.83864
3294	9.83864
3295	9.83864
3296	9.83864
3297	9.83864
3298	9.83864
3299	9.83864
3300	9.83864
3301	9.84112
3302	9.83864
3303	9.83864
3304	9.83864
3305	9.83864
3306	9.83864
3307	9.83864
3308	9.83864
3309	9.83864
3310	9.83864
3311	9.83864
3312	9.83864
3313	9.83864
3314	9.83864
3315	9.83864
3316	9.83864
3317	9.83864
3318	9.83864
3319	9.83864
3320	9.83864
3321	9.83864
3322	9.83864
3323	9.83864
3324	9.83864
3325	9.83864
3326	9.83864
3327	9.83864
3328	9.83864
3329	9.83864
3330	9.83864
3331	9.83864
3332	9.83864
3333	9.83864
3334	9.83864
3335	9.83864
3336	9.83864
3337	9.83864
3338	9.83864
3339	9.83864
3340	9.83864
3341	9.84159
3342	9.865
3343	9.85373
3344	9.84351
3345	9.83864
3346	9.83864
3347	9.83864
3348	9.83864
3349	9.83864
3350	9.83864
3351	9.83864
3352	9.83864
3353	9.83864
3354	9.83864
3355	9.83864
3356	9.83864
3357	9.83864
3358	9.83864
3359	9.83864
3360	9.83864
3361	9.83864
3362	9.83864
3363	9.83864
3364	9.83864
3365	9.83864
3366	9.83864
3367	9.83864
3368	9.83864
3369	9.83864
3370	9.83864
3371	9.83864
3372	9.83864
3373	9.83864
3374	9.83864
3375	9.83864
3376	9.83864
3377	9.83864
3378	9.83864
3379	9.83864
3380	9.83864
3381	9.83864
3382	9.83864
3383	9.83864
3384	9.83864
3385	9.83864
3386	9.83864
3387	9.83864
3388	9.83864
3389	9.83864
3390	9.83864
3391	9.83864
3392	9.83864
3393	9.83864
3394	9.83864
3395	9.83864
3396	9.83864
3397	9.83864
3398	9.83864
3399	9.83864
3400	9.83864
3401	9.83864
3402	9.83864
3403	9.83864
3404	9.83864
3405	9.83864
3406	9.83864
3407	9.83864
3408	9.83864
3409	9.83864
3410	9.83864
3411	9.83864
3412	9.83864
3413	9.83864
3414	9.83864
3415	9.83864
3416	9.83864
3417	9.83864
3418	9.83864
3419	9.83864
3420	9.83864
3421	9.83864
3422	9.89456
3423	9.85412
3424	9.85739
3425	9.83864
3426	9.83864
3427	9.84023
3428	9.83864
3429	9.83864
3430	9.83864
3431	9.83864
3432	9.83864
3433	9.83864
3434	9.83864
3435	9.83864
3436	9.83864
3437	9.83864
3438	9.83864
3439	9.83864
3440	9.83864
3441	9.83864
3442	9.83864
3443	9.83864
3444	9.83864
3445	9.83864
3446	9.83864
3447	9.83864
3448	9.83864
3449	9.83864
3450	9.83864
3451	9.83864
3452	9.83864
3453	9.83864
3454	9.83864
3455	9.83864
3456	9.83864
3457	9.83864
3458	9.83864
3459	9.83864
3460	9.83864
3461	9.83864
3462	9.83864
3463	9.83864
3464	9.83864
3465	9.83864
3466	9.83864
3467	9.83864
3468	9.83864
3469	9.83864
3470	9.83864
3471	9.83864
3472	9.83864
3473	9.83864
3474	9.83864
3475	9.83864
3476	9.83864
3477	9.83864
3478	9.83864
3479	9.83864
3480	9.83864
3481	9.83864
3482	9.83864
3483	9.83864
3484	9.83864
3485	9.83864
3486	9.83864
3487	9.83864
3488	9.83864
3489	9.83864
3490	9.83864
3491	9.83864
3492	9.83864
3493	9.83864
3494	9.83864
3495	9.83864
3496	9.83864
3497	9.83864
3498	9.83864
3499	9.88868
3500	9.84356
3501	9.83864
3502	9.83864
3503	9.83864
3504	9.83935
3505	9.83987
3506	9.83864
3507	9.83864
3508	9.83864
3509	9.83868
3510	9.83864
3511	9.83864
3512	9.83864
3513	9.83864
3514	9.83864
3515	9.83864
3516	9.83864
3517	9.83864
3518	9.83864
3519	9.8459
3520	9.83864
3521	9.84487
3522	9.83864
3523	9.83864
3524	9.83864
3525	9.83864
3526	9.83864
3527	9.83864
3528	9.83864
3529	9.83864
3530	9.83864
3531	9.83864
3532	9.83864
3533	9.88103
3534	9.83887
3535	9.88328
3536	9.83864
3537	9.83864
3538	9.83864
3539	9.83864
3540	9.83864
3541	9.83864
3542	9.83864
3543	9.83864
3544	9.83864
3545	9.83864
3546	9.83864
3547	9.83864
3548	9.83864
3549	9.83983
3550	9.83864
3551	9.83864
3552	9.83864
3553	9.83864
3554	9.84837
3555	9.85108
3556	9.83864
3557	9.83864
3558	9.83864
3559	9.83864
3560	9.83864
3561	9.83864
3562	9.83864
3563	9.83864
3564	9.83864
3565	9.83864
3566	9.83864
3567	9.83864
3568	9.83864
3569	9.83864
3570	9.83864
3571	9.83864
3572	9.83864
3573	9.83864
3574	9.83864
3575	9.83864
3576	9.83864
3577	9.84028
3578	9.83864
3579	9.83864
3580	9.83864
3581	9.83864
3582	9.83864
3583	9.83864
3584	9.83864
3585	9.83864
3586	9.83864
3587	9.83879
3588	9.83864
3589	9.83864
3590	9.83864
3591	9.83864
3592	9.83864
3593	9.83864
3594	9.83864
3595	9.83864
3596	9.83864
3597	9.83864
3598	9.83864
3599	9.83864
3600	9.83864
3601	9.83864
3602	9.83864
3603	9.83864
3604	9.83864
3605	9.83864
3606	9.83864
3607	9.83864
3608	9.83864
3609	9.83864
3610	9.83864
3611	9.83864
3612	9.83864
3613	9.83864
3614	9.83864
3615	9.83864
3616	9.83864
3617	9.83864
3618	9.83864
3619	9.83864
3620	9.83864
3621	9.83864
3622	9.83864
3623	9.83864
3624	9.83864
3625	9.83864
3626	9.83864
3627	9.83864
3628	9.83864
3629	9.83864
3630	9.83864
3631	9.83864
3632	9.83864
3633	9.83864
3634	9.83864
3635	9.83864
3636	9.83864
3637	9.83864
3638	9.83864
3639	9.83864
3640	9.83864
3641	9.83864
3642	9.83864
3643	9.83864
3644	9.83864
3645	9.83864
3646	9.83864
3647	9.83864
3648	9.83864
3649	9.83864
3650	9.83864
3651	9.83864
3652	9.83864
3653	9.83864
3654	9.83864
3655	9.83864
3656	9.8565
3657	9.83864
3658	9.83864
3659	9.83864
3660	9.83864
3661	9.83864
3662	9.83864
3663	9.83864
3664	9.83864
3665	9.83864
3666	9.83864
3667	9.83864
3668	9.83864
3669	9.83864
3670	9.83864
3671	9.83864
3672	9.83864
3673	9.83864
3674	9.83864
3675	9.83864
3676	9.83864
3677	9.83864
3678	9.83864
3679	9.83864
3680	9.83864
3681	9.83864
3682	9.83864
3683	9.83864
3684	9.83864
3685	9.83864
3686	9.83864
3687	9.83864
3688	9.83864
3689	9.83864
3690	9.83864
3691	9.83864
3692	9.83864
3693	9.83864
3694	9.83864
3695	9.84168
3696	9.83887
3697	9.83864
3698	9.83864
3699	9.83864
3700	9.83864
3701	9.84042
3702	9.83864
3703	9.83864
3704	9.83864
3705	9.83864
3706	9.83864
3707	9.84076
3708	9.83864
3709	9.83864
3710	9.83864
3711	9.83864
3712	9.83864
3713	9.83864
3714	9.83864
3715	9.83864
3716	9.83864
3717	9.83864
3718	9.83864
3719	9.83864
3720	9.83864
3721	9.83864
3722	9.83864
3723	9.83864
3724	9.83864
3725	9.83864
3726	9.83864
3727	9.83864
3728	9.83864
3729	9.83864
3730	9.83864
3731	9.83864
3732	9.83864
3733	9.83864
3734	9.83864
3735	9.83864
3736	9.83864
3737	9.83864
3738	9.83864
3739	9.83864
3740	9.83864
3741	9.83864
3742	9.83864
3743	9.83864
3744	9.83864
3745	9.83864
3746	9.83864
3747	9.83864
3748	9.83864
3749	9.83864
3750	9.83864
3751	9.83864
3752	9.83864
3753	9.83864
3754	9.83864
3755	9.83864
3756	9.83864
3757	9.83886
3758	9.83864
3759	9.83864
3760	9.83864
3761	9.83864
3762	9.83864
3763	9.83864
3764	9.83864
3765	9.83967
3766	9.83864
3767	9.83864
3768	9.83864
3769	9.83864
3770	9.83864
3771	9.83864
3772	9.83864
3773	9.83864
3774	9.83864
3775	9.83864
3776	9.83864
3777	9.83864
3778	9.83864
3779	9.83864
3780	9.83864
3781	9.83864
3782	9.83864
3783	9.83864
3784	9.83864
3785	9.83864
3786	9.83864
3787	9.83864
3788	9.83864
3789	9.83864
3790	9.83864
3791	9.83871
3792	9.83864
3793	9.83864
3794	9.83864
3795	9.83864
3796	9.84575
3797	9.83864
3798	9.83864
3799	9.83864
3800	9.84704
3801	9.84201
3802	9.83864
3803	9.83864
3804	9.83864
3805	9.83864
3806	9.83864
3807	9.83864
3808	9.83864
3809	9.83864
3810	9.83864
3811	9.83864
3812	9.83864
3813	9.83864
3814	9.83864
3815	9.83864
3816	9.83864
3817	9.83864
3818	9.83864
3819	9.83864
3820	9.83864
3821	9.83864
3822	9.83864
3823	9.83864
3824	9.83864
3825	9.83864
3826	9.83864
3827	9.83864
3828	9.83864
3829	9.83864
3830	9.83864
3831	9.83864
3832	9.83864
3833	9.83864
3834	9.83864
3835	9.83864
3836	9.83864
3837	9.83864
3838	9.83864
3839	9.83864
3840	9.83864
3841	9.83864
3842	9.83864
3843	9.83864
3844	9.83864
3845	9.83864
3846	9.83864
3847	9.83864
3848	9.83864
3849	9.83864
3850	9.83864
3851	9.83864
3852	9.83864
3853	9.83864
3854	9.83864
3855	9.85317
3856	9.83868
3857	9.83864
3858	9.83864
3859	9.83864
3860	9.83864
3861	9.83864
3862	9.83864
3863	9.83864
3864	9.83864
3865	9.83864
3866	9.83864
3867	9.83864
3868	9.83864
3869	9.83864
3870	9.83864
3871	9.83864
3872	9.83864
3873	9.83864
3874	9.83864
3875	9.83864
3876	9.83864
3877	9.83864
3878	9.83864
3879	9.83864
3880	9.83864
3881	9.83864
3882	9.83864
3883	9.83864
3884	9.83864
3885	9.83864
3886	9.83864
3887	9.83864
3888	9.83864
3889	9.83864
3890	9.83864
3891	9.83864
3892	9.83864
3893	9.83864
3894	9.83864
3895	9.83864
3896	9.83864
3897	9.83864
3898	9.83864
3899	9.83864
3900	9.83864
3901	9.83864
3902	9.83864
3903	9.83864
3904	9.83864
3905	9.83864
3906	9.83864
3907	9.83864
3908	9.83864
3909	9.83864
3910	9.83864
3911	9.83864
3912	9.83864
3913	9.83864
3914	9.83864
3915	9.83864
3916	9.83864
3917	9.83864
3918	9.83864
3919	9.83864
3920	9.83864
3921	9.83864
3922	9.83864
3923	9.83864
3924	9.83864
3925	9.83864
3926	9.83864
3927	9.83864
3928	9.84728
3929	9.83864
3930	9.83864
3931	9.83864
3932	9.83864
3933	9.83864
3934	9.83864
3935	9.83864
3936	9.83864
3937	9.83864
3938	9.83864
3939	9.83864
3940	9.83864
3941	9.83864
3942	9.83864
3943	9.83864
3944	9.83864
3945	9.83864
3946	9.83864
3947	9.83864
3948	9.83864
3949	9.83864
3950	9.83864
3951	9.83864
3952	9.83864
3953	9.83864
3954	9.83993
3955	9.83864
3956	9.83864
3957	9.83864
3958	9.83864
3959	9.83864
3960	9.83864
3961	9.83864
3962	9.83864
3963	9.83864
3964	9.83864
3965	9.83864
3966	9.83864
3967	9.83864
3968	9.83864
3969	9.83864
3970	9.83864
3971	9.83864
3972	9.83864
3973	9.83864
3974	9.83864
3975	9.83864
3976	9.83864
3977	9.83864
3978	9.83864
3979	9.83864
3980	9.83864
3981	9.83864
3982	9.83864
3983	9.83864
3984	9.83864
3985	9.83864
3986	9.83864
3987	9.83864
3988	9.83864
3989	9.83864
3990	9.83864
3991	9.83864
3992	9.83864
3993	9.83864
3994	9.83864
3995	9.83864
3996	9.83864
3997	9.83864
3998	9.83864
3999	9.83864
4000	9.83864
4001	9.83864
4002	9.83864
4003	9.83864
4004	9.83864
4005	9.83864
4006	9.83864
4007	9.83864
4008	9.83864
4009	9.83864
4010	9.83864
4011	9.83864
4012	9.83864
4013	9.83864
4014	9.83864
4015	9.83864
4016	9.83864
4017	9.83864
4018	9.83864
4019	9.83864
4020	9.83864
4021	9.83864
4022	9.83864
4023	9.83864
4024	9.83864
4025	9.83864
4026	9.83864
4027	9.83864
4028	9.83864
4029	9.83864
4030	9.83864
4031	9.83864
4032	9.83864
4033	9.83864
4034	9.83864
4035	9.83864
4036	9.83864
4037	9.83864
4038	9.83864
4039	9.83864
4040	9.83864
4041	9.83864
4042	9.83864
4043	9.83864
4044	9.83864
4045	9.83864
4046	9.83864
4047	9.83864
4048	9.83864
4049	9.83864
4050	9.83864
4051	9.83864
4052	9.83864
4053	9.83864
4054	9.83864
4055	9.83864
4056	9.83864
4057	9.86522
4058	9.83864
4059	9.83864
4060	9.83864
4061	9.83864
4062	9.83864
4063	9.83864
4064	9.84285
4065	9.84388
4066	9.83864
4067	9.83864
4068	9.83868
4069	9.88413
4070	9.90259
4071	9.92665
4072	9.83864
4073	9.83864
4074	9.85616
4075	9.83864
4076	9.83864
4077	9.83864
4078	9.83864
4079	9.83864
4080	9.83864
4081	9.83864
4082	9.83864
4083	9.83864
4084	9.83864
4085	9.83864
4086	9.83864
4087	9.83864
4088	9.83864
4089	9.83864
4090	9.83864
4091	9.83864
4092	9.83864
4093	9.83864
4094	9.83864
4095	9.83864
4096	9.83864
4097	9.83864
4098	9.83864
4099	9.83864
4100	9.83864
4101	9.83864
4102	9.83864
4103	9.83864
4104	9.83875
4105	9.83871
4106	9.83864
4107	9.83864
4108	9.83864
4109	9.83864
4110	9.83864
4111	9.83864
4112	9.83864
4113	9.83864
4114	9.83864
4115	9.83864
4116	9.83864
4117	9.83864
4118	9.83864
4119	9.83864
4120	9.83864
4121	9.83864
4122	9.83864
4123	9.83864
4124	9.83864
4125	9.83864
4126	9.83864
4127	9.83864
4128	9.83864
4129	9.83864
4130	9.83864
4131	9.83864
4132	9.83864
4133	9.83864
4134	9.83864
4135	9.83864
4136	9.83864
4137	9.8532
4138	9.84023
4139	9.83967
4140	9.83864
4141	9.84175
4142	9.83864
4143	9.83864
4144	9.83864
4145	9.83864
4146	9.83864
4147	9.83868
4148	9.83864
4149	9.83864
4150	9.83864
4151	9.83864
4152	9.83864
4153	9.83864
4154	9.83864
4155	9.83864
4156	9.83864
4157	9.83864
4158	9.83864
4159	9.83864
4160	9.83864
4161	9.83864
4162	9.83864
4163	9.83864
4164	9.83864
4165	9.83864
4166	9.83864
4167	9.83864
4168	9.83864
4169	9.83864
4170	9.83864
4171	9.83864
4172	9.83864
4173	9.83864
4174	9.83864
4175	9.83864
4176	9.83864
4177	9.83864
4178	9.83864
4179	9.83864
4180	9.83864
4181	9.83864
4182	9.83864
4183	9.83864
4184	9.83864
4185	9.83864
4186	9.83864
4187	9.83864
4188	9.83864
4189	9.83864
4190	9.83864
4191	9.83864
4192	9.83864
4193	9.83864
4194	9.83864
4195	9.83864
4196	9.83864
4197	9.83864
4198	9.87136
4199	9.83864
4200	9.83864
4201	9.83864
4202	9.83864
4203	9.83864
4204	9.83864
4205	9.83864
4206	9.83864
4207	9.83864
4208	9.83864
4209	9.83864
4210	9.83864
4211	9.83864
4212	9.83864
4213	9.83864
4214	9.83864
4215	9.83864
4216	9.83864
4217	9.83864
4218	9.83864
4219	9.83864
4220	9.83864
4221	9.83864
4222	9.83864
4223	9.83864
4224	9.83864
4225	9.83864
4226	9.87543
4227	9.83864
4228	9.83864
4229	9.83864
4230	9.83864
4231	9.83864
4232	9.83864
4233	9.83864
4234	9.83864
4235	9.83864
4236	9.83864
4237	9.83864
4238	9.83864
4239	9.83864
4240	9.83864
4241	9.83864
4242	9.83864
4243	9.83864
4244	9.83864
4245	9.83864
4246	9.83864
4247	9.83864
4248	9.83864
4249	9.83864
4250	9.83864
4251	9.83864
4252	9.83864
4253	9.83864
4254	9.83864
4255	9.83864
4256	9.83864
4257	9.83864
4258	9.83864
4259	9.83864
4260	9.83864
4261	9.84278
4262	9.83864
4263	9.87976
4264	9.83864
4265	9.83864
4266	9.83864
4267	9.83864
4268	9.83864
4269	9.83864
4270	9.83864
4271	9.83864
4272	9.83864
4273	9.83864
4274	9.83864
4275	9.83864
4276	9.83864
4277	9.83864
4278	9.83864
4279	9.83864
4280	9.83864
4281	9.83864
4282	9.83864
4283	9.83864
4284	9.83864
4285	9.83864
4286	9.83864
4287	9.83864
4288	9.83864
4289	9.83864
4290	9.83864
4291	9.83864
4292	9.83864
4293	9.83864
4294	9.83864
4295	9.83864
4296	9.83864
4297	9.83864
4298	9.83864
4299	9.83864
4300	9.83864
4301	9.83864
4302	9.8447
4303	9.83864
4304	9.83864
4305	9.83864
4306	9.83864
4307	9.83864
4308	9.83864
4309	9.83864
4310	9.83864
4311	9.83864
4312	9.83864
4313	9.83864
4314	9.83864
4315	9.83864
4316	9.83864
4317	9.83864
4318	9.83864
4319	9.83864
4320	9.83864
4321	9.83864
4322	9.83864
4323	9.90475
4324	9.83887
4325	9.83864
4326	9.83864
4327	9.83864
4328	9.83864
4329	9.83864
4330	9.83864
4331	9.83864
4332	9.83864
4333	9.83864
4334	9.83864
4335	9.83864
4336	9.83864
4337	9.83864
4338	9.83864
4339	9.83864
4340	9.87321
4341	9.83864
4342	9.83864
4343	9.83864
4344	9.83864
4345	9.83864
4346	9.83864
4347	9.83864
4348	9.83864
4349	9.83864
4350	9.83864
4351	9.83864
4352	9.83864
4353	9.83864
4354	9.83864
4355	9.83864
4356	9.8765
4357	9.83864
4358	9.83864
4359	9.83967
4360	9.83864
4361	9.83864
4362	9.83864
4363	9.89643
4364	9.83864
4365	9.83864
4366	9.84298
4367	9.83864
4368	9.84082
4369	9.83864
4370	9.83864
4371	9.83864
4372	9.83864
4373	9.83864
4374	9.83864
4375	9.83864
4376	9.83864
4377	9.83864
4378	9.83864
4379	9.83864
4380	9.83864
4381	9.83864
4382	9.83864
4383	9.83864
4384	9.83864
4385	9.83864
4386	9.83864
4387	9.83864
4388	9.83864
4389	9.83864
4390	9.83864
4391	9.83864
4392	9.83864
4393	9.83864
4394	9.83864
4395	9.83864
4396	9.83864
4397	9.83864
4398	9.83875
4399	9.83864
4400	9.83864
4401	9.83864
4402	9.83864
4403	9.83864
4404	9.83864
4405	9.83864
4406	9.83864
4407	9.83864
4408	9.83864
4409	9.83864
4410	9.83864
4411	9.83864
4412	9.83864
4413	9.83864
4414	9.83864
4415	9.83864
4416	9.83864
4417	9.83864
4418	9.83864
4419	9.83864
4420	9.83864
4421	9.83864
4422	9.83875
4423	9.83864
4424	9.83864
4425	9.83864
4426	9.83864
4427	9.83864
4428	9.83864
4429	9.87443
4430	9.83864
4431	9.83864
4432	9.83864
4433	9.83864
4434	9.83864
4435	9.83864
4436	9.83864
4437	9.83864
4438	9.88693
4439	9.83864
4440	9.83864
4441	9.83864
4442	9.83864
4443	9.83864
4444	9.83864
4445	9.83864
4446	9.83864
4447	9.83864
4448	9.83864
4449	9.83864
4450	9.83864
4451	9.83864
4452	9.83864
4453	9.83864
4454	9.83864
4455	9.83864
4456	9.83864
4457	9.83864
4458	9.83864
4459	9.83864
4460	9.83864
4461	9.83864
4462	9.83864
4463	9.83864
4464	9.83864
4465	9.83864
4466	9.83864
4467	9.83864
4468	9.83864
4469	9.83864
4470	9.83957
4471	9.85361
4472	9.92159
4473	9.83875
4474	9.83864
4475	9.83864
4476	9.83864
4477	9.83864
4478	9.83923
4479	9.83875
4480	9.83864
4481	9.83864
4482	9.83864
4483	9.83864
4484	9.83864
4485	9.83864
4486	9.83864
4487	9.83864
4488	9.83864
4489	9.83864
4490	9.83864
4491	9.83864
4492	9.83864
4493	9.83864
4494	9.83864
4495	9.83864
4496	9.83864
4497	9.83864
4498	9.83864
4499	9.83864
4500	9.83864
4501	9.83864
4502	9.83864
4503	9.83864
4504	9.83864
4505	9.83864
4506	9.83864
4507	9.83864
4508	9.83864
4509	9.83864
4510	9.83864
4511	9.83864
4512	9.83864
4513	9.83864
4514	9.83864
4515	9.83864
4516	9.83864
4517	9.83864
4518	9.83864
4519	9.83864
4520	9.83864
4521	9.83864
4522	9.83864
4523	9.83864
4524	9.83864
4525	9.83864
4526	9.83864
4527	9.83864
4528	9.83864
4529	9.83864
4530	9.83864
4531	9.83864
4532	9.83864
4533	9.83864
4534	9.83864
4535	9.83864
4536	9.83864
4537	9.83864
4538	9.83864
4539	9.83868
4540	9.83864
4541	9.85553
4542	9.84144
4543	9.91367
4544	9.85962
4545	9.83864
4546	9.84041
4547	9.83864
4548	9.83864
4549	9.83864
4550	9.83864
4551	9.83864
4552	9.83864
4553	9.83864
4554	9.83864
4555	9.83864
4556	9.83864
4557	9.83864
4558	9.83864
4559	9.83864
4560	9.83864
4561	9.83864
4562	9.83864
4563	9.83864
4564	9.83864
4565	9.83864
4566	9.83864
4567	9.83864
4568	9.83864
4569	9.83864
4570	9.83864
4571	9.83864
4572	9.83864
4573	9.83864
4574	9.83864
4575	9.83864
4576	9.83864
4577	9.83864
4578	9.83864
4579	9.83864
4580	9.83864
4581	9.83864
4582	9.83864
4583	9.84217
4584	9.84082
4585	9.83864
4586	9.85414
4587	9.83864
4588	9.83864
4589	9.84368
4590	9.83864
4591	9.83864
4592	9.83864
4593	9.83875
4594	9.84192
4595	9.83864
4596	9.83864
4597	9.83864
4598	9.83864
4599	9.83864
4600	9.83864
4601	9.83864
4602	9.83864
4603	9.83864
4604	9.83864
4605	9.83864
4606	9.83864
4607	9.83864
4608	9.83864
4609	9.83864
4610	9.83864
4611	9.83864
4612	9.83864
4613	9.83864
4614	9.83864
4615	9.83864
4616	9.83864
4617	9.83864
4618	9.83864
4619	9.83864
4620	9.84104
4621	9.8873
4622	9.85244
4623	9.83864
4624	9.83864
4625	9.83864
4626	9.83864
4627	9.83864
4628	9.83864
4629	9.83864
4630	9.83864
4631	9.83864
4632	9.83864
4633	9.83864
4634	9.83864
4635	9.83864
4636	9.83864
4637	9.83864
4638	9.83864
4639	9.83887
4640	9.83864
4641	9.83864
4642	9.83967
4643	9.84093
4644	9.83864
4645	9.83864
4646	9.83864
4647	9.83864
4648	9.83864
4649	9.83864
4650	9.83864
4651	9.83864
4652	9.83864
4653	9.83864
4654	9.83864
4655	9.83864
4656	9.83864
4657	9.83864
4658	9.83864
4659	9.83864
4660	9.83864
4661	9.83864
4662	9.83864
4663	9.83864
4664	9.83864
4665	9.83864
4666	9.83864
4667	9.83864
4668	9.83864
4669	9.84145
4670	9.83864
4671	9.83864
4672	9.83864
4673	9.84192
4674	9.83864
4675	9.83864
4676	9.83864
4677	9.83864
4678	9.83864
4679	9.83864
4680	9.83864
4681	9.83864
4682	9.83864
4683	9.83864
4684	9.83864
4685	9.83864
4686	9.83864
4687	9.83864
4688	9.83864
4689	9.83864
4690	9.83864
4691	9.83864
4692	9.83864
4693	9.83864
4694	9.83864
4695	9.83864
4696	9.83864
4697	9.83864
4698	9.83864
4699	9.83864
4700	9.83864
4701	9.83864
4702	9.83864
4703	9.83864
4704	9.89285
4705	9.83864
4706	9.83864
4707	9.83864
4708	9.83864
4709	9.83864
4710	9.84034
4711	9.83864
4712	9.83864
4713	9.83864
4714	9.83864
4715	9.83864
4716	9.83864
4717	9.83864
4718	9.83864
4719	9.83864
4720	9.83864
4721	9.83864
4722	9.83864
4723	9.83864
4724	9.83864
4725	9.83864
4726	9.83864
4727	9.83864
4728	9.83864
4729	9.83864
4730	9.83864
4731	9.83909
4732	9.83864
4733	9.83864
4734	9.83864
4735	9.83864
4736	9.84463
4737	9.83864
4738	9.83864
4739	9.83864
4740	9.83864
4741	9.83864
4742	9.83864
4743	9.83864
4744	9.83864
4745	9.83864
4746	9.83864
4747	9.83864
4748	9.83864
4749	9.83864
4750	9.83864
4751	9.83864
4752	9.83864
4753	9.83864
4754	9.83864
4755	9.83864
4756	9.88607
4757	9.87651
4758	9.83864
4759	9.83864
4760	9.83864
4761	9.83864
4762	9.83864
4763	9.83864
4764	9.83864
4765	9.83864
4766	9.83864
4767	9.83864
4768	9.83864
4769	9.83864
4770	9.83864
4771	9.83864
4772	9.83864
4773	9.83864
4774	9.83864
4775	9.83864
4776	9.83864
4777	9.83864
4778	9.83864
4779	9.83864
4780	9.83864
4781	9.83875
4782	9.87039
4783	9.83864
4784	9.83868
4785	9.8389
4786	9.83864
4787	9.83864
4788	9.83864
4789	9.87747
4790	9.83864
4791	9.83864
4792	9.83864
4793	9.83879
4794	9.83864
4795	9.83864
4796	9.83864
4797	9.83864
4798	9.85101
4799	9.83864
4800	9.83864
4801	9.83864
4802	9.83864
4803	9.83864
4804	9.83864
4805	9.83864
4806	9.83868
4807	9.8485
4808	9.95306
4809	9.856
4810	9.85195
4811	9.84098
4812	9.97163
4813	9.88797
4814	9.84207
4815	9.83864
4816	9.83864
4817	9.84041
4818	9.83864
4819	9.83864
4820	9.83864
4821	9.83864
4822	9.83864
4823	9.83864
4824	9.83864
4825	9.83864
4826	9.83875
4827	9.83864
4828	9.83864
4829	9.83864
4830	9.83864
4831	9.83864
4832	9.83864
4833	9.83864
4834	9.83864
4835	9.83864
4836	9.83864
4837	9.83864
4838	9.83864
4839	9.83864
4840	9.83864
4841	9.83864
4842	9.83864
4843	9.83864
4844	9.83864
4845	9.83864
4846	9.83864
4847	9.83864
4848	9.84082
4849	9.83864
4850	9.83864
4851	9.83864
4852	9.83864
4853	9.83864
4854	9.83864
4855	9.83864
4856	9.83864
4857	9.83864
4858	9.89934
4859	9.84089
4860	9.83864
4861	9.83864
4862	9.84041
4863	9.83864
4864	9.83864
4865	9.83864
4866	9.83864
4867	9.83864
4868	9.83864
4869	9.83864
4870	9.83864
4871	9.83864
4872	9.83864
4873	9.83864
4874	9.83864
4875	9.83864
4876	9.83864
4877	9.83864
4878	9.83864
4879	9.83864
4880	9.83864
4881	9.83875
4882	9.83864
4883	9.83864
4884	9.83864
4885	9.83864
4886	9.83875
4887	9.85718
4888	9.83864
4889	9.83864
4890	9.83864
4891	9.83864
4892	9.83864
4893	9.83864
4894	9.83864
4895	9.83864
4896	9.83864
4897	9.83864
4898	9.83864
4899	9.83864
4900	9.83864
4901	9.83864
4902	9.83864
4903	9.83864
4904	9.84041
4905	9.83864
4906	9.83864
4907	9.83864
4908	9.83864
4909	9.83864
4910	9.83864
4911	9.83931
4912	9.8389
4913	9.83864
4914	9.83864
4915	9.83864
4916	9.83864
4917	9.83864
4918	9.83864
4919	9.83864
4920	9.83864
4921	9.83864
4922	9.83864
4923	9.83864
4924	9.83864
4925	9.83864
4926	9.83864
4927	9.84237
4928	9.83864
4929	9.83864
4930	9.83864
4931	9.83864
4932	9.84332
4933	9.83864
4934	9.83864
4935	9.83864
4936	9.83864
4937	9.83864
4938	9.83864
4939	9.83864
4940	9.83864
4941	9.83864
4942	9.83864
4943	9.83864
4944	9.83864
4945	9.83864
4946	9.83864
4947	9.83864
4948	9.83864
4949	9.83864
4950	9.8654
4951	9.83864
4952	9.84295
4953	9.83864
4954	9.83864
4955	9.83957
4956	9.84862
4957	9.83887
4958	9.83864
4959	9.83864
4960	9.83864
4961	9.83864
4962	9.83864
4963	9.83864
4964	9.83864
4965	9.83864
4966	9.83864
4967	9.83864
4968	9.83864
4969	9.83864
4970	9.83864
4971	9.83864
4972	9.83864
4973	9.83864
4974	9.83864
4975	9.84017
4976	9.83864
4977	9.83864
4978	9.83864
4979	9.83864
4980	9.83864
4981	9.83868
4982	9.83957
4983	9.83864
4984	9.83864
4985	9.83864
4986	9.84295
4987	9.83864
4988	9.83864
4989	9.83864
4990	9.85634
4991	9.85647
4992	9.83864
4993	9.83864
4994	9.83864
4995	9.83864
4996	9.83864
4997	9.83864
4998	9.83864
4999	9.83864
5000	9.83864
