1	36.9334
2	35.3515
3	33.1805
4	32.1791
5	31.0192
6	30.0129
7	29.1195
8	27.9616
9	27.3515
10	26.8147
11	26.3891
12	26.0318
13	25.2483
14	24.6579
15	24.1285
16	23.1159
17	22.9812
18	22.6696
19	22.1372
20	21.5947
21	21.4908
22	21.4578
23	21.3582
24	21.8599
25	21.7628
26	21.3488
27	20.8082
28	20.3976
29	19.8772
30	19.465
31	19.1107
32	18.854
33	18.655
34	18.5124
35	17.9832
36	17.796
37	17.556
38	17.4614
39	17.4424
40	17.2122
41	17.1902
42	17.1422
43	16.9995
44	16.8808
45	17.4506
46	16.9319
47	17.2673
48	17.0586
49	16.7211
50	16.185
51	16.1005
52	15.9913
53	15.7581
54	15.5192
55	15.4445
56	15.4385
57	15.4079
58	15.1005
59	14.7745
60	14.6385
61	14.5357
62	14.5006
63	14.3998
64	14.1992
65	14.1298
66	14.0675
67	14.0348
68	13.9061
69	13.5977
70	12.7727
71	12.6748
72	12.6552
73	12.6056
74	12.4859
75	12.3922
76	12.3097
77	12.2417
78	12.1564
79	12.0732
80	12.0679
81	12.0665
82	12.0654
83	12.0465
84	11.9303
85	11.5502
86	11.1957
87	11.1612
88	11.1277
89	11.128
90	11.123
91	11.123
92	11.123
93	11.1227
94	11.121
95	11.1178
96	11.1137
97	11.1123
98	11.1112
99	11.1108
100	11.1108
101	11.1108
102	11.1108
103	11.1108
104	11.1108
105	11.1108
106	11.1108
107	11.1108
108	11.1108
109	11.1108
110	11.1108
111	11.1108
112	11.1108
113	11.1108
114	11.1108
115	11.1108
116	11.1108
117	11.1108
118	11.1108
119	11.1108
120	11.1108
121	11.1108
122	11.1108
123	11.1108
124	11.1183
125	11.3362
126	11.2848
127	11.2234
128	11.13
129	11.119
130	11.1111
131	11.1108
132	11.1108
133	11.1108
134	11.1108
135	11.1108
136	11.1113
137	11.1182
138	11.1966
139	11.1363
140	11.115
141	11.1144
142	11.1119
143	11.1119
144	11.11
145	11.11
146	11.11
147	11.11
148	11.11
149	11.11
150	11.11
151	11.11
152	11.11
153	11.109
154	11.1276
155	11.0925
156	11.2099
157	11.123
158	11.0667
159	11.0567
160	11.0564
161	11.0554
162	11.0517
163	11.0478
164	11.0896
165	11.0297
166	11.0078
167	11.012
168	10.9771
169	10.8475
170	10.7639
171	10.7458
172	10.7448
173	10.7439
174	10.743
175	10.7421
176	10.7423
177	10.742
178	10.742
179	10.742
180	10.742
181	10.742
182	10.742
183	10.742
184	10.742
185	10.742
186	10.742
187	10.742
188	10.742
189	10.742
190	10.742
191	10.742
192	10.742
193	10.742
194	10.742
195	10.742
196	10.742
197	10.742
198	10.742
199	10.742
200	10.742
201	10.7434
202	10.9719
203	10.7567
204	10.7462
205	10.7419
206	10.7419
207	10.7419
208	10.7419
209	10.7419
210	10.7419
211	10.7419
212	10.7419
213	10.7293
214	10.7171
215	10.5795
216	10.4219
217	10.2634
218	10.1253
219	10.1132
220	10.1132
221	10.1132
222	10.1132
223	10.1132
224	10.1132
225	10.1132
226	10.1136
227	10.1132
228	10.1132
229	10.1129
230	10.1013
231	10.1306
232	10.109
233	10.0213
234	10.2343
235	10.3099
236	9.94824
237	10.0448
238	9.74538
239	9.69226
240	9.72558
241	9.69186
242	9.69172
243	9.6907
244	9.68767
245	9.68709
246	9.68593
247	9.68463
248	9.68463
249	9.68462
250	9.6846
251	9.68459
252	9.68458
253	9.68458
254	9.68458
255	9.68458
256	9.68458
257	9.68458
258	9.68458
259	9.68458
260	9.68458
261	9.68458
262	9.68458
263	9.68458
264	9.68458
265	9.65688
266	9.53976
267	9.20636
268	8.95257
269	8.68672
270	7.96239
271	7.50584
272	7.33471
273	7.24243
274	7.2327
275	7.20623
276	7.19812
277	7.19812
278	7.19812
279	7.19812
280	7.19812
281	7.1933
282	7.16436
283	7.08479
284	7.00963
285	7.03396
286	7.01136
287	6.97776
288	6.92831
289	6.88517
290	6.83383
291	6.81357
292	6.77668
293	6.76962
294	6.7652
295	6.76327
296	6.76327
297	6.76342
298	6.76327
299	6.76327
300	6.76327
301	6.76327
302	6.76327
303	6.76327
304	6.76327
305	6.76327
306	6.76327
307	6.76327
308	6.76327
309	6.76327
310	6.76327
311	6.75701
312	6.70694
313	6.60585
314	6.52449
315	6.45035
316	6.45035
317	6.45035
318	6.45035
319	6.45035
320	6.45035
321	6.45035
322	6.45035
323	6.45035
324	6.45035
325	6.46134
326	6.45035
327	6.45035
328	6.45035
329	6.45035
330	6.45035
331	6.45035
332	6.45035
333	6.45035
334	6.45035
335	6.45035
336	6.45035
337	6.45035
338	6.45035
339	6.45035
340	6.45035
341	6.45035
342	6.45035
343	6.45035
344	6.45035
345	6.45035
346	6.45035
347	6.45035
348	6.45035
349	6.45035
350	6.45035
351	6.46027
352	6.45035
353	6.45035
354	6.45035
355	6.45035
356	6.45035
357	6.45035
358	6.45035
359	6.45035
360	6.45035
361	6.45035
362	6.45035
363	6.45035
364	6.45035
365	6.45035
366	6.45035
367	6.47482
368	6.45035
369	6.45075
370	6.45986
371	6.45035
372	6.47331
373	6.45115
374	6.5635
375	6.45035
376	6.49084
377	6.45035
378	6.44965
379	6.44546
380	6.47867
381	6.51307
382	6.73809
383	6.84188
384	6.43518
385	6.41541
386	6.42688
387	6.41541
388	6.41541
389	6.41541
390	6.41541
391	6.41541
392	6.41541
393	6.41541
394	6.41541
395	6.41541
396	6.41541
397	6.41541
398	6.41541
399	6.41541
400	6.41541
401	6.41541
402	6.41541
403	6.41541
404	6.41541
405	6.41541
406	6.41541
407	6.41541
408	6.41541
409	6.41541
410	6.41541
411	6.41541
412	6.41541
413	6.41388
414	6.41083
415	6.40167
416	6.38029
417	6.36937
418	6.34646
419	6.33905
420	6.34261
421	6.34208
422	6.33905
423	6.33905
424	6.33905
425	6.33905
426	6.33905
427	6.33905
428	6.33905
429	6.33905
430	6.43106
431	6.37672
432	6.35951
433	6.33905
434	6.33905
435	6.33905
436	6.33905
437	6.33905
438	6.33905
439	6.33905
440	6.33905
441	6.33905
442	6.33905
443	6.33905
444	6.33905
445	6.33905
446	6.33905
447	6.33905
448	6.33905
449	6.33905
450	6.33905
451	6.33905
452	6.33905
453	6.33905
454	6.33905
455	6.33905
456	6.33905
457	6.33956
458	6.33905
459	6.33905
460	6.33905
461	6.33905
462	6.33905
463	6.33905
464	6.33905
465	6.33905
466	6.33905
467	6.33905
468	6.33905
469	6.33905
470	6.33905
471	6.33905
472	6.33905
473	6.33905
474	6.33905
475	6.33905
476	6.33905
477	6.33905
478	6.33905
479	6.33905
480	6.33905
481	6.33905
482	6.33905
483	6.33905
484	6.33905
485	6.33905
486	6.33905
487	6.33905
488	6.33905
489	6.33905
490	6.33905
491	6.33905
492	6.33905
493	6.33905
494	6.33905
495	6.33905
496	6.33905
497	6.33905
498	6.33905
499	6.33905
500	6.33905
501	6.33905
502	6.33905
503	6.33905
504	6.33905
505	6.33905
506	6.33905
507	6.36174
508	6.33905
509	6.33905
510	6.33905
511	6.33905
512	6.33905
513	6.33905
514	6.33905
515	6.33905
516	6.33905
517	6.33905
518	6.33905
519	6.34505
520	6.33905
521	6.33905
522	6.34671
523	6.33905
524	6.33707
525	6.32124
526	6.2856
527	6.27137
528	6.24245
529	6.24205
530	6.24553
531	6.24007
532	6.24007
533	6.24007
534	6.24007
535	6.24007
536	6.24007
537	6.24007
538	6.24007
539	6.24007
540	6.24007
541	6.24007
542	6.24007
543	6.24007
544	6.24007
545	6.24007
546	6.24007
547	6.24007
548	6.24022
549	6.24033
550	6.24007
551	6.24007
552	6.24007
553	6.24007
554	6.24007
555	6.24007
556	6.25722
557	6.24007
558	6.24007
559	6.24007
560	6.24007
561	6.24007
562	6.24007
563	6.24007
564	6.24007
565	6.24007
566	6.24007
567	6.24007
568	6.24007
569	6.24007
570	6.24007
571	6.24007
572	6.24007
573	6.24007
574	6.24007
575	6.24007
576	6.24007
577	6.24022
578	6.24007
579	6.28231
580	6.26193
581	6.24007
582	6.24007
583	6.24007
584	6.24007
585	6.24007
586	6.24007
587	6.24007
588	6.24007
589	6.24007
590	6.24007
591	6.24007
592	6.24007
593	6.24007
594	6.24007
595	6.24007
596	6.24007
597	6.24007
598	6.24007
599	6.24007
600	6.24007
601	6.24007
602	6.24007
603	6.24007
604	6.24007
605	6.24007
606	6.24007
607	6.24007
608	6.24007
609	6.24007
610	6.24007
611	6.24007
612	6.24007
613	6.24007
614	6.24007
615	6.24007
616	6.24007
617	6.24007
618	6.24007
619	6.24007
620	6.24007
621	6.24007
622	6.24007
623	6.24007
624	6.24007
625	6.24007
626	6.24007
627	6.24007
628	6.24007
629	6.24007
630	6.24007
631	6.24007
632	6.24007
633	6.24007
634	6.24007
635	6.24007
636	6.24007
637	6.24007
638	6.24007
639	6.24007
640	6.24007
641	6.24007
642	6.24007
643	6.24007
644	6.24007
645	6.24007
646	6.24007
647	6.24007
648	6.24007
649	6.26431
650	6.24007
651	6.24007
652	6.24007
653	6.24007
654	6.24007
655	6.24007
656	6.25848
657	6.27104
658	6.24007
659	6.24007
660	6.24007
661	6.24007
662	6.24007
663	6.24007
664	6.24007
665	6.24007
666	6.24007
667	6.24007
668	6.24007
669	6.24007
670	6.24007
671	6.24007
672	6.24007
673	6.24007
674	6.24007
675	6.24007
676	6.24007
677	6.24007
678	6.24007
679	6.24007
680	6.24007
681	6.24007
682	6.24007
683	6.24007
684	6.24007
685	6.24007
686	6.24007
687	6.24007
688	6.24007
689	6.24007
690	6.24007
691	6.24007
692	6.24007
693	6.24007
694	6.24007
695	6.24007
696	6.24007
697	6.24007
698	6.24068
699	6.24007
700	6.24007
701	6.24042
702	6.24007
703	6.24007
704	6.24007
705	6.24007
706	6.24007
707	6.24007
708	6.24007
709	6.36825
710	6.24007
711	6.24007
712	6.24007
713	6.24007
714	6.24007
715	6.24007
716	6.24007
717	6.24007
718	6.24007
719	6.24007
720	6.24007
721	6.24007
722	6.24007
723	6.24007
724	6.24007
725	6.24007
726	6.24007
727	6.24007
728	6.24007
729	6.24007
730	6.24007
731	6.24007
732	6.24007
733	6.24007
734	6.24007
735	6.24007
736	6.24007
737	6.24007
738	6.24007
739	6.25612
740	6.24277
741	6.26434
742	6.24058
743	6.24007
744	6.24007
745	6.24007
746	6.24007
747	6.24007
748	6.24007
749	6.24007
750	6.24007
751	6.24007
752	6.24007
753	6.24007
754	6.24059
755	6.24007
756	6.24007
757	6.24007
758	6.24007
759	6.24007
760	6.24007
761	6.24007
762	6.24007
763	6.24007
764	6.24007
765	6.24007
766	6.24007
767	6.24007
768	6.24007
769	6.24007
770	6.24007
771	6.24007
772	6.24007
773	6.24007
774	6.24007
775	6.24007
776	6.24007
777	6.24007
778	6.24007
779	6.24007
780	6.24007
781	6.24269
782	6.24007
783	6.24007
784	6.24007
785	6.24007
786	6.24007
787	6.24007
788	6.24007
789	6.24007
790	6.24007
791	6.24767
792	6.24007
793	6.24007
794	6.24007
795	6.24539
796	6.24007
797	6.24007
798	6.24007
799	6.24007
800	6.24007
801	6.24007
802	6.24007
803	6.24007
804	6.24007
805	6.24007
806	6.24007
807	6.24007
808	6.24007
809	6.24007
810	6.24007
811	6.24007
812	6.24007
813	6.24007
814	6.24007
815	6.24007
816	6.24007
817	6.24007
818	6.24007
819	6.24007
820	6.24007
821	6.24007
822	6.24007
823	6.24007
824	6.24007
825	6.24042
826	6.24137
827	6.24007
828	6.24007
829	6.24007
830	6.24007
831	6.24007
832	6.24033
833	6.24007
834	6.24007
835	6.24007
836	6.24007
837	6.24007
838	6.24007
839	6.24007
840	6.24007
841	6.24007
842	6.24007
843	6.24007
844	6.24007
845	6.24007
846	6.24007
847	6.24007
848	6.24007
849	6.24007
850	6.24007
851	6.24007
852	6.24007
853	6.24007
854	6.24007
855	6.24007
856	6.24007
857	6.24007
858	6.24007
859	6.24007
860	6.24007
861	6.24007
862	6.24007
863	6.24007
864	6.24007
865	6.24007
866	6.24007
867	6.24007
868	6.24007
869	6.24007
870	6.24007
871	6.25831
872	6.24538
873	6.24007
874	6.24007
875	6.24007
876	6.24007
877	6.24007
878	6.24007
879	6.24007
880	6.24007
881	6.24007
882	6.24007
883	6.24007
884	6.24007
885	6.24007
886	6.24007
887	6.24007
888	6.24007
889	6.24007
890	6.24007
891	6.24007
892	6.24007
893	6.24007
894	6.24007
895	6.24007
896	6.24007
897	6.24007
898	6.24007
899	6.24007
900	6.24007
901	6.24007
902	6.24007
903	6.24007
904	6.24007
905	6.24007
906	6.24007
907	6.24007
908	6.24007
909	6.24007
910	6.24007
911	6.24007
912	6.24007
913	6.24313
914	6.24007
915	6.24007
916	6.24007
917	6.24007
918	6.24007
919	6.24007
920	6.24007
921	6.24007
922	6.24007
923	6.24007
924	6.24007
925	6.24007
926	6.24007
927	6.24007
928	6.24007
929	6.24007
930	6.24007
931	6.24007
932	6.24007
933	6.24007
934	6.24007
935	6.24007
936	6.24007
937	6.24007
938	6.24007
939	6.24007
940	6.24007
941	6.24007
942	6.24007
943	6.24007
944	6.24007
945	6.24007
946	6.24007
947	6.24007
948	6.24007
949	6.24007
950	6.24007
951	6.24007
952	6.24007
953	6.24007
954	6.24007
955	6.24007
956	6.24047
957	6.24007
958	6.24007
959	6.24007
960	6.24007
961	6.24007
962	6.25055
963	6.24007
964	6.24007
965	6.24007
966	6.24007
967	6.24022
968	6.24007
969	6.24007
970	6.24007
971	6.24007
972	6.24007
973	6.24007
974	6.24007
975	6.24007
976	6.24682
977	6.25469
978	6.24007
979	6.24007
980	6.24007
981	6.24007
982	6.24007
983	6.24693
984	6.24007
985	6.27499
986	6.24062
987	6.24007
988	6.24007
989	6.24007
990	6.24007
991	6.24007
992	6.24007
993	6.24007
994	6.24007
995	6.24007
996	6.24007
997	6.24007
998	6.24007
999	6.24007
1000	6.24007
1001	6.24007
1002	6.24007
1003	6.24007
1004	6.24007
1005	6.24007
1006	6.24022
1007	6.24007
1008	6.24007
1009	6.24007
1010	6.24007
1011	6.24007
1012	6.24007
1013	6.24007
1014	6.24007
1015	6.24579
1016	6.24007
1017	6.24007
1018	6.24007
1019	6.24007
1020	6.24007
1021	6.24007
1022	6.24007
1023	6.24007
1024	6.24007
1025	6.24007
1026	6.24007
1027	6.24007
1028	6.24007
1029	6.24007
1030	6.24007
1031	6.24007
1032	6.24007
1033	6.24007
1034	6.24007
1035	6.24007
1036	6.24007
1037	6.24007
1038	6.24007
1039	6.24007
1040	6.24007
1041	6.24033
1042	6.24007
1043	6.24007
1044	6.24007
1045	6.24007
1046	6.24007
1047	6.24007
1048	6.24007
1049	6.24007
1050	6.24007
1051	6.24007
1052	6.24007
1053	6.24007
1054	6.24007
1055	6.24007
1056	6.24007
1057	6.24007
1058	6.24007
1059	6.24007
1060	6.24007
1061	6.24007
1062	6.24007
1063	6.24007
1064	6.24007
1065	6.24007
1066	6.24007
1067	6.24007
1068	6.24007
1069	6.24007
1070	6.26052
1071	6.24007
1072	6.24007
1073	6.24007
1074	6.24007
1075	6.24007
1076	6.24007
1077	6.24007
1078	6.24007
1079	6.24007
1080	6.24007
1081	6.2506
1082	6.24007
1083	6.24007
1084	6.24007
1085	6.24007
1086	6.24007
1087	6.24007
1088	6.24007
1089	6.24007
1090	6.24007
1091	6.24007
1092	6.24007
1093	6.24007
1094	6.24007
1095	6.24007
1096	6.24007
1097	6.24007
1098	6.24113
1099	6.24007
1100	6.24007
1101	6.24007
1102	6.24007
1103	6.24007
1104	6.24007
1105	6.24007
1106	6.24007
1107	6.24007
1108	6.24007
1109	6.24007
1110	6.27183
1111	6.24007
1112	6.24007
1113	6.24007
1114	6.24007
1115	6.24007
1116	6.24007
1117	6.24007
1118	6.24007
1119	6.24007
1120	6.24007
1121	6.24007
1122	6.24007
1123	6.24007
1124	6.24007
1125	6.24007
1126	6.24007
1127	6.24007
1128	6.24007
1129	6.24007
1130	6.24007
1131	6.24007
1132	6.24007
1133	6.25351
1134	6.24129
1135	6.24007
1136	6.24007
1137	6.24048
1138	6.24239
1139	6.26477
1140	6.24007
1141	6.24007
1142	6.24007
1143	6.24007
1144	6.24007
1145	6.24007
1146	6.24007
1147	6.24007
1148	6.24007
1149	6.24007
1150	6.24007
1151	6.24007
1152	6.24007
1153	6.24022
1154	6.24007
1155	6.2416
1156	6.24007
1157	6.24007
1158	6.24007
1159	6.24007
1160	6.24007
1161	6.24007
1162	6.24007
1163	6.24007
1164	6.24007
1165	6.24007
1166	6.24007
1167	6.24316
1168	6.24007
1169	6.24007
1170	6.24007
1171	6.24007
1172	6.24007
1173	6.24007
1174	6.24007
1175	6.24007
1176	6.24007
1177	6.24007
1178	6.24007
1179	6.24007
1180	6.24007
1181	6.24007
1182	6.24007
1183	6.24007
1184	6.24007
1185	6.24007
1186	6.24007
1187	6.24007
1188	6.24007
1189	6.24007
1190	6.24007
1191	6.24007
1192	6.24007
1193	6.24007
1194	6.24007
1195	6.24007
1196	6.24007
1197	6.24007
1198	6.24007
1199	6.24007
1200	6.24007
1201	6.24007
1202	6.24007
1203	6.24007
1204	6.24007
1205	6.24007
1206	6.24007
1207	6.24007
1208	6.2478
1209	6.24392
1210	6.24153
1211	6.24356
1212	6.25281
1213	6.27784
1214	6.25443
1215	6.24007
1216	6.24007
1217	6.24007
1218	6.24007
1219	6.24007
1220	6.24007
1221	6.24007
1222	6.24007
1223	6.24007
1224	6.24007
1225	6.24007
1226	6.24007
1227	6.24007
1228	6.24007
1229	6.24007
1230	6.24007
1231	6.24007
1232	6.24007
1233	6.24007
1234	6.24007
1235	6.24007
1236	6.24007
1237	6.24007
1238	6.24007
1239	6.24007
1240	6.24007
1241	6.24338
1242	6.24007
1243	6.24007
1244	6.24007
1245	6.24007
1246	6.24007
1247	6.25005
1248	6.24007
1249	6.24007
1250	6.34167
1251	6.24007
1252	6.24047
1253	6.24007
1254	6.24007
1255	6.24007
1256	6.24007
1257	6.24007
1258	6.24007
1259	6.24007
1260	6.24007
1261	6.24007
1262	6.24007
1263	6.24007
1264	6.33591
1265	6.24007
1266	6.24022
1267	6.25345
1268	6.24468
1269	6.24007
1270	6.24007
1271	6.24007
1272	6.24007
1273	6.24007
1274	6.24007
1275	6.24007
1276	6.24007
1277	6.24007
1278	6.24007
1279	6.24007
1280	6.24007
1281	6.24007
1282	6.24007
1283	6.2627
1284	6.24007
1285	6.24007
1286	6.26538
1287	6.24007
1288	6.24007
1289	6.24007
1290	6.26627
1291	6.57407
1292	6.24058
1293	6.35392
1294	6.25278
1295	6.26388
1296	6.24057
1297	6.24007
1298	6.24007
1299	6.24007
1300	6.24007
1301	6.24007
1302	6.24007
1303	6.24007
1304	6.24007
1305	6.24007
1306	6.24007
1307	6.24007
1308	6.24007
1309	6.24007
1310	6.24007
1311	6.24007
1312	6.24007
1313	6.24007
1314	6.24007
1315	6.24007
1316	6.24007
1317	6.24007
1318	6.24007
1319	6.24007
1320	6.24007
1321	6.24007
1322	6.24007
1323	6.24007
1324	6.24007
1325	6.24271
1326	6.24022
1327	6.24007
1328	6.24007
1329	6.24007
1330	6.24007
1331	6.24007
1332	6.24007
1333	6.24007
1334	6.24007
1335	6.24007
1336	6.24007
1337	6.26226
1338	6.24007
1339	6.25426
1340	6.24007
1341	6.24007
1342	6.24007
1343	6.24007
1344	6.24007
1345	6.24007
1346	6.24007
1347	6.24007
1348	6.24007
1349	6.24007
1350	6.24007
1351	6.24007
1352	6.24007
1353	6.24007
1354	6.24007
1355	6.24007
1356	6.24007
1357	6.24007
1358	6.24007
1359	6.24007
1360	6.24007
1361	6.24073
1362	6.24007
1363	6.27728
1364	6.24007
1365	6.24007
1366	6.24007
1367	6.24273
1368	6.24007
1369	6.24007
1370	6.24007
1371	6.24007
1372	6.24007
1373	6.24007
1374	6.24007
1375	6.24007
1376	6.24007
1377	6.24007
1378	6.24007
1379	6.24007
1380	6.24007
1381	6.24007
1382	6.24007
1383	6.24007
1384	6.24007
1385	6.24007
1386	6.24007
1387	6.24007
1388	6.24007
1389	6.24007
1390	6.24007
1391	6.24007
1392	6.24007
1393	6.24007
1394	6.24007
1395	6.24007
1396	6.24007
1397	6.24007
1398	6.24007
1399	6.24007
1400	6.24007
1401	6.24007
1402	6.24007
1403	6.24124
1404	6.24007
1405	6.24007
1406	6.24007
1407	6.24007
1408	6.24007
1409	6.24007
1410	6.24007
1411	6.24007
1412	6.24007
1413	6.24007
1414	6.24007
1415	6.24007
1416	6.24007
1417	6.24007
1418	6.24007
1419	6.24007
1420	6.24007
1421	6.24007
1422	6.24007
1423	6.24007
1424	6.24007
1425	6.24007
1426	6.24007
1427	6.24007
1428	6.24007
1429	6.24007
1430	6.24007
1431	6.24007
1432	6.24007
1433	6.24007
1434	6.24007
1435	6.24007
1436	6.24007
1437	6.24007
1438	6.24007
1439	6.24007
1440	6.24007
1441	6.24007
1442	6.24007
1443	6.24007
1444	6.24007
1445	6.24007
1446	6.24007
1447	6.24007
1448	6.24007
1449	6.24007
1450	6.24007
1451	6.24007
1452	6.24007
1453	6.24007
1454	6.24007
1455	6.24361
1456	6.24007
1457	6.24007
1458	6.24007
1459	6.24007
1460	6.24007
1461	6.24007
1462	6.24007
1463	6.24007
1464	6.24007
1465	6.24007
1466	6.24007
1467	6.24007
1468	6.24007
1469	6.24007
1470	6.24988
1471	6.24007
1472	6.24007
1473	6.24007
1474	6.24007
1475	6.24007
1476	6.24007
1477	6.24007
1478	6.24007
1479	6.24007
1480	6.24007
1481	6.24007
1482	6.24007
1483	6.24007
1484	6.24007
1485	6.24007
1486	6.24007
1487	6.24007
1488	6.24007
1489	6.24007
1490	6.24007
1491	6.24007
1492	6.24007
1493	6.24007
1494	6.24007
1495	6.24007
1496	6.24007
1497	6.24007
1498	6.24007
1499	6.24007
1500	6.24007
1501	6.24007
1502	6.24007
1503	6.24007
1504	6.24007
1505	6.24007
1506	6.24007
1507	6.24007
1508	6.241
1509	6.24007
1510	6.24007
1511	6.24007
1512	6.24022
1513	6.24007
1514	6.24007
1515	6.24007
1516	6.24007
1517	6.24082
1518	6.24201
1519	6.24007
1520	6.25135
1521	6.24896
1522	6.24007
1523	6.24007
1524	6.24007
1525	6.24007
1526	6.24007
1527	6.24007
1528	6.24007
1529	6.24007
1530	6.24007
1531	6.24007
1532	6.24537
1533	6.24633
1534	6.24007
1535	6.24007
1536	6.24007
1537	6.24007
1538	6.24007
1539	6.24087
1540	6.24007
1541	6.24007
1542	6.24007
1543	6.24007
1544	6.24007
1545	6.24007
1546	6.24007
1547	6.24007
1548	6.24007
1549	6.24007
1550	6.24007
1551	6.24007
1552	6.24007
1553	6.24007
1554	6.24007
1555	6.24007
1556	6.24007
1557	6.26063
1558	6.24007
1559	6.24007
1560	6.24007
1561	6.24007
1562	6.24007
1563	6.24007
1564	6.24007
1565	6.24007
1566	6.24007
1567	6.24007
1568	6.24007
1569	6.24007
1570	6.24007
1571	6.24007
1572	6.24007
1573	6.24007
1574	6.24007
1575	6.24007
1576	6.24007
1577	6.24007
1578	6.24007
1579	6.24007
1580	6.24007
1581	6.24007
1582	6.24552
1583	6.24007
1584	6.24037
1585	6.24007
1586	6.24007
1587	6.24007
1588	6.24007
1589	6.27435
1590	6.24007
1591	6.24007
1592	6.24007
1593	6.24007
1594	6.24007
1595	6.24007
1596	6.24007
1597	6.24007
1598	6.24007
1599	6.24007
1600	6.24007
1601	6.24007
1602	6.24007
1603	6.24007
1604	6.24007
1605	6.24007
1606	6.24007
1607	6.24007
1608	6.24007
1609	6.24007
1610	6.24007
1611	6.24007
1612	6.24007
1613	6.24007
1614	6.24639
1615	6.24007
1616	6.24007
1617	6.24007
1618	6.24007
1619	6.24007
1620	6.24007
1621	6.24007
1622	6.24007
1623	6.24007
1624	6.24007
1625	6.24007
1626	6.24007
1627	6.24007
1628	6.24007
1629	6.24007
1630	6.24007
1631	6.24007
1632	6.24007
1633	6.24007
1634	6.24007
1635	6.24007
1636	6.24007
1637	6.24007
1638	6.24007
1639	6.24007
1640	6.24007
1641	6.24007
1642	6.24007
1643	6.24007
1644	6.24007
1645	6.24007
1646	6.24007
1647	6.24007
1648	6.24007
1649	6.24007
1650	6.24007
1651	6.24007
1652	6.24007
1653	6.24007
1654	6.24007
1655	6.24007
1656	6.24007
1657	6.24007
1658	6.24007
1659	6.24007
1660	6.24007
1661	6.24007
1662	6.24007
1663	6.24007
1664	6.24007
1665	6.24007
1666	6.24007
1667	6.24007
1668	6.24007
1669	6.24093
1670	6.25193
1671	6.24007
1672	6.24007
1673	6.24007
1674	6.24007
1675	6.24007
1676	6.24007
1677	6.24007
1678	6.24007
1679	6.24007
1680	6.24007
1681	6.24007
1682	6.24007
1683	6.24007
1684	6.24007
1685	6.24007
1686	6.24007
1687	6.24007
1688	6.24007
1689	6.24007
1690	6.24042
1691	6.24007
1692	6.24007
1693	6.24007
1694	6.24007
1695	6.24007
1696	6.24007
1697	6.24007
1698	6.24007
1699	6.24007
1700	6.24007
1701	6.24007
1702	6.24007
1703	6.24007
1704	6.24007
1705	6.24437
1706	6.24007
1707	6.24007
1708	6.24007
1709	6.24007
1710	6.24007
1711	6.24007
1712	6.24007
1713	6.24007
1714	6.24007
1715	6.24007
1716	6.24007
1717	6.24007
1718	6.24007
1719	6.24007
1720	6.24007
1721	6.24007
1722	6.24007
1723	6.24007
1724	6.24007
1725	6.24007
1726	6.24007
1727	6.24007
1728	6.24007
1729	6.24007
1730	6.24007
1731	6.24007
1732	6.24007
1733	6.24007
1734	6.24007
1735	6.29312
1736	6.24007
1737	6.24007
1738	6.24007
1739	6.2695
1740	6.24033
1741	6.24007
1742	6.24007
1743	6.24007
1744	6.24353
1745	6.24007
1746	6.24007
1747	6.24007
1748	6.24007
1749	6.24007
1750	6.24007
1751	6.24007
1752	6.24007
1753	6.24007
1754	6.24007
1755	6.24007
1756	6.24007
1757	6.24007
1758	6.24007
1759	6.24007
1760	6.24007
1761	6.24007
1762	6.24007
1763	6.24007
1764	6.24007
1765	6.24007
1766	6.24007
1767	6.24007
1768	6.24007
1769	6.24007
1770	6.24007
1771	6.24007
1772	6.24007
1773	6.24007
1774	6.24007
1775	6.24007
1776	6.24007
1777	6.24007
1778	6.24007
1779	6.24007
1780	6.24007
1781	6.24007
1782	6.24007
1783	6.24007
1784	6.24007
1785	6.24007
1786	6.24007
1787	6.24007
1788	6.24007
1789	6.24007
1790	6.24007
1791	6.24007
1792	6.24007
1793	6.24007
1794	6.24007
1795	6.24007
1796	6.24007
1797	6.24007
1798	6.24007
1799	6.24596
1800	6.27215
1801	6.24007
1802	6.24007
1803	6.24007
1804	6.25219
1805	6.24077
1806	6.24007
1807	6.24007
1808	6.24007
1809	6.24007
1810	6.24007
1811	6.24007
1812	6.24007
1813	6.24007
1814	6.24007
1815	6.24007
1816	6.24007
1817	6.24007
1818	6.24007
1819	6.24007
1820	6.24007
1821	6.24007
1822	6.24007
1823	6.24047
1824	6.24007
1825	6.24007
1826	6.24007
1827	6.24007
1828	6.24007
1829	6.24007
1830	6.24007
1831	6.24007
1832	6.24007
1833	6.24007
1834	6.24153
1835	6.24007
1836	6.24007
1837	6.24007
1838	6.24007
1839	6.24007
1840	6.24007
1841	6.24007
1842	6.24007
1843	6.24007
1844	6.24007
1845	6.24007
1846	6.24033
1847	6.24007
1848	6.24007
1849	6.24007
1850	6.24007
1851	6.24007
1852	6.24007
1853	6.24007
1854	6.24007
1855	6.24022
1856	6.24463
1857	6.24007
1858	6.24007
1859	6.24007
1860	6.24007
1861	6.25
1862	6.31126
1863	6.24007
1864	6.24007
1865	6.24007
1866	6.24007
1867	6.24007
1868	6.24007
1869	6.24007
1870	6.24007
1871	6.24059
1872	6.24085
1873	6.24007
1874	6.24007
1875	6.24007
1876	6.24007
1877	6.24007
1878	6.24007
1879	6.24007
1880	6.24007
1881	6.24007
1882	6.24007
1883	6.24007
1884	6.24007
1885	6.24007
1886	6.24007
1887	6.24007
1888	6.24007
1889	6.24007
1890	6.24007
1891	6.24007
1892	6.24007
1893	6.24007
1894	6.24007
1895	6.24007
1896	6.24007
1897	6.24007
1898	6.24007
1899	6.24007
1900	6.24007
1901	6.24007
1902	6.24007
1903	6.24007
1904	6.24007
1905	6.24007
1906	6.24007
1907	6.24007
1908	6.24007
1909	6.24007
1910	6.24007
1911	6.24007
1912	6.24007
1913	6.24255
1914	6.26971
1915	6.24906
1916	6.24048
1917	6.35312
1918	6.65532
1919	6.27675
1920	6.24007
1921	6.24007
1922	6.24007
1923	6.24007
1924	6.24007
1925	6.24007
1926	6.24007
1927	6.24007
1928	6.24007
1929	6.26081
1930	6.24007
1931	6.24007
1932	6.24007
1933	6.24007
1934	6.24007
1935	6.24007
1936	6.24007
1937	6.25213
1938	6.27717
1939	6.24007
1940	6.24007
1941	6.24007
1942	6.24007
1943	6.24007
1944	6.24007
1945	6.24007
1946	6.24007
1947	6.24007
1948	6.24427
1949	6.24007
1950	6.24007
1951	6.24007
1952	6.24007
1953	6.24007
1954	6.24007
1955	6.24007
1956	6.24007
1957	6.24007
1958	6.24007
1959	6.24007
1960	6.24007
1961	6.24007
1962	6.24007
1963	6.24007
1964	6.24007
1965	6.25254
1966	6.24007
1967	6.24007
1968	6.24007
1969	6.24007
1970	6.24007
1971	6.24007
1972	6.24007
1973	6.24007
1974	6.24007
1975	6.24007
1976	6.24007
1977	6.24007
1978	6.24007
1979	6.24007
1980	6.24007
1981	6.24007
1982	6.24007
1983	6.24007
1984	6.24007
1985	6.24007
1986	6.24007
1987	6.25336
1988	6.24007
1989	6.24007
1990	6.27091
1991	6.24477
1992	6.24058
1993	6.32852
1994	6.2613
1995	6.24042
1996	6.24007
1997	6.2965
1998	6.2965
1999	6.24539
2000	6.24007
2001	6.24007
2002	6.24007
2003	6.24007
2004	6.24007
2005	6.24007
2006	6.24007
2007	6.24007
2008	6.24007
2009	6.24007
2010	6.24007
2011	6.24007
2012	6.24007
2013	6.24007
2014	6.24007
2015	6.24007
2016	6.24007
2017	6.24007
2018	6.24007
2019	6.24007
2020	6.24007
2021	6.24007
2022	6.24007
2023	6.24007
2024	6.24007
2025	6.24007
2026	6.24007
2027	6.24007
2028	6.24007
2029	6.24007
2030	6.24007
2031	6.24007
2032	6.24007
2033	6.24007
2034	6.24007
2035	6.24007
2036	6.24007
2037	6.24007
2038	6.24007
2039	6.24007
2040	6.24007
2041	6.24007
2042	6.24454
2043	6.33919
2044	6.24007
2045	6.24007
2046	6.24007
2047	6.24007
2048	6.24007
2049	6.24007
2050	6.24007
2051	6.24007
2052	6.24007
2053	6.24007
2054	6.24007
2055	6.24007
2056	6.2519
2057	6.24007
2058	6.24007
2059	6.24007
2060	6.24007
2061	6.2466
2062	6.24007
2063	6.24007
2064	6.24007
2065	6.24007
2066	6.24007
2067	6.24007
2068	6.24007
2069	6.24007
2070	6.24007
2071	6.24007
2072	6.24007
2073	6.24007
2074	6.24007
2075	6.24007
2076	6.24007
2077	6.24007
2078	6.24007
2079	6.24007
2080	6.24007
2081	6.24007
2082	6.24007
2083	6.24007
2084	6.24007
2085	6.24007
2086	6.24007
2087	6.24007
2088	6.24007
2089	6.24007
2090	6.24007
2091	6.24007
2092	6.24007
2093	6.24007
2094	6.24007
2095	6.24007
2096	6.24007
2097	6.24007
2098	6.24007
2099	6.24007
2100	6.24007
2101	6.24007
2102	6.24007
2103	6.24007
2104	6.24007
2105	6.24007
2106	6.24007
2107	6.24007
2108	6.24007
2109	6.24007
2110	6.24007
2111	6.24007
2112	6.24007
2113	6.24007
2114	6.24007
2115	6.24007
2116	6.24007
2117	6.24007
2118	6.24007
2119	6.24007
2120	6.24007
2121	6.24007
2122	6.24007
2123	6.24007
2124	6.24187
2125	6.24007
2126	6.24007
2127	6.24007
2128	6.24007
2129	6.24007
2130	6.24007
2131	6.24007
2132	6.24007
2133	6.24007
2134	6.24007
2135	6.24007
2136	6.24007
2137	6.24007
2138	6.24007
2139	6.24007
2140	6.24007
2141	6.24007
2142	6.24007
2143	6.24007
2144	6.24007
2145	6.24007
2146	6.24007
2147	6.24007
2148	6.24007
2149	6.24007
2150	6.24007
2151	6.24007
2152	6.24007
2153	6.24007
2154	6.24007
2155	6.24007
2156	6.24007
2157	6.24007
2158	6.24007
2159	6.24007
2160	6.24007
2161	6.24007
2162	6.24007
2163	6.24007
2164	6.24007
2165	6.24007
2166	6.24007
2167	6.24007
2168	6.24007
2169	6.24007
2170	6.24007
2171	6.24007
2172	6.24007
2173	6.24007
2174	6.24007
2175	6.24007
2176	6.24007
2177	6.24007
2178	6.24007
2179	6.24007
2180	6.24007
2181	6.24007
2182	6.24007
2183	6.24007
2184	6.24007
2185	6.24403
2186	6.24007
2187	6.24007
2188	6.24007
2189	6.24007
2190	6.24007
2191	6.24007
2192	6.24007
2193	6.24007
2194	6.24007
2195	6.24007
2196	6.24007
2197	6.24007
2198	6.2614
2199	6.26027
2200	6.24007
2201	6.24007
2202	6.24007
2203	6.24007
2204	6.24007
2205	6.24137
2206	6.24007
2207	6.24007
2208	6.24007
2209	6.27064
2210	6.24007
2211	6.24007
2212	6.24007
2213	6.24007
2214	6.25423
2215	6.24007
2216	6.24007
2217	6.24007
2218	6.25237
2219	6.28921
2220	6.24007
2221	6.24007
2222	6.24007
2223	6.24007
2224	6.24007
2225	6.24007
2226	6.24007
2227	6.24007
2228	6.24007
2229	6.24007
2230	6.24007
2231	6.24007
2232	6.24007
2233	6.24007
2234	6.24007
2235	6.24007
2236	6.24007
2237	6.24007
2238	6.24007
2239	6.24007
2240	6.24007
2241	6.24007
2242	6.24007
2243	6.24007
2244	6.24007
2245	6.24007
2246	6.24007
2247	6.24007
2248	6.24007
2249	6.24007
2250	6.24007
2251	6.24007
2252	6.24033
2253	6.24059
2254	6.24747
2255	6.24007
2256	6.24007
2257	6.24007
2258	6.24007
2259	6.24037
2260	6.24007
2261	6.24007
2262	6.24007
2263	6.24007
2264	6.24007
2265	6.24007
2266	6.24007
2267	6.24007
2268	6.24007
2269	6.24007
2270	6.24007
2271	6.24007
2272	6.24007
2273	6.24007
2274	6.24007
2275	6.24007
2276	6.24007
2277	6.24007
2278	6.24007
2279	6.24007
2280	6.24007
2281	6.24007
2282	6.24007
2283	6.24007
2284	6.24007
2285	6.24007
2286	6.24068
2287	6.24007
2288	6.24007
2289	6.24007
2290	6.24007
2291	6.24007
2292	6.24007
2293	6.24007
2294	6.24007
2295	6.24007
2296	6.24007
2297	6.24007
2298	6.24007
2299	6.24007
2300	6.24007
2301	6.24007
2302	6.24007
2303	6.24007
2304	6.24007
2305	6.24007
2306	6.24007
2307	6.24007
2308	6.24007
2309	6.24007
2310	6.24007
2311	6.24007
2312	6.24007
2313	6.24007
2314	6.24007
2315	6.24007
2316	6.24007
2317	6.24007
2318	6.24007
2319	6.24007
2320	6.24007
2321	6.24007
2322	6.24007
2323	6.24007
2324	6.24007
2325	6.24007
2326	6.24007
2327	6.24007
2328	6.24007
2329	6.24007
2330	6.24007
2331	6.24007
2332	6.24007
2333	6.24007
2334	6.24007
2335	6.24007
2336	6.24007
2337	6.24007
2338	6.24007
2339	6.24007
2340	6.24007
2341	6.24022
2342	6.2459
2343	6.24007
2344	6.24007
2345	6.24007
2346	6.24007
2347	6.24007
2348	6.24007
2349	6.24007
2350	6.24007
2351	6.24007
2352	6.24007
2353	6.24007
2354	6.24007
2355	6.24007
2356	6.24007
2357	6.24007
2358	6.24007
2359	6.24007
2360	6.24007
2361	6.24007
2362	6.24007
2363	6.24007
2364	6.24007
2365	6.24007
2366	6.24007
2367	6.24007
2368	6.24007
2369	6.24007
2370	6.24007
2371	6.24007
2372	6.24007
2373	6.24007
2374	6.24007
2375	6.24007
2376	6.24007
2377	6.24007
2378	6.24007
2379	6.24007
2380	6.24007
2381	6.24007
2382	6.24007
2383	6.24007
2384	6.24007
2385	6.24007
2386	6.24007
2387	6.24007
2388	6.24007
2389	6.24007
2390	6.24007
2391	6.24007
2392	6.24007
2393	6.24007
2394	6.24007
2395	6.24047
2396	6.24723
2397	6.29611
2398	6.2652
2399	6.26736
2400	6.24007
2401	6.26224
2402	6.2459
2403	6.24578
2404	6.24047
2405	6.25876
2406	6.24007
2407	6.24007
2408	6.24007
2409	6.24313
2410	6.24058
2411	6.24007
2412	6.24007
2413	6.24007
2414	6.24007
2415	6.24007
2416	6.24007
2417	6.24007
2418	6.24007
2419	6.2496
2420	6.24937
2421	6.24484
2422	6.24007
2423	6.24007
2424	6.24007
2425	6.24007
2426	6.24007
2427	6.24007
2428	6.24007
2429	6.25008
2430	6.25989
2431	6.24047
2432	6.24007
2433	6.24007
2434	6.24007
2435	6.24007
2436	6.24007
2437	6.24007
2438	6.24007
2439	6.24007
2440	6.24007
2441	6.24007
2442	6.24007
2443	6.24007
2444	6.24007
2445	6.24007
2446	6.24007
2447	6.24007
2448	6.24007
2449	6.24007
2450	6.24007
2451	6.24007
2452	6.24007
2453	6.24007
2454	6.24007
2455	6.24007
2456	6.24007
2457	6.24007
2458	6.24007
2459	6.24007
2460	6.24007
2461	6.24007
2462	6.24007
2463	6.24007
2464	6.24007
2465	6.24007
2466	6.24042
2467	6.30001
2468	6.24007
2469	6.24022
2470	6.24007
2471	6.24007
2472	6.24007
2473	6.24007
2474	6.24007
2475	6.24007
2476	6.24007
2477	6.24007
2478	6.24007
2479	6.24007
2480	6.24007
2481	6.24007
2482	6.24007
2483	6.24007
2484	6.24007
2485	6.24007
2486	6.24007
2487	6.24007
2488	6.24007
2489	6.24007
2490	6.24007
2491	6.24007
2492	6.24007
2493	6.24007
2494	6.24007
2495	6.24007
2496	6.24211
2497	6.24007
2498	6.24007
2499	6.24007
2500	6.24007
2501	6.24007
2502	6.24007
2503	6.24007
2504	6.24007
2505	6.24007
2506	6.24007
2507	6.24007
2508	6.24007
2509	6.24007
2510	6.24007
2511	6.24007
2512	6.24007
2513	6.2495
2514	6.24007
2515	6.24007
2516	6.24007
2517	6.24007
2518	6.24007
2519	6.24007
2520	6.24007
2521	6.24007
2522	6.24007
2523	6.24022
2524	6.24007
2525	6.3277
2526	6.25474
2527	6.24007
2528	6.24007
2529	6.24007
2530	6.24007
2531	6.24007
2532	6.24007
2533	6.24007
2534	6.24007
2535	6.24058
2536	6.24007
2537	6.24007
2538	6.24007
2539	6.24007
2540	6.24007
2541	6.24007
2542	6.24007
2543	6.24007
2544	6.24007
2545	6.24007
2546	6.24007
2547	6.24007
2548	6.24007
2549	6.24007
2550	6.24007
2551	6.29607
2552	6.24007
2553	6.24007
2554	6.24007
2555	6.24007
2556	6.24007
2557	6.24007
2558	6.24007
2559	6.24007
2560	6.24007
2561	6.24007
2562	6.24007
2563	6.24007
2564	6.24007
2565	6.24007
2566	6.24007
2567	6.24007
2568	6.24007
2569	6.24007
2570	6.24007
2571	6.24007
2572	6.24007
2573	6.24007
2574	6.24007
2575	6.24007
2576	6.24007
2577	6.24007
2578	6.24007
2579	6.24007
2580	6.24007
2581	6.24007
2582	6.24007
2583	6.24007
2584	6.24007
2585	6.24007
2586	6.24007
2587	6.24007
2588	6.24007
2589	6.24007
2590	6.24007
2591	6.24007
2592	6.24007
2593	6.24007
2594	6.24007
2595	6.24007
2596	6.24007
2597	6.24007
2598	6.24007
2599	6.24007
2600	6.24007
2601	6.24007
2602	6.24007
2603	6.24007
2604	6.24007
2605	6.24007
2606	6.24007
2607	6.24007
2608	6.24007
2609	6.24007
2610	6.24007
2611	6.24007
2612	6.2689
2613	6.67556
2614	6.35845
2615	6.24279
2616	6.24007
2617	6.24007
2618	6.24007
2619	6.24007
2620	6.24007
2621	6.24007
2622	6.24007
2623	6.24007
2624	6.253
2625	6.24007
2626	6.24007
2627	6.24007
2628	6.24007
2629	6.24007
2630	6.24007
2631	6.24007
2632	6.24007
2633	6.24007
2634	6.24007
2635	6.24007
2636	6.24007
2637	6.24007
2638	6.24007
2639	6.24007
2640	6.24007
2641	6.24007
2642	6.24007
2643	6.24007
2644	6.24007
2645	6.24007
2646	6.24007
2647	6.24007
2648	6.24007
2649	6.24541
2650	6.30358
2651	6.24438
2652	6.24007
2653	6.24007
2654	6.24007
2655	6.24007
2656	6.24007
2657	6.24007
2658	6.24007
2659	6.24007
2660	6.24007
2661	6.24007
2662	6.24007
2663	6.24007
2664	6.24007
2665	6.24007
2666	6.24007
2667	6.24007
2668	6.24007
2669	6.24007
2670	6.24007
2671	6.24391
2672	6.24007
2673	6.24007
2674	6.24007
2675	6.24007
2676	6.24007
2677	6.24007
2678	6.24007
2679	6.24007
2680	6.24007
2681	6.24007
2682	6.24007
2683	6.24007
2684	6.24007
2685	6.24007
2686	6.24007
2687	6.24007
2688	6.24007
2689	6.24007
2690	6.24007
2691	6.24007
2692	6.24007
2693	6.24007
2694	6.24007
2695	6.24007
2696	6.24007
2697	6.24007
2698	6.24007
2699	6.24007
2700	6.24007
2701	6.24007
2702	6.24007
2703	6.24007
2704	6.24007
2705	6.24007
2706	6.24007
2707	6.24007
2708	6.24007
2709	6.32089
2710	6.24007
2711	6.24007
2712	6.24033
2713	6.24537
2714	6.24007
2715	6.24007
2716	6.24007
2717	6.24007
2718	6.24007
2719	6.24007
2720	6.24007
2721	6.24007
2722	6.24007
2723	6.24007
2724	6.24033
2725	6.24033
2726	6.24007
2727	6.24007
2728	6.24007
2729	6.24007
2730	6.24007
2731	6.24007
2732	6.24007
2733	6.24007
2734	6.24007
2735	6.24007
2736	6.24007
2737	6.24007
2738	6.24007
2739	6.24007
2740	6.24007
2741	6.24007
2742	6.24007
2743	6.24007
2744	6.24007
2745	6.24007
2746	6.24007
2747	6.24007
2748	6.24007
2749	6.24007
2750	6.24007
2751	6.24007
2752	6.24007
2753	6.24007
2754	6.24007
2755	6.24007
2756	6.24007
2757	6.24007
2758	6.24007
2759	6.24007
2760	6.24007
2761	6.24007
2762	6.24007
2763	6.24007
2764	6.24007
2765	6.24007
2766	6.24007
2767	6.24007
2768	6.24007
2769	6.24007
2770	6.24007
2771	6.24007
2772	6.24007
2773	6.24007
2774	6.24007
2775	6.24007
2776	6.24007
2777	6.24007
2778	6.24007
2779	6.24007
2780	6.24007
2781	6.32578
2782	6.30991
2783	6.31441
2784	6.27419
2785	6.24007
2786	6.24007
2787	6.24007
2788	6.24007
2789	6.24007
2790	6.24007
2791	6.24007
2792	6.24007
2793	6.24007
2794	6.24007
2795	6.24007
2796	6.24007
2797	6.24007
2798	6.24007
2799	6.24007
2800	6.24007
2801	6.24007
2802	6.24007
2803	6.24007
2804	6.24007
2805	6.24007
2806	6.24007
2807	6.24007
2808	6.24007
2809	6.26022
2810	6.24007
2811	6.25375
2812	6.241
2813	6.24007
2814	6.24007
2815	6.24007
2816	6.24007
2817	6.24007
2818	6.24007
2819	6.24073
2820	6.24007
2821	6.24007
2822	6.24007
2823	6.24007
2824	6.24122
2825	6.31141
2826	6.49408
2827	6.95815
2828	6.37745
2829	6.25269
2830	6.24007
2831	6.24007
2832	6.24007
2833	6.24007
2834	6.24007
2835	6.35999
2836	6.3022
2837	6.24007
2838	6.24007
2839	6.24007
2840	6.24007
2841	6.24007
2842	6.24537
2843	6.24007
2844	6.24007
2845	6.24007
2846	6.24007
2847	6.24007
2848	6.24007
2849	6.24007
2850	6.24007
2851	6.24007
2852	6.24007
2853	6.24007
2854	6.24007
2855	6.24007
2856	6.24007
2857	6.24007
2858	6.24007
2859	6.24007
2860	6.24007
2861	6.24007
2862	6.24007
2863	6.24007
2864	6.24007
2865	6.24007
2866	6.24007
2867	6.24007
2868	6.24007
2869	6.24007
2870	6.24007
2871	6.24007
2872	6.24007
2873	6.24007
2874	6.24007
2875	6.24007
2876	6.24007
2877	6.24007
2878	6.24007
2879	6.24007
2880	6.24007
2881	6.24007
2882	6.24007
2883	6.24007
2884	6.24007
2885	6.24007
2886	6.24007
2887	6.24007
2888	6.24007
2889	6.24007
2890	6.24007
2891	6.24007
2892	6.24007
2893	6.24007
2894	6.24007
2895	6.24007
2896	6.24007
2897	6.24007
2898	6.24007
2899	6.24007
2900	6.24007
2901	6.24007
2902	6.24007
2903	6.24007
2904	6.24007
2905	6.24007
2906	6.24007
2907	6.24007
2908	6.24007
2909	6.24007
2910	6.24007
2911	6.24007
2912	6.24007
2913	6.24007
2914	6.24007
2915	6.24007
2916	6.24007
2917	6.24007
2918	6.24007
2919	6.24007
2920	6.24007
2921	6.24007
2922	6.24007
2923	6.24007
2924	6.24033
2925	6.24734
2926	6.24007
2927	6.24007
2928	6.24007
2929	6.24007
2930	6.3109
2931	6.28472
2932	6.24007
2933	6.24007
2934	6.24172
2935	6.39981
2936	6.5034
2937	6.24007
2938	6.24007
2939	6.24007
2940	6.24007
2941	6.24007
2942	6.24007
2943	6.24007
2944	6.24007
2945	6.24007
2946	6.24007
2947	6.24007
2948	6.24007
2949	6.24007
2950	6.24007
2951	6.24007
2952	6.24007
2953	6.24007
2954	6.24007
2955	6.24007
2956	6.24007
2957	6.24007
2958	6.24007
2959	6.24007
2960	6.24007
2961	6.24007
2962	6.24007
2963	6.24007
2964	6.24007
2965	6.24007
2966	6.24007
2967	6.24007
2968	6.24007
2969	6.24007
2970	6.24007
2971	6.24007
2972	6.24007
2973	6.24007
2974	6.24007
2975	6.24007
2976	6.24007
2977	6.24007
2978	6.24007
2979	6.24538
2980	6.24007
2981	6.24007
2982	6.24007
2983	6.24007
2984	6.24007
2985	6.24007
2986	6.24007
2987	6.24007
2988	6.24007
2989	6.24007
2990	6.24007
2991	6.24007
2992	6.24007
2993	6.24007
2994	6.24007
2995	6.24007
2996	6.24007
2997	6.24007
2998	6.24007
2999	6.24007
3000	6.24007
3001	6.24007
3002	6.24007
3003	6.24007
3004	6.24007
3005	6.24007
3006	6.24007
3007	6.24007
3008	6.24007
3009	6.24007
3010	6.24007
3011	6.24007
3012	6.24007
3013	6.24007
3014	6.24007
3015	6.24007
3016	6.24007
3017	6.24007
3018	6.24007
3019	6.24007
3020	6.24007
3021	6.24007
3022	6.24007
3023	6.24007
3024	6.24007
3025	6.24007
3026	6.24007
3027	6.24007
3028	6.24007
3029	6.24007
3030	6.24007
3031	6.24007
3032	6.24007
3033	6.24007
3034	6.24007
3035	6.24007
3036	6.24007
3037	6.24007
3038	6.24007
3039	6.24007
3040	6.24007
3041	6.24007
3042	6.24007
3043	6.24007
3044	6.24007
3045	6.24007
3046	6.24007
3047	6.24396
3048	6.24084
3049	6.24007
3050	6.24007
3051	6.24007
3052	6.24007
3053	6.24007
3054	6.24007
3055	6.24007
3056	6.24007
3057	6.24007
3058	6.24007
3059	6.24007
3060	6.24007
3061	6.24059
3062	6.24007
3063	6.24007
3064	6.24633
3065	6.25615
3066	6.25244
3067	6.24537
3068	6.24007
3069	6.24007
3070	6.24007
3071	6.24022
3072	6.24007
3073	6.24007
3074	6.24007
3075	6.24007
3076	6.24007
3077	6.24007
3078	6.24007
3079	6.24007
3080	6.24007
3081	6.24007
3082	6.24007
3083	6.24007
3084	6.24007
3085	6.24007
3086	6.24007
3087	6.24007
3088	6.24007
3089	6.24007
3090	6.24007
3091	6.24007
3092	6.24007
3093	6.24007
3094	6.24007
3095	6.24007
3096	6.24007
3097	6.24007
3098	6.24007
3099	6.24007
3100	6.24007
3101	6.24007
3102	6.24007
3103	6.24007
3104	6.24007
3105	6.24007
3106	6.24007
3107	6.24007
3108	6.24007
3109	6.24007
3110	6.24007
3111	6.24007
3112	6.24007
3113	6.24007
3114	6.24007
3115	6.24007
3116	6.24007
3117	6.24007
3118	6.24007
3119	6.24007
3120	6.24007
3121	6.24007
3122	6.24177
3123	6.24007
3124	6.24007
3125	6.24007
3126	6.24007
3127	6.24007
3128	6.24007
3129	6.24288
3130	6.24007
3131	6.24068
3132	6.24993
3133	6.24007
3134	6.24007
3135	6.24007
3136	6.24007
3137	6.24007
3138	6.24007
3139	6.24007
3140	6.24007
3141	6.24007
3142	6.24007
3143	6.24007
3144	6.24007
3145	6.24007
3146	6.24007
3147	6.24007
3148	6.24007
3149	6.24007
3150	6.24007
3151	6.24007
3152	6.24007
3153	6.24007
3154	6.24007
3155	6.24007
3156	6.24007
3157	6.24007
3158	6.24007
3159	6.24007
3160	6.24007
3161	6.24007
3162	6.24007
3163	6.24007
3164	6.24007
3165	6.24539
3166	6.24007
3167	6.24007
3168	6.24007
3169	6.24007
3170	6.24007
3171	6.24007
3172	6.24007
3173	6.24007
3174	6.24007
3175	6.24007
3176	6.24007
3177	6.24007
3178	6.24007
3179	6.24007
3180	6.24007
3181	6.24007
3182	6.24007
3183	6.24007
3184	6.24007
3185	6.24007
3186	6.24007
3187	6.24007
3188	6.24007
3189	6.24007
3190	6.24007
3191	6.24007
3192	6.24007
3193	6.24007
3194	6.24007
3195	6.24007
3196	6.24007
3197	6.24007
3198	6.24007
3199	6.24007
3200	6.24007
3201	6.24007
3202	6.24007
3203	6.24007
3204	6.24007
3205	6.24007
3206	6.24007
3207	6.24737
3208	6.24037
3209	6.24007
3210	6.24007
3211	6.24007
3212	6.24007
3213	6.24007
3214	6.24007
3215	6.24007
3216	6.24007
3217	6.24007
3218	6.24007
3219	6.24007
3220	6.24007
3221	6.24007
3222	6.24007
3223	6.24007
3224	6.24007
3225	6.24007
3226	6.24007
3227	6.24007
3228	6.24007
3229	6.24007
3230	6.24007
3231	6.24022
3232	6.24195
3233	6.2416
3234	6.24883
3235	6.24897
3236	6.24007
3237	6.24007
3238	6.24007
3239	6.24007
3240	6.24007
3241	6.24007
3242	6.24007
3243	6.24007
3244	6.24007
3245	6.24007
3246	6.24007
3247	6.24007
3248	6.24007
3249	6.24007
3250	6.24007
3251	6.24007
3252	6.24007
3253	6.24007
3254	6.24007
3255	6.24007
3256	6.24007
3257	6.24007
3258	6.27602
3259	6.24007
3260	6.24007
3261	6.24007
3262	6.24007
3263	6.24007
3264	6.24007
3265	6.24007
3266	6.24007
3267	6.24007
3268	6.24007
3269	6.24007
3270	6.24007
3271	6.24007
3272	6.24007
3273	6.24007
3274	6.24007
3275	6.24007
3276	6.24007
3277	6.24007
3278	6.24007
3279	6.24007
3280	6.24007
3281	6.24007
3282	6.24007
3283	6.24007
3284	6.24007
3285	6.24007
3286	6.24007
3287	6.24007
3288	6.24007
3289	6.24007
3290	6.24007
3291	6.24007
3292	6.24007
3293	6.24007
3294	6.24007
3295	6.24007
3296	6.24007
3297	6.24007
3298	6.24007
3299	6.24007
3300	6.24007
3301	6.241
3302	6.24007
3303	6.24007
3304	6.24007
3305	6.24007
3306	6.24007
3307	6.24007
3308	6.24007
3309	6.24007
3310	6.24007
3311	6.24007
3312	6.24007
3313	6.24007
3314	6.24007
3315	6.24007
3316	6.24007
3317	6.24007
3318	6.24007
3319	6.24007
3320	6.24007
3321	6.24007
3322	6.24007
3323	6.24007
3324	6.24007
3325	6.24007
3326	6.24007
3327	6.24007
3328	6.24007
3329	6.24007
3330	6.24007
3331	6.24007
3332	6.24007
3333	6.24007
3334	6.24007
3335	6.24007
3336	6.24007
3337	6.24007
3338	6.24007
3339	6.24007
3340	6.24007
3341	6.24058
3342	6.28001
3343	6.25836
3344	6.26897
3345	6.24007
3346	6.24007
3347	6.24007
3348	6.24007
3349	6.24007
3350	6.24007
3351	6.24007
3352	6.24007
3353	6.24007
3354	6.24007
3355	6.24007
3356	6.24007
3357	6.24007
3358	6.24007
3359	6.24007
3360	6.24007
3361	6.24007
3362	6.24007
3363	6.24007
3364	6.24007
3365	6.24007
3366	6.24007
3367	6.24007
3368	6.24007
3369	6.24007
3370	6.24007
3371	6.24007
3372	6.24007
3373	6.24007
3374	6.24007
3375	6.24007
3376	6.24007
3377	6.24007
3378	6.24007
3379	6.24007
3380	6.24007
3381	6.24007
3382	6.24007
3383	6.24007
3384	6.24007
3385	6.24007
3386	6.24007
3387	6.24007
3388	6.24007
3389	6.24007
3390	6.24007
3391	6.24007
3392	6.24007
3393	6.24007
3394	6.24007
3395	6.24007
3396	6.24007
3397	6.24007
3398	6.24007
3399	6.24007
3400	6.24007
3401	6.24007
3402	6.24007
3403	6.24007
3404	6.24007
3405	6.24007
3406	6.24007
3407	6.24007
3408	6.24042
3409	6.24007
3410	6.24007
3411	6.24007
3412	6.24007
3413	6.24007
3414	6.24007
3415	6.24007
3416	6.24007
3417	6.24007
3418	6.24007
3419	6.24007
3420	6.24007
3421	6.24007
3422	6.27769
3423	6.26623
3424	6.28103
3425	6.24007
3426	6.24007
3427	6.24007
3428	6.24007
3429	6.24007
3430	6.24007
3431	6.24007
3432	6.24007
3433	6.24007
3434	6.24007
3435	6.24007
3436	6.24007
3437	6.24007
3438	6.24007
3439	6.24007
3440	6.24007
3441	6.24007
3442	6.24007
3443	6.24007
3444	6.24007
3445	6.24007
3446	6.24007
3447	6.24007
3448	6.24007
3449	6.24007
3450	6.24007
3451	6.24007
3452	6.24007
3453	6.24007
3454	6.24007
3455	6.24007
3456	6.24007
3457	6.24007
3458	6.24007
3459	6.24007
3460	6.24007
3461	6.24007
3462	6.24007
3463	6.24007
3464	6.24007
3465	6.24007
3466	6.24007
3467	6.24007
3468	6.24007
3469	6.24007
3470	6.24007
3471	6.24007
3472	6.24007
3473	6.24007
3474	6.24007
3475	6.24007
3476	6.24007
3477	6.24007
3478	6.24007
3479	6.24007
3480	6.24007
3481	6.24007
3482	6.24007
3483	6.24007
3484	6.24007
3485	6.24007
3486	6.24007
3487	6.24007
3488	6.24007
3489	6.24007
3490	6.24007
3491	6.24007
3492	6.24007
3493	6.24007
3494	6.24007
3495	6.24007
3496	6.24648
3497	6.24007
3498	6.24007
3499	6.29546
3500	6.26472
3501	6.24007
3502	6.24007
3503	6.24007
3504	6.24149
3505	6.24022
3506	6.24007
3507	6.24007
3508	6.24007
3509	6.24007
3510	6.24007
3511	6.24007
3512	6.24007
3513	6.24007
3514	6.24007
3515	6.24007
3516	6.24007
3517	6.24007
3518	6.24007
3519	6.24007
3520	6.24007
3521	6.24007
3522	6.24007
3523	6.24007
3524	6.24007
3525	6.24007
3526	6.24007
3527	6.24007
3528	6.24007
3529	6.24007
3530	6.24007
3531	6.24007
3532	6.24007
3533	6.34261
3534	6.24007
3535	6.42962
3536	6.24007
3537	6.24007
3538	6.24007
3539	6.24007
3540	6.24007
3541	6.24007
3542	6.24007
3543	6.24007
3544	6.24007
3545	6.24007
3546	6.24007
3547	6.24007
3548	6.24007
3549	6.24543
3550	6.24186
3551	6.24007
3552	6.24007
3553	6.24007
3554	6.24062
3555	6.24168
3556	6.24007
3557	6.24007
3558	6.24007
3559	6.24007
3560	6.24007
3561	6.24007
3562	6.24007
3563	6.24007
3564	6.24007
3565	6.24007
3566	6.24007
3567	6.24007
3568	6.24007
3569	6.24007
3570	6.24007
3571	6.24007
3572	6.24007
3573	6.24007
3574	6.24007
3575	6.24007
3576	6.24007
3577	6.29049
3578	6.24007
3579	6.24007
3580	6.24007
3581	6.24007
3582	6.24007
3583	6.24007
3584	6.24007
3585	6.24007
3586	6.24007
3587	6.24175
3588	6.24007
3589	6.24007
3590	6.24007
3591	6.24007
3592	6.24007
3593	6.24007
3594	6.24007
3595	6.24007
3596	6.24007
3597	6.24007
3598	6.24007
3599	6.24007
3600	6.24007
3601	6.24007
3602	6.24007
3603	6.24007
3604	6.24007
3605	6.24007
3606	6.24007
3607	6.24007
3608	6.24007
3609	6.24007
3610	6.24007
3611	6.24007
3612	6.24007
3613	6.24007
3614	6.24007
3615	6.24007
3616	6.24007
3617	6.24007
3618	6.24007
3619	6.24007
3620	6.24007
3621	6.24007
3622	6.24007
3623	6.24007
3624	6.24007
3625	6.24007
3626	6.24007
3627	6.24007
3628	6.24007
3629	6.24007
3630	6.24007
3631	6.24007
3632	6.24007
3633	6.24007
3634	6.24007
3635	6.24007
3636	6.24007
3637	6.24007
3638	6.24007
3639	6.24007
3640	6.24007
3641	6.24007
3642	6.24007
3643	6.24007
3644	6.24007
3645	6.24007
3646	6.24007
3647	6.24007
3648	6.24007
3649	6.24007
3650	6.24007
3651	6.24007
3652	6.24007
3653	6.24007
3654	6.24022
3655	6.24007
3656	6.28601
3657	6.24537
3658	6.24007
3659	6.24007
3660	6.24007
3661	6.24007
3662	6.24007
3663	6.24007
3664	6.24007
3665	6.24007
3666	6.24007
3667	6.24007
3668	6.24007
3669	6.24007
3670	6.24007
3671	6.24007
3672	6.24007
3673	6.24007
3674	6.24007
3675	6.24007
3676	6.24007
3677	6.24007
3678	6.24007
3679	6.24007
3680	6.24007
3681	6.24007
3682	6.24007
3683	6.24007
3684	6.24007
3685	6.24007
3686	6.24007
3687	6.24007
3688	6.24007
3689	6.24007
3690	6.24007
3691	6.24007
3692	6.24007
3693	6.24361
3694	6.24007
3695	6.24312
3696	6.24077
3697	6.24057
3698	6.24007
3699	6.24007
3700	6.24007
3701	6.24137
3702	6.24007
3703	6.24007
3704	6.24007
3705	6.24007
3706	6.24007
3707	6.24007
3708	6.24007
3709	6.24007
3710	6.24007
3711	6.24007
3712	6.24007
3713	6.24007
3714	6.24007
3715	6.24007
3716	6.24007
3717	6.24007
3718	6.24007
3719	6.24007
3720	6.24007
3721	6.24007
3722	6.24007
3723	6.24007
3724	6.24007
3725	6.24007
3726	6.24007
3727	6.24007
3728	6.24007
3729	6.24007
3730	6.24007
3731	6.24007
3732	6.24007
3733	6.24007
3734	6.24007
3735	6.24007
3736	6.24007
3737	6.24007
3738	6.24007
3739	6.24007
3740	6.24007
3741	6.24007
3742	6.24007
3743	6.24007
3744	6.24007
3745	6.24007
3746	6.24042
3747	6.24007
3748	6.24604
3749	6.24007
3750	6.24007
3751	6.24007
3752	6.24007
3753	6.24007
3754	6.24007
3755	6.24007
3756	6.24007
3757	6.24007
3758	6.24007
3759	6.24007
3760	6.24007
3761	6.24007
3762	6.24007
3763	6.24007
3764	6.24007
3765	6.24007
3766	6.24007
3767	6.24007
3768	6.24007
3769	6.24007
3770	6.24007
3771	6.24007
3772	6.24007
3773	6.24007
3774	6.24007
3775	6.24007
3776	6.24007
3777	6.24007
3778	6.24007
3779	6.24007
3780	6.24007
3781	6.24007
3782	6.24007
3783	6.24007
3784	6.24007
3785	6.24007
3786	6.24007
3787	6.24007
3788	6.24007
3789	6.24007
3790	6.24007
3791	6.24007
3792	6.24007
3793	6.24007
3794	6.24007
3795	6.24007
3796	6.30381
3797	6.24047
3798	6.24007
3799	6.24007
3800	6.24126
3801	6.24466
3802	6.24007
3803	6.24007
3804	6.24007
3805	6.24007
3806	6.24007
3807	6.24007
3808	6.24007
3809	6.24007
3810	6.24007
3811	6.24007
3812	6.24007
3813	6.24007
3814	6.24007
3815	6.24007
3816	6.24007
3817	6.24007
3818	6.24007
3819	6.24007
3820	6.24007
3821	6.24007
3822	6.24007
3823	6.24007
3824	6.24007
3825	6.24007
3826	6.24007
3827	6.24007
3828	6.24007
3829	6.24007
3830	6.24007
3831	6.24007
3832	6.24007
3833	6.24007
3834	6.24007
3835	6.24007
3836	6.24007
3837	6.24007
3838	6.24007
3839	6.24007
3840	6.24007
3841	6.24007
3842	6.24007
3843	6.24007
3844	6.24007
3845	6.24007
3846	6.24007
3847	6.24007
3848	6.24007
3849	6.24007
3850	6.24007
3851	6.24007
3852	6.24007
3853	6.24007
3854	6.24007
3855	6.25752
3856	6.24022
3857	6.24007
3858	6.24007
3859	6.24007
3860	6.24007
3861	6.24007
3862	6.24007
3863	6.24007
3864	6.24007
3865	6.24007
3866	6.24007
3867	6.24007
3868	6.24007
3869	6.24007
3870	6.24007
3871	6.24007
3872	6.24007
3873	6.24007
3874	6.24007
3875	6.24007
3876	6.24007
3877	6.24007
3878	6.24007
3879	6.24007
3880	6.24007
3881	6.24007
3882	6.24007
3883	6.24007
3884	6.24007
3885	6.24007
3886	6.24007
3887	6.24007
3888	6.24007
3889	6.24007
3890	6.24007
3891	6.24007
3892	6.24007
3893	6.24007
3894	6.24007
3895	6.24007
3896	6.24007
3897	6.24007
3898	6.24007
3899	6.24007
3900	6.24007
3901	6.24007
3902	6.24007
3903	6.24007
3904	6.24007
3905	6.24007
3906	6.24007
3907	6.24007
3908	6.24007
3909	6.24007
3910	6.24007
3911	6.24007
3912	6.24007
3913	6.24007
3914	6.24007
3915	6.24007
3916	6.24007
3917	6.24007
3918	6.24007
3919	6.24007
3920	6.24007
3921	6.24007
3922	6.24007
3923	6.24007
3924	6.24007
3925	6.24007
3926	6.24074
3927	6.24048
3928	6.24068
3929	6.24007
3930	6.24007
3931	6.24007
3932	6.24007
3933	6.24007
3934	6.24007
3935	6.24007
3936	6.24007
3937	6.24007
3938	6.24007
3939	6.24007
3940	6.24007
3941	6.24007
3942	6.24007
3943	6.24007
3944	6.24007
3945	6.24007
3946	6.24007
3947	6.24007
3948	6.24007
3949	6.247
3950	6.24007
3951	6.24007
3952	6.24007
3953	6.24007
3954	6.24007
3955	6.24007
3956	6.24007
3957	6.24007
3958	6.24007
3959	6.24007
3960	6.24007
3961	6.24007
3962	6.24007
3963	6.24007
3964	6.24007
3965	6.24007
3966	6.24007
3967	6.24007
3968	6.24007
3969	6.24007
3970	6.24007
3971	6.24007
3972	6.24007
3973	6.24007
3974	6.24007
3975	6.24007
3976	6.24007
3977	6.24007
3978	6.24007
3979	6.24007
3980	6.24007
3981	6.24007
3982	6.24007
3983	6.24007
3984	6.24007
3985	6.24007
3986	6.24007
3987	6.24007
3988	6.24007
3989	6.24007
3990	6.24007
3991	6.24007
3992	6.24007
3993	6.24007
3994	6.24007
3995	6.24007
3996	6.24007
3997	6.24073
3998	6.24048
3999	6.24007
4000	6.24007
4001	6.24007
4002	6.24805
4003	6.24007
4004	6.24007
4005	6.24007
4006	6.24007
4007	6.24007
4008	6.24007
4009	6.24007
4010	6.24007
4011	6.24007
4012	6.24007
4013	6.24007
4014	6.24007
4015	6.24007
4016	6.24007
4017	6.24007
4018	6.24007
4019	6.24007
4020	6.24007
4021	6.24007
4022	6.24007
4023	6.24007
4024	6.24007
4025	6.24007
4026	6.24007
4027	6.24007
4028	6.24007
4029	6.24007
4030	6.24007
4031	6.24007
4032	6.24007
4033	6.24007
4034	6.24007
4035	6.24007
4036	6.24007
4037	6.24007
4038	6.24007
4039	6.24007
4040	6.24007
4041	6.24007
4042	6.24007
4043	6.24007
4044	6.24007
4045	6.24007
4046	6.24007
4047	6.24007
4048	6.24007
4049	6.24007
4050	6.24007
4051	6.24007
4052	6.24007
4053	6.24007
4054	6.24007
4055	6.24007
4056	6.24007
4057	6.24185
4058	6.24007
4059	6.24007
4060	6.24007
4061	6.24007
4062	6.24007
4063	6.24007
4064	6.24748
4065	6.25577
4066	6.24007
4067	6.24007
4068	6.24007
4069	6.2597
4070	6.24378
4071	6.43404
4072	6.24007
4073	6.24007
4074	6.24262
4075	6.24007
4076	6.24007
4077	6.24007
4078	6.24007
4079	6.24007
4080	6.24007
4081	6.24007
4082	6.24007
4083	6.24007
4084	6.24007
4085	6.24007
4086	6.24007
4087	6.24007
4088	6.24007
4089	6.24007
4090	6.24007
4091	6.24007
4092	6.24007
4093	6.24007
4094	6.24007
4095	6.24007
4096	6.24007
4097	6.24007
4098	6.24007
4099	6.24007
4100	6.24007
4101	6.24007
4102	6.24007
4103	6.25829
4104	6.25761
4105	6.24648
4106	6.24007
4107	6.24007
4108	6.24007
4109	6.24007
4110	6.24007
4111	6.24007
4112	6.24007
4113	6.24007
4114	6.24007
4115	6.24007
4116	6.24007
4117	6.24007
4118	6.24007
4119	6.24007
4120	6.24007
4121	6.24007
4122	6.24007
4123	6.24007
4124	6.24007
4125	6.24007
4126	6.24007
4127	6.24007
4128	6.24007
4129	6.24007
4130	6.24007
4131	6.24007
4132	6.24007
4133	6.24007
4134	6.24007
4135	6.24007
4136	6.24007
4137	6.25599
4138	6.24286
4139	6.24007
4140	6.24007
4141	6.247
4142	6.24007
4143	6.24175
4144	6.24007
4145	6.24007
4146	6.24007
4147	6.24856
4148	6.24033
4149	6.24007
4150	6.24007
4151	6.24007
4152	6.24007
4153	6.24007
4154	6.24007
4155	6.24007
4156	6.24007
4157	6.24007
4158	6.24007
4159	6.24007
4160	6.24007
4161	6.24007
4162	6.24007
4163	6.24007
4164	6.24007
4165	6.24007
4166	6.24007
4167	6.24007
4168	6.24007
4169	6.24007
4170	6.24007
4171	6.24007
4172	6.24007
4173	6.24007
4174	6.24007
4175	6.24007
4176	6.24007
4177	6.24007
4178	6.24007
4179	6.24007
4180	6.24007
4181	6.24007
4182	6.24007
4183	6.24007
4184	6.24007
4185	6.24007
4186	6.24007
4187	6.24007
4188	6.24007
4189	6.24007
4190	6.24007
4191	6.24007
4192	6.24007
4193	6.24007
4194	6.24007
4195	6.24007
4196	6.24007
4197	6.24007
4198	6.28367
4199	6.24007
4200	6.24007
4201	6.24007
4202	6.24007
4203	6.24007
4204	6.24007
4205	6.24007
4206	6.24007
4207	6.24007
4208	6.24007
4209	6.24007
4210	6.24007
4211	6.24007
4212	6.24007
4213	6.24007
4214	6.24007
4215	6.24007
4216	6.24007
4217	6.24007
4218	6.24007
4219	6.24007
4220	6.24007
4221	6.24007
4222	6.24007
4223	6.24007
4224	6.24007
4225	6.24007
4226	6.34153
4227	6.25063
4228	6.24007
4229	6.24007
4230	6.24007
4231	6.24007
4232	6.24007
4233	6.24047
4234	6.24007
4235	6.24007
4236	6.241
4237	6.24007
4238	6.27802
4239	6.24007
4240	6.24007
4241	6.24007
4242	6.24007
4243	6.24007
4244	6.24007
4245	6.24007
4246	6.24007
4247	6.24007
4248	6.24007
4249	6.24007
4250	6.24007
4251	6.24007
4252	6.24007
4253	6.24007
4254	6.24007
4255	6.24007
4256	6.24007
4257	6.24007
4258	6.24007
4259	6.24007
4260	6.24007
4261	6.24168
4262	6.24007
4263	6.24037
4264	6.24007
4265	6.24007
4266	6.24007
4267	6.24007
4268	6.24007
4269	6.24007
4270	6.24007
4271	6.24007
4272	6.24007
4273	6.24007
4274	6.24007
4275	6.24007
4276	6.24007
4277	6.24007
4278	6.24007
4279	6.24007
4280	6.24007
4281	6.24007
4282	6.24007
4283	6.24007
4284	6.24007
4285	6.24007
4286	6.24007
4287	6.24007
4288	6.24007
4289	6.24007
4290	6.24007
4291	6.24007
4292	6.24007
4293	6.24007
4294	6.24007
4295	6.24007
4296	6.24007
4297	6.24007
4298	6.24007
4299	6.24007
4300	6.24007
4301	6.24007
4302	6.24042
4303	6.24007
4304	6.24007
4305	6.24007
4306	6.24007
4307	6.24007
4308	6.24007
4309	6.24007
4310	6.24007
4311	6.24007
4312	6.24007
4313	6.24007
4314	6.24007
4315	6.24007
4316	6.24007
4317	6.24007
4318	6.24007
4319	6.24007
4320	6.24007
4321	6.24007
4322	6.24007
4323	6.25445
4324	6.24007
4325	6.24007
4326	6.24007
4327	6.24007
4328	6.24007
4329	6.24007
4330	6.24007
4331	6.24007
4332	6.24007
4333	6.24007
4334	6.24007
4335	6.24007
4336	6.24007
4337	6.24007
4338	6.24007
4339	6.24007
4340	6.24203
4341	6.24007
4342	6.24007
4343	6.24007
4344	6.24007
4345	6.24007
4346	6.24007
4347	6.24007
4348	6.24007
4349	6.24007
4350	6.24007
4351	6.24007
4352	6.24022
4353	6.24007
4354	6.24007
4355	6.24007
4356	6.24956
4357	6.24007
4358	6.24007
4359	6.24007
4360	6.24007
4361	6.24007
4362	6.24007
4363	6.27976
4364	6.24007
4365	6.24007
4366	6.24087
4367	6.24007
4368	6.24007
4369	6.24007
4370	6.24007
4371	6.24007
4372	6.24007
4373	6.24007
4374	6.24007
4375	6.24007
4376	6.24007
4377	6.24007
4378	6.24007
4379	6.24007
4380	6.24007
4381	6.24007
4382	6.24007
4383	6.24007
4384	6.24007
4385	6.24007
4386	6.24007
4387	6.24007
4388	6.24007
4389	6.24007
4390	6.24007
4391	6.24007
4392	6.24007
4393	6.24007
4394	6.24007
4395	6.24007
4396	6.24007
4397	6.24007
4398	6.24007
4399	6.24007
4400	6.24007
4401	6.24007
4402	6.24007
4403	6.24007
4404	6.24007
4405	6.24007
4406	6.24007
4407	6.24007
4408	6.24007
4409	6.24007
4410	6.24007
4411	6.24007
4412	6.24007
4413	6.24007
4414	6.24007
4415	6.24007
4416	6.24007
4417	6.24007
4418	6.24007
4419	6.24007
4420	6.24007
4421	6.24007
4422	6.241
4423	6.24007
4424	6.24007
4425	6.24007
4426	6.24007
4427	6.24007
4428	6.24007
4429	6.27018
4430	6.24007
4431	6.24007
4432	6.24007
4433	6.24007
4434	6.24007
4435	6.24007
4436	6.24007
4437	6.24007
4438	6.2414
4439	6.24007
4440	6.24007
4441	6.24007
4442	6.24007
4443	6.24007
4444	6.24007
4445	6.24007
4446	6.24007
4447	6.24007
4448	6.24007
4449	6.24007
4450	6.24007
4451	6.24007
4452	6.24007
4453	6.24007
4454	6.24007
4455	6.24007
4456	6.24007
4457	6.24007
4458	6.24007
4459	6.24007
4460	6.24007
4461	6.24007
4462	6.24007
4463	6.24007
4464	6.24007
4465	6.24007
4466	6.24007
4467	6.24007
4468	6.24007
4469	6.24007
4470	6.24007
4471	6.24647
4472	6.29567
4473	6.24007
4474	6.24007
4475	6.24007
4476	6.24007
4477	6.24007
4478	6.27289
4479	6.24135
4480	6.24007
4481	6.25183
4482	6.24007
4483	6.24007
4484	6.24007
4485	6.24007
4486	6.24007
4487	6.24007
4488	6.24007
4489	6.24007
4490	6.24007
4491	6.24007
4492	6.24007
4493	6.24007
4494	6.24007
4495	6.24007
4496	6.24007
4497	6.24007
4498	6.24007
4499	6.24007
4500	6.24007
4501	6.24007
4502	6.24477
4503	6.24007
4504	6.24007
4505	6.24007
4506	6.24007
4507	6.24007
4508	6.24007
4509	6.24007
4510	6.24007
4511	6.24007
4512	6.24007
4513	6.24007
4514	6.24007
4515	6.24007
4516	6.24007
4517	6.24007
4518	6.24007
4519	6.24007
4520	6.24007
4521	6.24007
4522	6.24007
4523	6.24007
4524	6.24007
4525	6.24007
4526	6.24007
4527	6.24007
4528	6.24007
4529	6.24007
4530	6.24007
4531	6.24007
4532	6.24007
4533	6.24007
4534	6.24007
4535	6.24007
4536	6.24007
4537	6.24007
4538	6.24007
4539	6.24007
4540	6.24007
4541	6.24514
4542	6.24007
4543	6.25399
4544	6.25123
4545	6.24007
4546	6.24007
4547	6.24007
4548	6.24007
4549	6.24007
4550	6.24007
4551	6.24007
4552	6.24007
4553	6.24007
4554	6.24007
4555	6.24007
4556	6.24007
4557	6.24007
4558	6.24007
4559	6.24007
4560	6.24007
4561	6.24007
4562	6.24007
4563	6.24007
4564	6.24007
4565	6.24007
4566	6.24007
4567	6.24007
4568	6.24007
4569	6.24007
4570	6.24007
4571	6.24007
4572	6.24007
4573	6.24007
4574	6.24007
4575	6.24007
4576	6.24007
4577	6.24007
4578	6.24007
4579	6.24007
4580	6.24007
4581	6.24007
4582	6.24022
4583	6.27051
4584	6.33952
4585	6.24007
4586	6.26322
4587	6.24007
4588	6.24007
4589	6.24022
4590	6.24007
4591	6.24007
4592	6.24007
4593	6.24474
4594	6.26309
4595	6.24007
4596	6.24007
4597	6.24007
4598	6.24007
4599	6.24007
4600	6.24007
4601	6.24007
4602	6.24007
4603	6.24007
4604	6.24007
4605	6.24007
4606	6.24007
4607	6.24007
4608	6.24007
4609	6.24007
4610	6.24007
4611	6.24007
4612	6.24007
4613	6.24007
4614	6.24007
4615	6.24007
4616	6.24007
4617	6.24007
4618	6.24007
4619	6.24007
4620	6.24303
4621	6.29668
4622	6.24852
4623	6.24007
4624	6.24007
4625	6.24007
4626	6.24007
4627	6.24007
4628	6.24007
4629	6.24007
4630	6.24007
4631	6.24007
4632	6.24007
4633	6.24007
4634	6.24007
4635	6.24007
4636	6.24007
4637	6.24007
4638	6.24007
4639	6.24047
4640	6.24007
4641	6.24007
4642	6.24007
4643	6.24084
4644	6.24007
4645	6.24007
4646	6.24007
4647	6.24007
4648	6.24007
4649	6.24007
4650	6.24007
4651	6.24007
4652	6.24007
4653	6.24007
4654	6.24007
4655	6.24007
4656	6.24007
4657	6.24007
4658	6.24007
4659	6.24007
4660	6.24007
4661	6.24007
4662	6.24007
4663	6.24007
4664	6.24007
4665	6.24007
4666	6.24007
4667	6.24007
4668	6.24007
4669	6.24007
4670	6.24007
4671	6.24007
4672	6.24007
4673	6.24068
4674	6.24007
4675	6.24007
4676	6.24007
4677	6.24007
4678	6.24007
4679	6.24007
4680	6.24007
4681	6.24007
4682	6.24007
4683	6.24007
4684	6.24007
4685	6.24007
4686	6.24007
4687	6.24007
4688	6.24007
4689	6.24007
4690	6.24007
4691	6.24007
4692	6.24007
4693	6.24007
4694	6.24007
4695	6.24007
4696	6.24007
4697	6.24007
4698	6.24007
4699	6.24007
4700	6.24007
4701	6.24007
4702	6.24007
4703	6.24007
4704	6.24037
4705	6.24007
4706	6.24007
4707	6.24007
4708	6.24007
4709	6.24007
4710	6.24659
4711	6.24007
4712	6.24007
4713	6.24007
4714	6.24007
4715	6.24007
4716	6.24007
4717	6.24007
4718	6.24007
4719	6.24007
4720	6.24007
4721	6.24007
4722	6.24007
4723	6.24007
4724	6.24007
4725	6.24007
4726	6.24007
4727	6.24007
4728	6.24007
4729	6.24007
4730	6.24007
4731	6.24147
4732	6.24007
4733	6.24007
4734	6.24007
4735	6.24007
4736	6.25117
4737	6.24007
4738	6.24007
4739	6.24007
4740	6.24007
4741	6.24007
4742	6.24007
4743	6.24007
4744	6.24007
4745	6.24007
4746	6.24007
4747	6.24007
4748	6.24007
4749	6.24007
4750	6.24007
4751	6.24007
4752	6.24007
4753	6.24007
4754	6.24007
4755	6.24007
4756	6.26961
4757	6.27184
4758	6.24007
4759	6.24007
4760	6.24007
4761	6.24007
4762	6.24007
4763	6.24007
4764	6.24007
4765	6.24007
4766	6.24007
4767	6.24007
4768	6.24007
4769	6.24007
4770	6.24007
4771	6.24007
4772	6.24007
4773	6.24007
4774	6.24007
4775	6.24007
4776	6.24007
4777	6.24007
4778	6.24007
4779	6.24007
4780	6.24007
4781	6.24007
4782	6.25063
4783	6.24007
4784	6.24007
4785	6.24074
4786	6.24007
4787	6.24007
4788	6.24007
4789	6.2575
4790	6.24007
4791	6.24007
4792	6.24007
4793	6.24166
4794	6.24037
4795	6.24007
4796	6.24007
4797	6.24007
4798	6.28355
4799	6.24007
4800	6.24007
4801	6.24007
4802	6.24007
4803	6.24007
4804	6.24007
4805	6.24007
4806	6.24042
4807	6.27813
4808	6.30828
4809	6.25936
4810	6.25353
4811	6.24007
4812	6.32575
4813	6.28456
4814	6.24007
4815	6.24007
4816	6.24007
4817	6.2423
4818	6.24007
4819	6.24007
4820	6.24007
4821	6.24007
4822	6.24007
4823	6.24007
4824	6.24007
4825	6.24007
4826	6.24007
4827	6.24007
4828	6.24007
4829	6.24007
4830	6.24007
4831	6.24007
4832	6.24007
4833	6.24007
4834	6.24007
4835	6.24007
4836	6.24007
4837	6.24007
4838	6.24007
4839	6.24007
4840	6.24007
4841	6.24007
4842	6.25485
4843	6.24007
4844	6.24007
4845	6.24007
4846	6.24007
4847	6.24007
4848	6.25429
4849	6.24007
4850	6.24007
4851	6.24007
4852	6.24007
4853	6.24007
4854	6.24007
4855	6.24007
4856	6.24007
4857	6.24007
4858	6.43348
4859	6.26443
4860	6.24007
4861	6.24007
4862	6.24273
4863	6.24007
4864	6.24007
4865	6.24007
4866	6.24007
4867	6.24007
4868	6.24007
4869	6.24007
4870	6.24007
4871	6.24007
4872	6.24007
4873	6.24007
4874	6.24007
4875	6.24007
4876	6.24007
4877	6.24007
4878	6.24007
4879	6.24007
4880	6.24007
4881	6.24007
4882	6.24007
4883	6.24007
4884	6.24007
4885	6.24007
4886	6.2414
4887	6.24623
4888	6.24007
4889	6.24007
4890	6.24022
4891	6.24007
4892	6.24007
4893	6.24007
4894	6.24007
4895	6.24007
4896	6.24007
4897	6.24007
4898	6.24007
4899	6.24007
4900	6.24007
4901	6.24007
4902	6.24007
4903	6.24007
4904	6.24058
4905	6.24007
4906	6.24007
4907	6.24007
4908	6.24007
4909	6.24007
4910	6.24007
4911	6.24972
4912	6.24771
4913	6.24007
4914	6.24007
4915	6.24007
4916	6.24007
4917	6.24007
4918	6.24007
4919	6.24007
4920	6.24007
4921	6.24007
4922	6.24007
4923	6.24007
4924	6.24007
4925	6.24007
4926	6.24007
4927	6.24137
4928	6.24007
4929	6.24007
4930	6.24007
4931	6.24007
4932	6.24531
4933	6.24406
4934	6.24007
4935	6.24007
4936	6.24007
4937	6.24007
4938	6.24007
4939	6.24007
4940	6.24007
4941	6.24007
4942	6.24007
4943	6.24007
4944	6.24007
4945	6.24007
4946	6.24007
4947	6.24007
4948	6.24007
4949	6.24007
4950	6.24007
4951	6.24007
4952	6.24007
4953	6.24007
4954	6.24007
4955	6.24007
4956	6.24058
4957	6.24007
4958	6.24007
4959	6.24042
4960	6.24007
4961	6.24007
4962	6.24007
4963	6.24007
4964	6.24007
4965	6.24007
4966	6.24007
4967	6.24007
4968	6.24007
4969	6.24007
4970	6.24007
4971	6.24007
4972	6.24007
4973	6.24007
4974	6.24007
4975	6.24007
4976	6.24007
4977	6.24308
4978	6.24007
4979	6.24007
4980	6.24007
4981	6.2414
4982	6.2573
4983	6.24007
4984	6.24007
4985	6.24007
4986	6.25324
4987	6.24007
4988	6.24007
4989	6.24007
4990	6.24007
4991	6.24007
4992	6.24007
4993	6.24007
4994	6.24007
4995	6.24007
4996	6.24007
4997	6.24007
4998	6.24007
4999	6.24007
5000	6.24007
