-0.52
-0.6
-0.68
-0.68
-0.68
-0.68
-0.68
-0.68
-0.76
-0.76
-0.84
-0.84
-0.84
-0.84
-0.84
-0.84
-0.84
-0.84
-0.84
-0.84
-0.92
-0.92
-0.92
-0.92
-0.92
-0.92
-0.92
-0.92
-0.92
-0.92
-0.92
-0.92
-0.92
-0.92
-0.92
-0.92
-0.92
-0.92
-0.92
-0.92
-0.92
-0.92
-0.92
-0.92
-0.92
-0.92
-0.92
-0.92
-0.92
-0.92
-0.92
-0.92
-0.92
-0.92
-0.92
-0.92
-0.92
-0.92
-0.92
-0.92
-0.92
-0.92
-0.92
-0.92
-0.92
-0.92
-0.92
-0.92
-0.92
-0.92
-0.92
-0.92
-0.92
-0.92
-0.92
-0.92
-0.92
-0.92
-0.92
-0.92
-0.92
-0.92
-0.92
-0.92
-0.92
-0.92
-0.92
-0.92
-0.92
-0.92
-0.92
-0.92
-0.92
-0.92
-1
-1
-1
-1
-1
-1
-1
-1
-1
-1
-1
-1
-1
-1
-1
-1
-1
-1
-1
-1
-1
-1
-1
-1
-1
-1
-1
-1
-1
-1
-1
-1
-1
-1
-1
-1
-1
-1
-1
-1
-1
-1
-1
-1
-1
-1
-1
-1
-1
-1
-1
-1
-1
-1
-1
-1
-1
-1
-1
-1
-1
-1
-1
-0.92
-0.92
-0.92
-0.92
-0.92
-0.92
-0.92
-0.92
-0.92
-0.92
-0.92
-0.92
-0.84
-0.84
-0.84
-0.84
-0.84
-0.84
-0.84
-0.84
-0.84
-0.84
-0.84
-0.84
-0.84
-0.84
-0.84
-0.84
-0.84
-0.84
-0.84
-0.84
-0.84
-0.84
-0.84
-0.84
-0.84
-0.84
-0.84
-0.84
-0.92
-0.92
-0.92
-0.92
-0.92
-0.92
-0.92
-0.92
-0.92
-0.92
-0.92
-0.92
-0.92
-0.92
-0.92
-0.92
-0.84
-0.84
-0.84
-0.84
-0.84
-0.84
-0.84
-0.84
-0.84
-0.84
-0.84
-0.84
-0.84
-0.84
-0.84
-0.84
-0.84
-0.84
-0.84
-0.84
-0.84
-0.84
-0.84
-0.84
-0.84
-0.84
-0.84
-0.84
-0.84
-0.84
-0.92
-0.92
-0.92
-0.92
-0.92
-0.92
-0.92
-0.92
-0.92
-0.92
-0.92
-0.92
-0.92
-0.92
-0.92
-0.92
-0.92
-0.92
-0.92
-0.92
-0.92
-0.92
-0.92
-0.92
-0.92
-0.92
-0.92
-0.92
-0.92
-0.92
-0.92
-0.92
-0.92
-0.92
-0.92
-0.92
-0.92
-0.92
-0.92
-0.92
-0.92
-0.92
-0.92
-0.92
-0.92
-0.92
-0.92
-0.92
-0.92
-0.92
-0.92
-0.92
-0.92
-0.92
-0.92
-0.92
-0.92
-0.92
-0.92
-0.92
-0.92
-0.92
-0.92
-0.92
-0.92
-0.92
-0.92
-0.92
-0.92
-0.92
-0.92
-0.92
-0.92
-0.92
-0.92
-0.92
-0.92
-0.92
-0.92
-0.92
-0.92
-0.92
-0.92
-0.92
-0.92
-0.92
-0.92
-0.92
-0.92
-0.92
-0.92
-0.92
-0.92
-0.92
-0.92
-0.92
-0.92
-0.92
-0.92
-0.92
-0.92
-0.92
-0.92
-0.92
-0.92
-0.92
-0.92
-0.92
-0.92
-0.92
-0.92
-0.92
-0.92
-0.92
-0.92
-0.92
-0.92
-0.92
-0.92
-0.92
-0.92
-0.92
-0.92
-0.92
-0.92
-0.92
-0.92
-0.92
-0.92
-0.92
-0.92
-0.92
-0.92
-0.92
-0.92
-0.92
-0.92
-0.92
-0.92
-0.92
-0.92
-0.92
-0.92
-0.92
-0.92
-0.92
-0.92
-0.92
-0.92
-0.92
-0.92
-0.92
-0.92
-0.92
-0.92
-0.92
-0.92
-0.92
-0.92
-0.92
-0.92
-0.92
-0.92
-0.92
-0.92
-0.92
-0.92
-0.84
-0.92
-0.92
-0.92
-0.92
-0.92
-0.92
-0.92
-0.92
-0.92
-0.92
-0.84
-0.84
-0.84
-0.92
-0.92
-0.92
-0.92
-0.92
-0.92
-0.92
-0.92
-0.92
-0.92
-0.92
-0.92
-0.92
-0.92
-0.92
-0.92
-0.92
-0.92
-0.92
-0.92
-0.92
-0.92
-0.92
-0.92
-0.92
-0.92
-0.92
-0.92
-0.92
-0.92
-0.92
-0.92
-0.92
-0.92
-0.92
-0.92
-0.92
-0.92
-0.92
-0.92
-0.92
-0.92
-0.92
-0.92
-0.92
-0.92
-0.92
-0.92
-0.92
-0.92
-0.92
-0.92
-0.92
-0.92
-0.92
-0.92
-0.92
-0.92
-0.92
-0.92
-0.92
-0.92
-0.92
-0.92
-0.92
-0.92
-0.92
-0.92
-0.92
-0.92
-0.92
-0.92
-0.92
-0.92
-0.92
-0.92
-0.92
-0.92
-0.92
-0.92
-0.92
-0.92
-0.92
-0.92
-0.92
-0.92
-0.92
-0.84
-0.92
-0.92
-0.92
-0.92
-0.92
-0.92
-0.92
-0.92
-0.92
-0.92
-0.92
-0.92
-0.92
-0.92
-0.92
-0.92
-0.92
-0.92
-0.92
-0.92
-0.92
-0.92
-0.92
-0.92
-0.92
-0.92
-0.92
-0.92
-0.92
-0.92
-0.84
-0.84
-0.84
-0.84
-0.84
-0.84
-0.84
-0.84
-0.84
-0.84
-0.84
-0.84
-0.84
-0.84
-0.84
-0.84
-0.84
-0.84
-0.84
-0.84
-0.84
-0.84
-0.84
-0.84
-0.84
-0.84
-0.84
-0.84
-0.84
-0.84
-0.84
-0.84
-0.84
-0.84
-0.84
-0.84
-0.84
-0.84
-0.84
-0.84
-0.84
-0.84
-0.84
-0.84
-0.84
-0.84
-0.84
-0.84
-0.84
-0.84
-0.84
-0.84
-0.84
-0.84
-0.84
-0.84
-0.92
-0.92
-0.92
-0.92
-0.92
-0.92
-0.92
-0.92
-0.92
-0.92
-0.92
-0.92
-0.92
-0.92
-0.92
-0.92
-0.92
-0.92
-0.92
-0.92
-0.92
-0.92
-0.92
-0.92
-0.92
-0.92
-0.92
-0.92
-0.92
-0.92
-0.92
-0.92
-0.92
-0.92
-0.92
-0.92
-0.92
-0.92
-0.92
-0.92
-0.92
-0.92
-0.92
-0.92
-0.92
-0.92
-0.92
-0.92
-0.92
-0.92
-0.92
-0.92
-0.92
-0.92
-0.92
-0.92
-0.92
-0.92
-0.92
-0.92
-0.92
-0.84
-0.84
-0.84
-0.84
-0.84
-0.84
-0.84
-0.92
-0.92
-0.92
-0.92
-0.92
-0.92
-0.92
-0.92
-0.92
-0.92
-0.92
-0.92
-0.92
-0.92
-0.92
-0.92
-0.92
-0.92
-0.92
-0.92
-0.92
-0.92
-0.84
-0.84
-0.92
-0.92
-0.92
-0.92
-0.92
-0.92
-0.92
-0.92
-0.92
-0.92
-0.92
-0.92
-0.92
-0.92
-0.92
-0.92
-0.92
-0.92
-0.92
-0.92
-0.92
-0.92
-0.92
-0.92
-0.92
-0.92
-0.92
-0.92
-0.92
-0.92
-0.92
-0.92
-0.92
-0.92
-0.92
-0.92
-0.92
-0.84
-0.84
-0.84
-0.84
-0.84
-0.84
-0.84
-0.84
-0.84
-0.84
-0.84
-0.84
-0.84
-0.84
-0.84
-0.84
-0.84
-0.84
-0.84
-0.84
-0.84
-0.84
-0.84
-0.84
-0.84
-0.84
-0.84
-0.84
-0.84
-0.84
-0.84
-0.84
-0.84
-0.84
-0.84
-0.84
-0.84
-0.84
-0.84
-0.84
-0.84
-0.84
-0.84
-0.84
-0.84
-0.84
-0.84
-0.84
-0.84
-0.84
-0.84
-0.84
-0.84
-0.84
-0.92
-0.92
-0.92
-0.92
-0.92
-0.92
-0.92
-0.84
-0.92
-0.92
-0.92
-0.92
-0.92
-0.92
-0.92
-0.92
-0.92
-0.92
-0.92
-0.92
-0.92
-0.92
-0.92
-0.92
-0.92
-0.92
-0.92
-0.92
-0.92
-0.92
-0.92
-0.92
-0.92
-0.92
-0.92
-0.92
-0.92
-0.92
-0.92
-0.92
-0.92
-0.92
-0.92
-0.92
-0.92
-0.92
-0.92
-0.92
-0.92
-0.92
-0.92
-0.92
-0.92
-0.92
-0.92
-0.92
-0.92
-0.92
-0.92
-0.92
-0.92
-0.92
-0.92
-0.92
-0.92
-0.92
-0.92
-0.92
-0.92
-0.92
-0.92
-0.92
-0.92
-0.92
-0.92
-0.92
-0.92
-0.92
-0.92
-0.92
-0.92
-0.92
-0.92
-0.92
-0.92
-0.92
-0.92
-0.92
-0.92
-0.92
-0.92
-0.92
-0.92
-0.92
-0.92
-0.92
-0.92
-0.92
-0.92
-0.92
-0.92
-0.92
-0.92
-0.92
-0.92
-0.92
-0.92
-0.92
-0.92
-0.92
-0.92
-0.92
-0.92
-0.92
-0.92
-0.92
-0.92
-0.92
-0.92
-0.92
-0.92
-0.92
-0.92
-0.92
-0.92
-0.92
-0.92
-0.92
-0.92
-0.92
-0.92
-0.92
-0.92
-0.92
-0.92
-0.92
-0.92
-0.92
-0.92
-0.92
-0.92
-0.92
-0.92
-0.92
-0.92
-0.92
-0.92
-0.92
-0.92
-0.92
-0.92
-0.92
-0.92
-0.92
-0.92
-0.92
-0.92
-0.92
-0.92
-0.92
-0.92
-0.92
-0.92
-0.92
-0.92
-0.92
-0.92
-0.92
-0.92
-0.92
-0.92
-0.92
-0.92
-0.92
-0.92
-0.92
-0.92
-0.92
-0.92
-0.92
-0.92
-0.92
-0.92
-0.92
-0.92
-0.92
-0.92
-0.92
-0.92
-0.92
-0.92
-0.92
-0.92
-0.92
-0.92
-0.92
-0.92
-0.92
-0.92
-0.92
-0.92
-0.92
-0.92
-0.92
-0.92
-0.92
-0.84
-0.84
-0.84
-0.84
-0.84
-0.84
-0.84
-0.84
-0.92
-0.92
-0.92
-0.92
-0.92
-0.5208
-0.6048
-0.6848
-0.6832
-0.6832
-0.6816
-0.6792
-0.6816
-0.7576
-0.756
-0.8376
-0.8416
-0.8432
-0.8464
-0.848
-0.8472
-0.7656
-0.8456
-0.8472
-0.8496
-0.9296
-0.928
-0.9272
-0.9272
-0.9256
-0.9272
-0.9272
-0.9256
-0.9248
-0.9272
-0.928
-0.9272
-0.9296
-0.9304
-0.9312
-0.932
-0.9312
-0.9288
-0.928
-0.9296
-0.9288
-0.928
-0.9264
-0.9272
-0.928
-0.9304
-0.9296
-0.928
-0.928
-0.9288
-0.9296
-0.9304
-0.9304
-0.9296
-0.9296
-0.9288
-0.9272
-0.928
-0.9272
-0.928
-0.9264
-0.9264
-0.9264
-0.928
-0.9288
-0.928
-0.9272
-0.9264
-0.9248
-0.9248
-0.9248
-0.9264
-0.9264
-0.9272
-0.924
-0.9272
-0.9288
-0.928
-0.928
-0.928
-0.9272
-0.9288
-0.9296
-0.9312
-0.932
-0.9336
-0.9352
-0.9336
-0.9344
-0.9352
-0.936
-0.9352
-0.9368
-0.9376
-1.02
-1.02
-1.02
-1.02
-1.02
-1.02
-1.02
-1.02
-1.02
-1.02
-1.02
-1.02
-1.02
-1.02
-1.02
-1.02
-1.02
-1.02
-1.02
-1.02
-1.02
-1.02
-1.02
-1.02
-1.02
-1.02
-1.02
-1.02
-1.02
-1.02
-1.02
-1.02
-1.02
-1.02
-1.02
-1.02
-1.02
-1.02
-1.02
-1.02
-1.02
-1.02
-1.02
-1.02
-1.02
-1.02
-1.02
-1.02
-1.02
-1.02
-1.02
-1.02
-1.02
-1.02
-1.02
-1.02
-1.02
-1.02
-1.02
-1.02
-1.02
-1.02
-1.02
-0.9392
-0.9392
-0.9392
-0.9384
-0.9384
-0.9376
-0.9368
-0.9352
-0.9344
-0.9352
-0.9336
-0.9336
-0.8536
-0.8528
-0.852
-0.9328
-0.9328
-0.9328
-0.9336
-0.9328
-0.9328
-0.932
-0.9328
-0.9344
-0.9344
-0.9336
-0.9328
-0.932
-0.932
-0.9328
-0.932
-0.9312
-0.9304
-0.9304
-0.9312
-0.932
-0.9312
-0.9312
-0.9296
-0.928
-0.928
-0.928
-0.928
-0.9272
-0.928
-0.9288
-0.928
-0.9272
-0.928
-0.9288
-0.9288
-0.9296
-0.9312
-0.9312
-0.932
-0.9288
-0.8472
-0.8448
-0.8456
-0.8464
-0.8456
-0.8464
-0.8448
-0.8432
-0.8448
-0.848
-0.848
-0.848
-0.8504
-0.852
-0.8552
-0.8544
-0.8536
-0.8544
-0.8544
-0.8512
-0.8504
-0.8512
-0.848
-0.848
-0.8504
-0.8504
-0.8512
-0.8496
-0.8504
-0.8512
-0.8512
-0.852
-0.8512
-0.8488
-0.8512
-0.8472
-0.848
-0.8488
-0.848
-0.8488
-0.8488
-0.852
-0.852
-0.8528
-0.9328
-0.9328
-0.9336
-0.9336
-0.936
-0.936
-0.936
-0.9352
-0.936
-0.9368
-0.9384
-0.9368
-0.9376
-1.02
-1.02
-1.02
-1.02
-1.02
-1.02
-1.02
-1.02
-1.02
-1.02
-1.02
-1.02
-1.02
-1.02
-1.02
-1.02
-1.02
-1.02
-1.02
-1.02
-1.02
-1.02
-1.02
-1.02
-1.02
-1.02
-1.02
-1.02
-1.02
-1.02
-1.02
-1.02
-1.02
-1.02
-1.02
-1.02
-1.02
-1.02
-1.02
-1.02
-1.02
-1.02
-1.02
-1.02
-1.02
-1.02
-1.02
-1.02
-1.02
-1.02
-1.02
-1.02
-1.02
-1.02
-1.02
-1.02
-1.02
-1.02
-1.02
-1.02
-1.02
-1.02
-1.02
-1.02
-1.02
-1.02
-1.02
-1.02
-1.02
-1.02
-1.02
-1.02
-1.02
-1.02
-1.02
-1.02
-1.02
-1.02
-1.02
-1.02
-1.02
-1.02
-1.02
-1.02
-1.02
-1.02
-1.02
-1.02
-1.02
-0.9392
-0.9392
-0.9392
-0.9392
-1.02
-1.02
-1.02
-1.02
-1.02
-1.02
-1.02
-1.02
-1.02
-1.02
-1.02
-1.02
-1.02
-1.02
-1.02
-1.02
-1.02
-1.02
-1.02
-1.02
-1.02
-1.02
-1.02
-1.02
-1.02
-1.02
-1.02
-1.02
-1.02
-1.02
-1.02
-1.02
-1.02
-1.02
-1.02
-1.02
-1.02
-1.02
-1.02
-1.02
-1.02
-1.02
-1.02
-1.02
-1.02
-1.02
-1.02
-1.02
-1.02
-1.02
-1.02
-1.02
-1.02
-1.02
-1.02
-1.02
-1.02
-1.02
-0.9384
-0.9392
-0.9392
-1.02
-1.02
-1.02
-1.02
-1.02
-1.02
-1.02
-1.02
-1.02
-1.02
-1.02
-1.02
-1.02
-1.02
-1.02
-1.02
-1.02
-1.02
-1.02
-1.02
-1.02
-1.02
-1.02
-1.02
-1.02
-1.02
-1.02
-1.02
-1.02
-0.9384
-0.9392
-0.9384
-0.936
-0.9376
-0.9376
-0.936
-0.9368
-0.9384
-0.9384
-0.9376
-0.9384
-0.9392
-1.02
-1.02
-1.02
-1.02
-1.02
-1.02
-1.02
-1.02
-1.02
-1.02
-1.02
-1.02
-1.02
-1.02
-1.02
-1.02
-1.02
-1.02
-1.02
-1.02
-1.02
-1.02
-1.02
-1.02
-1.02
-1.02
-1.02
-1.02
-1.02
-1.02
-1.02
-1.02
-1.02
-1.02
-1.02
-1.02
-1.02
-1.02
-1.02
-1.02
-1.02
-1.02
-1.02
-1.02
-1.02
-0.9392
-1.02
-1.02
-1.02
-1.02
-1.02
-1.02
-1.02
-1.02
-1.02
-1.02
-0.9392
-1.02
-1.02
-1.02
-1.02
-1.02
-1.02
-1.02
-1.02
-1.02
-1.02
-1.02
-1.02
-1.02
-1.02
-1.02
-1.02
-1.02
-1.02
-1.02
-1.02
-1.02
-1.02
-1.02
-1.02
-1.02
-1.02
-1.02
-1.02
-1.02
-1.02
-1.02
-1.02
-1.02
-1.02
-1.02
-1.02
-1.02
-1.02
-1.02
-1.02
-1.02
-1.02
-1.02
-1.02
-1.02
-0.9392
-0.9368
-0.9352
-0.9328
-0.9328
-0.9328
-0.9312
-0.9288
-0.9288
-0.9288
-0.9304
-0.9328
-0.9304
-0.8488
-0.8504
-0.8488
-0.8512
-0.932
-0.9336
-0.9328
-0.9328
-0.9312
-0.9296
-0.9296
-0.9312
-0.9312
-0.9312
-0.9296
-0.932
-0.9328
-0.9328
-0.9328
-0.932
-0.9328
-0.932
-0.9312
-0.9296
-0.9288
-0.9312
-0.9312
-0.9304
-0.928
-0.928
-0.928
-0.9272
-0.9288
-0.9272
-0.9256
-0.9248
-0.924
-0.9248
-0.9256
-0.9272
-0.9256
-0.9272
-0.9256
-0.9272
-0.9264
-0.9256
-0.9264
-0.928
-0.9296
-0.9288
-0.932
-0.9336
-0.9336
-0.9328
-0.9328
-0.9336
-0.9352
-0.936
-0.9368
-0.9376
-0.9384
-0.9384
-0.9384
-0.9376
-0.9384
-0.9384
-1.02
-1.02
-1.02
-1.02
-1.02
-1.02
-1.02
-1.02
-1.02
-1.02
-1.02
-1.02
-1.02
-1.02
-1.02
-1.02
-1.02
-1.02
-1.02
-1.02
-1.02
-1.02
-1.02
-1.02
-1.02
-1.02
-1.02
-1.02
-1.02
-1.02
-1.02
-1.02
-1.02
-1.02
-1.02
-1.02
-1.02
-1.02
-1.02
-1.02
-1.02
-0.9392
-0.9384
-1.02
-1.02
-1.02
-1.02
-1.02
-1.02
-1.02
-1.02
-1.02
-1.02
-1.02
-1.02
-1.02
-1.02
-1.02
-1.02
-1.02
-1.02
-1.02
-1.02
-1.02
-1.02
-1.02
-1.02
-1.02
-1.02
-1.02
-1.02
-1.02
-1.02
-1.02
-1.02
-1.02
-1.02
-1.02
-1.02
-1.02
-0.9368
-0.9352
-0.9352
-0.9344
-0.9344
-0.9336
-0.9352
-0.936
-0.9352
-0.936
-0.936
-0.9352
-0.9352
-0.9368
-0.9392
-0.9384
-1.02
-1.02
-1.02
-1.02
-1.02
-1.02
-1.02
-1.02
-1.02
-1.02
-1.02
-1.02
-1.02
-1.02
-1.02
-1.02
-1.02
-1.02
-1.02
-1.02
-1.02
-1.02
-1.02
-1.02
-1.02
-1.02
-1.02
-1.02
-1.02
-1.02
-1.02
-1.02
-1.02
-1.02
-1.02
-1.02
-1.02
-1.02
-1.02
-1.02
-1.02
-1.02
-1.02
-1.02
-1.02
-1.02
-1.02
-1.02
-1.02
-1.02
-1.02
-1.02
-1.02
-1.02
-1.02
-1.02
-1.02
-1.02
-1.02
-1.02
-1.02
-1.02
-1.02
-1.02
-1.02
-1.02
-1.02
-1.02
-1.02
-1.02
-1.02
-1.02
-1.02
-1.02
-1.02
-1.02
-1.02
-1.02
-1.02
-1.02
-1.02
-1.02
-1.02
-1.02
-1.02
-1.02
-1.02
-1.02
-1.02
-1.02
-1.02
-1.02
-1.02
-1.02
-1.02
-1.02
-1.02
-1.02
-1.02
-1.02
-1.02
-1.02
-1.02
-1.02
-1.02
-1.02
-1.02
-1.02
-1.02
-1.02
-1.02
-1.02
-1.02
-1.02
-1.02
-1.02
-1.02
-1.02
-1.02
-1.02
-1.02
-1.02
-1.02
-1.02
-1.02
-1.02
-1.02
-1.02
-1.02
-1.02
-1.02
-1.02
-1.02
-1.02
-1.02
-1.02
-1.02
-1.02
-1.02
-1.02
-1.02
-1.02
-1.02
-1.02
-1.02
-1.02
-1.02
-1.02
-1.02
-1.02
-1.02
-1.02
-1.02
-1.02
-1.02
-1.02
-1.02
-1.02
-1.02
-1.02
-1.02
-1.02
-1.02
-1.02
-1.02
-1.02
-1.02
-1.02
-1.02
-1.02
-1.02
-1.02
-1.02
-1.02
-1.02
-1.02
-1.02
-1.02
-1.02
-1.02
-1.02
-1.02
-1.02
-1.02
-1.02
-1.02
-1.02
-1.02
-1.02
-1.02
-1.02
-1.02
-1.02
-1.02
-1.02
-1.02
-1.02
-1.02
-1.02
-1.02
-1.02
-1.02
-1.02
-1.02
-1.02
-1.02
-1.02
-1.02
-1.02
-1.02
-1.02
-1.02
-1.02
-1.02
-1.02
-1.02
-1.02
-1.02
-1.02
-1.02
-1.02
-1.02
-1.02
-1.02
-1.02
-1.02
-1.02
-1.02
-1.02
-1.02
-1.02
-1.02
-1.02
-1.02
-1.02
-1.02
-1.02
-1.02
-1.02
-1.02
-1.02
-1.02
-1.02
-1.02
-0.9392
-0.9368
-0.9376
-0.9368
-0.9336
-0.9336
-0.9328
-0.9328
-0.9328
-0.932
-0.9312
-0.9304
-0.9296
