29.3503
29.768
30.7723
31.3031
31.3389
31.545
31.5674
31.6232
31.6372
31.7439
31.883
31.9502
32.125
32.3535
32.487
32.6306
32.6785
32.7041
32.716
32.8082
32.8945
33.2532
33.2629
33.3406
33.6899
33.7404
33.7938
33.8811
33.9194
33.9915
34.0537
34.1438
34.1784
34.2735
34.281
34.2994
34.3227
34.4456
34.4478
34.4758
34.4897
34.5254
34.5303
34.5378
34.6344
34.7221
34.7432
34.9133
35.0325
35.196
35.4198
35.4956
35.6183
35.6478
35.66
35.6682
35.7456
35.7478
35.7522
35.9037
35.9339
36.0225
36.0357
36.0892
36.0901
36.1021
36.1319
36.3257
36.4891
36.5336
36.5943
36.7039
36.7242
36.7335
36.7453
36.844
36.9845
37.0929
37.1334
37.1684
37.5084
37.5555
37.7192
37.8295
37.854
37.9101
38.1731
38.1897
38.4307
38.4557
38.7151
38.9402
38.9707
38.9725
39.4889
39.8439
39.9482
40.1682
41.0199
41.3167
