28.1486
30.4654
30.8288
31.0402
31.0496
31.0601
31.0926
31.1377
31.3881
31.4736
31.606
31.7102
31.799
31.9086
32.068
32.1634
32.2476
32.3995
32.4503
32.5797
32.6324
32.7864
32.8204
32.9963
33.0485
33.0505
33.0581
33.0737
33.1099
33.1127
33.2905
33.425
33.61
33.8509
34.0745
34.0871
34.1628
34.1662
34.1899
34.3466
34.4307
34.5192
34.7006
34.779
34.8259
34.8436
34.8501
34.9924
35.1526
35.1741
35.2952
35.3729
35.4308
35.4368
35.5785
35.6304
35.6606
35.6866
35.9372
35.9486
36.1797
36.1822
36.2701
36.304
36.4231
36.4446
36.4506
36.5119
36.5573
36.5781
36.6674
36.6678
36.7016
36.9595
37.0206
37.1294
37.1966
37.2534
37.3025
37.4603
37.5409
37.5943
37.7598
37.9181
37.9746
38.1483
38.1545
38.3642
38.5339
38.5941
38.756
39.0878
39.4867
39.8677
40.1067
40.5779
40.8084
41.0382
41.0732
41.9249
