30.3897
30.5533
30.6078
30.9845
31.1686
31.1696
31.2341
31.5057
31.6356
31.7371
31.8743
31.9162
31.9711
32.3131
32.3446
32.349
32.4109
32.4326
32.4453
32.5819
32.6122
32.6315
32.6472
32.6857
32.6886
32.7083
32.8504
32.958
33.0761
33.1328
33.1621
33.1777
33.3421
33.3459
33.4341
33.5168
33.6171
33.6187
33.6661
33.6842
33.8462
33.8867
34.0551
34.1039
34.3822
34.401
34.4183
34.4209
34.4547
34.4572
34.4692
34.5164
34.573
34.7091
34.8666
34.9297
35.0609
35.0653
35.1382
35.2614
35.3199
35.4102
35.4736
35.68
35.7147
36.1258
36.2062
36.2204
36.2706
36.3907
36.5328
36.5543
36.5572
36.5689
36.6041
36.6119
36.6749
36.863
36.9409
37.0732
37.3169
37.4394
37.5537
37.5753
37.5952
37.6024
37.7675
38.0351
38.1121
38.1198
38.3109
38.3651
38.4372
38.5908
38.6213
38.8916
38.9643
40.0546
40.568
40.9482
