29.6873
30.62
31.1343
31.1824
31.264
31.3875
31.4359
31.4953
31.5903
31.5905
31.7694
31.7701
32.3208
32.3509
32.3553
32.373
32.5362
32.5435
32.8536
33.004
33.0179
33.0332
33.0446
33.1867
33.3474
33.3865
33.4032
33.5164
33.9749
34.1174
34.1791
34.2308
34.2983
34.3241
34.3716
34.4498
34.4822
34.5853
34.6085
34.7013
34.7107
34.7195
34.7555
34.8167
34.907
34.9562
34.9593
35.0895
35.1115
35.2099
35.2652
35.2716
35.3735
35.3855
35.3987
35.5695
35.653
35.7439
35.8041
35.8192
35.8867
35.9768
36.2518
36.2878
36.4847
36.5802
36.5878
36.7229
36.7415
36.7538
36.7538
36.7875
36.8104
36.9363
36.9838
36.988
37.1555
37.4318
37.449
37.4625
37.5763
37.5831
37.6173
37.7213
37.9253
37.9778
37.9969
38.1434
38.1504
38.1631
38.1852
38.2341
38.2976
38.512
39.2373
39.317
39.7156
39.8643
40.3657
41.0112
